<?xml version="1.0" encoding="utf-8"?><testsuites><testsuite errors="0" failures="0" hostname="fv-az1149-288" name="pytest" skipped="116" tests="1482" time="7.690" timestamp="2024-01-12T10:26:14.102595"><testcase classname="tests.test_plugin_installed" name="test_pytest_cases_plugin_installed" time="0.001" /><testcase classname="tests.cases.doc.test_doc" name="test_foo1[1-2]" time="0.001" /><testcase classname="tests.cases.doc.test_doc" name="test_foo1[-1--2]" time="0.001" /><testcase classname="tests.cases.doc.test_doc" name="test_foo1_synthesis" time="0.004" /><testcase classname="tests.cases.doc.test_doc" name="test_foo_default_cases_file[two_positive_ints]" time="0.001" /><testcase classname="tests.cases.doc.test_doc" name="test_foo_default_cases_file[two_negative_ints]" time="0.001" /><testcase classname="tests.cases.doc.test_doc" name="test_foo_default_cases_file_synthesis" time="0.003" /><testcase classname="tests.cases.doc.test_doc" name="test_foo_fun[strange_ints]" time="0.001" /><testcase classname="tests.cases.doc.test_doc" name="test_foo_fun_synthesis" time="0.003" /><testcase classname="tests.cases.doc.test_doc" name="test_foo_fun_list[strange_ints0]" time="0.001" /><testcase classname="tests.cases.doc.test_doc" name="test_foo_fun_list[strange_ints1]" time="0.001" /><testcase classname="tests.cases.doc.test_doc" name="test_foo_fun_list_synthesis" time="0.003" /><testcase classname="tests.cases.doc.test_doc" name="test_foo_cls[toto]" time="0.001" /><testcase classname="tests.cases.doc.test_doc" name="test_foo_cls[foo]" time="0.001" /><testcase classname="tests.cases.doc.test_doc" name="test_foo_cls[hello world]" time="0.001" /><testcase classname="tests.cases.doc.test_doc" name="test_foo_cls[skipped]" time="0.000"><skipped message="unconditional skip" type="pytest.skip">/home/runner/work/python-pytest-cases/python-pytest-cases/tests/cases/doc/test_doc.py:100: unconditional skip</skipped></testcase><testcase classname="tests.cases.doc.test_doc" name="test_foo_cls[two_negative_ints]" time="0.001" /><testcase classname="tests.cases.doc.test_doc" name="test_foo_cls_synthesis" time="0.003" /><testcase classname="tests.cases.doc.test_doc" name="test_foo_cls_list[toto0]" time="0.001" /><testcase classname="tests.cases.doc.test_doc" name="test_foo_cls_list[foo0]" time="0.001" /><testcase classname="tests.cases.doc.test_doc" name="test_foo_cls_list[hello world0]" time="0.001" /><testcase classname="tests.cases.doc.test_doc" name="test_foo_cls_list[skipped0]" time="0.000"><skipped message="unconditional skip" type="pytest.skip">/home/runner/work/python-pytest-cases/python-pytest-cases/tests/cases/doc/test_doc.py:123: unconditional skip</skipped></testcase><testcase classname="tests.cases.doc.test_doc" name="test_foo_cls_list[two_negative_ints0]" time="0.001" /><testcase classname="tests.cases.doc.test_doc" name="test_foo_cls_list[strange_ints]" time="0.001" /><testcase classname="tests.cases.doc.test_doc" name="test_foo_cls_list[toto1]" time="0.001" /><testcase classname="tests.cases.doc.test_doc" name="test_foo_cls_list[foo1]" time="0.001" /><testcase classname="tests.cases.doc.test_doc" name="test_foo_cls_list[hello]" time="0.001" /><testcase classname="tests.cases.doc.test_doc" name="test_foo_cls_list[skipped1]" time="0.000"><skipped message="unconditional skip" type="pytest.skip">/home/runner/work/python-pytest-cases/python-pytest-cases/tests/cases/doc/test_doc.py:123: unconditional skip</skipped></testcase><testcase classname="tests.cases.doc.test_doc" name="test_foo_cls_list[two_negative_ints1]" time="0.001" /><testcase classname="tests.cases.doc.test_doc" name="test_foo_cls_list[three_negative_ints]" time="0.000"><skipped message="unconditional skip" type="pytest.skip">/home/runner/work/python-pytest-cases/python-pytest-cases/tests/cases/doc/test_doc.py:123: unconditional skip</skipped></testcase><testcase classname="tests.cases.doc.test_doc" name="test_foo_cls_list[two_negative_ints2]" time="0.001" /><testcase classname="tests.cases.doc.test_doc" name="test_foo_cls_list[toto2]" time="0.001" /><testcase classname="tests.cases.doc.test_doc" name="test_foo_cls_list[foo2]" time="0.001" /><testcase classname="tests.cases.doc.test_doc" name="test_foo_cls_list[hello world1]" time="0.001" /><testcase classname="tests.cases.doc.test_doc" name="test_foo_cls_list[skipped2]" time="0.000"><skipped message="unconditional skip" type="pytest.skip">/home/runner/work/python-pytest-cases/python-pytest-cases/tests/cases/doc/test_doc.py:123: unconditional skip</skipped></testcase><testcase classname="tests.cases.doc.test_doc" name="test_foo_cls_list[two_negative_ints3]" time="0.001" /><testcase classname="tests.cases.doc.test_doc" name="test_foo_cls_list[two_positive_ints]" time="0.001" /><testcase classname="tests.cases.doc.test_doc" name="test_foo_cls_list[two_negative_ints4]" time="0.001" /><testcase classname="tests.cases.doc.test_doc" name="test_foo_cls_list_synthesis" time="0.004" /><testcase classname="tests.cases.doc.test_doc" name="test_foo_parametrize_fixture[two_positive_ints]" time="0.001" /><testcase classname="tests.cases.doc.test_doc" name="test_foo_parametrize_fixture[two_negative_ints]" time="0.001" /><testcase classname="tests.cases.doc.test_doc" name="test_foo_parametrize_fixture_synthesis" time="0.003" /><testcase classname="tests.cases.doc.test_doc_alternate" name="test_foo_alternate_cases_file_and_two_marked_skip[toto]" time="0.001" /><testcase classname="tests.cases.doc.test_doc_alternate" name="test_foo_alternate_cases_file_and_two_marked_skip[foo]" time="0.001" /><testcase classname="tests.cases.doc.test_doc_alternate" name="test_foo_alternate_cases_file_and_two_marked_skip[hello]" time="0.001" /><testcase classname="tests.cases.doc.test_doc_alternate" name="test_foo_alternate_cases_file_and_two_marked_skip[skipped]" time="0.000"><skipped message="unconditional skip" type="pytest.skip">/home/runner/work/python-pytest-cases/python-pytest-cases/tests/cases/doc/test_doc_alternate.py:14: unconditional skip</skipped></testcase><testcase classname="tests.cases.doc.test_doc_alternate" name="test_foo_alternate_cases_file_and_two_marked_skip[two_negative_ints0]" time="0.001" /><testcase classname="tests.cases.doc.test_doc_alternate" name="test_foo_alternate_cases_file_and_two_marked_skip[three_negative_ints]" time="0.000"><skipped message="unconditional skip" type="pytest.skip">/home/runner/work/python-pytest-cases/python-pytest-cases/tests/cases/doc/test_doc_alternate.py:14: unconditional skip</skipped></testcase><testcase classname="tests.cases.doc.test_doc_alternate" name="test_foo_alternate_cases_file_and_two_marked_skip[two_negative_ints1]" time="0.001" /><testcase classname="tests.cases.doc.test_doc_alternate" name="test_foo_alternate_cases_file_and_two_marked_skip_synthesis" time="0.004" /><testcase classname="tests.cases.doc.test_doc_cache" name="test_caching[dummy-a=0-d=0]" time="0.001" /><testcase classname="tests.cases.doc.test_doc_cache" name="test_caching[dummy-a=0-d=1]" time="0.001" /><testcase classname="tests.cases.doc.test_doc_cache" name="test_caching[dummy-a=1-d=0]" time="0.001" /><testcase classname="tests.cases.doc.test_doc_cache" name="test_caching[dummy-a=1-d=1]" time="0.001" /><testcase classname="tests.cases.doc.test_doc_cache" name="test_synthesis" time="0.004" /><testcase classname="tests.cases.doc.test_doc_debug" name="test_default_idstyle[hello]" time="0.001" /><testcase classname="tests.cases.doc.test_doc_debug" name="test_default_idstyle[hello_fixture-you]" time="0.001" /><testcase classname="tests.cases.doc.test_doc_debug" name="test_default_idstyle[hello_fixture-earthling]" time="0.001" /><testcase classname="tests.cases.doc.test_doc_debug" name="test_compact_idstyle[/hello]" time="0.001" /><testcase classname="tests.cases.doc.test_doc_debug" name="test_compact_idstyle[/hello_fixture-you]" time="0.001" /><testcase classname="tests.cases.doc.test_doc_debug" name="test_compact_idstyle[/hello_fixture-earthling]" time="0.001" /><testcase classname="tests.cases.doc.test_doc_debug" name="test_explicit_idstyle[msg/hello]" time="0.001" /><testcase classname="tests.cases.doc.test_doc_debug" name="test_explicit_idstyle[msg/hello_fixture-you]" time="0.001" /><testcase classname="tests.cases.doc.test_doc_debug" name="test_explicit_idstyle[msg/hello_fixture-earthling]" time="0.001" /><testcase classname="tests.cases.doc.test_doc_debug" name="test_synthesis" time="0.004" /><testcase classname="tests.cases.doc.test_doc_filters_n_tags" name="test_default_pytest_order[bob-a]" time="0.001" /><testcase classname="tests.cases.doc.test_doc_filters_n_tags" name="test_default_pytest_order[bob-b]" time="0.001" /><testcase classname="tests.cases.doc.test_doc_filters_n_tags" name="test_with_data_non_param[bob-a]" time="0.001" /><testcase classname="tests.cases.doc.test_doc_filters_n_tags" name="test_with_data_non_param[bob-b]" time="0.001" /><testcase classname="tests.cases.doc.test_doc_filters_n_tags" name="test_with_data_param[a-bob]" time="0.001" /><testcase classname="tests.cases.doc.test_doc_filters_n_tags" name="test_with_data_param[b-True-bob]" time="0.001" /><testcase classname="tests.cases.doc.test_doc_filters_n_tags" name="test_with_data_param[b-False-bob]" time="0.001" /><testcase classname="tests.cases.doc.test_doc_filters_n_tags" name="test_with_data_synthesis" time="0.004" /><testcase classname="tests.cases.doc.test_doc_filters_n_tags" name="test_foo[one_positive_int]" time="0.001" /><testcase classname="tests.cases.doc.test_doc_filters_n_tags" name="test_foo_fixtures_synthesis" time="0.004" /><testcase classname="tests.cases.doc.test_doc_filters_n_tags2" name="test_good_datasets[int_success]" time="0.001" /><testcase classname="tests.cases.doc.test_doc_filters_n_tags2" name="test_bad_datasets[negative_int_failure]" time="0.001" /><testcase classname="tests.cases.doc.test_doc_filters_n_tags2" name="test_synthesis" time="0.004" /><testcase classname="tests.cases.doc.test_doc_filters_n_tags2" name="test_good_datasets2[int_success]" time="0.001" /><testcase classname="tests.cases.doc.test_doc_filters_n_tags2" name="test_bad_datasets2[negative_int_failure]" time="0.001" /><testcase classname="tests.cases.doc.test_doc_filters_n_tags2" name="test_synthesis2" time="0.004" /><testcase classname="tests.cases.doc.test_doc_get_current_case_id" name="test_lazy_val_case[b]" time="0.001" /><testcase classname="tests.cases.doc.test_doc_get_current_case_id" name="test_lazy_val_case_2_args[b]" time="0.001" /><testcase classname="tests.cases.doc.test_doc_get_current_case_id" name="test_fixture_case[a]" time="0.001" /><testcase classname="tests.cases.doc.test_doc_get_current_case_id" name="test_fixture_case_2_args[a]" time="0.001" /><testcase classname="tests.cases.doc.test_doc_get_current_cases" name="test_get_current_case[a-nb=1-a]" time="0.002" /><testcase classname="tests.cases.doc.test_doc_ids" name="test_foo[#hello#]" time="0.001" /><testcase classname="tests.cases.doc.test_doc_ids" name="test_foo[#hello_world#]" time="0.001" /><testcase classname="tests.cases.doc.test_doc_ids" name="test_foo[#hello_name#-you]" time="0.001" /><testcase classname="tests.cases.doc.test_doc_ids" name="test_foo[#hello_name#-earthling]" time="0.001" /><testcase classname="tests.cases.doc.test_doc_ids" name="test_synthesis" time="0.004" /><testcase classname="tests.cases.doc.test_fixtures" name="test_users[bob]" time="0.001" /><testcase classname="tests.cases.doc.test_fixtures" name="test_users[from_db-id=0]" time="0.001" /><testcase classname="tests.cases.doc.test_fixtures" name="test_users[from_db-id=1]" time="0.001" /><testcase classname="tests.cases.doc.test_fixtures" name="test_users_synthesis" time="0.004" /><testcase classname="tests.cases.doc.test_generators" name="test_foo[hello]" time="0.001" /><testcase classname="tests.cases.doc.test_generators" name="test_foo[simple_generator-who=you]" time="0.001" /><testcase classname="tests.cases.doc.test_generators" name="test_foo[simple_generator-who=there]" time="0.000"><skipped message="unconditional skip" type="pytest.skip">/home/runner/work/python-pytest-cases/python-pytest-cases/tests/cases/doc/test_generators.py:24: unconditional skip</skipped></testcase><testcase classname="tests.cases.doc.test_generators" name="test_foo_synthesis" time="0.003" /><testcase classname="tests.cases.doc.test_generators" name="test_foo_multi[hello]" time="0.001" /><testcase classname="tests.cases.doc.test_generators" name="test_foo_multi[simple_generator-who=you-a=5-b=5]" time="0.000"><skipped message="unconditional skip" type="pytest.skip">/home/runner/work/python-pytest-cases/python-pytest-cases/tests/cases/doc/test_generators.py:48: unconditional skip</skipped></testcase><testcase classname="tests.cases.doc.test_generators" name="test_foo_multi[simple_generator-who=you-a=10-b=10]" time="0.000"><skipped message="unconditional skip" type="pytest.skip">/home/runner/work/python-pytest-cases/python-pytest-cases/tests/cases/doc/test_generators.py:48: unconditional skip</skipped></testcase><testcase classname="tests.cases.doc.test_generators" name="test_foo_multi[simple_generator-who=there-a=5-b=5]" time="0.001" /><testcase classname="tests.cases.doc.test_generators" name="test_foo_multi[simple_generator-who=there-a=10-b=10]" time="0.001" /><testcase classname="tests.cases.doc.test_generators" name="test_foo_multi_synthesis" time="0.003" /><testcase classname="tests.cases.doc.test_get_current_cases" name="test_local_cases[a-custom_id-a-custom_id]" time="0.002" /><testcase classname="tests.cases.doc.test_get_current_cases" name="test_local_cases[a-custom_id-a-a_fixture]" time="0.002" /><testcase classname="tests.cases.doc.test_get_current_cases" name="test_local_cases[a-custom_id-b-custom_id]" time="0.002" /><testcase classname="tests.cases.doc.test_get_current_cases" name="test_local_cases[a-custom_id-b-a_fixture]" time="0.002" /><testcase classname="tests.cases.doc.test_get_current_cases" name="test_local_cases[a-custom_id-custom_id-custom_id]" time="0.002" /><testcase classname="tests.cases.doc.test_get_current_cases" name="test_local_cases[a-custom_id-custom_id-a_fixture]" time="0.002" /><testcase classname="tests.cases.doc.test_get_current_cases" name="test_local_cases[b-custom_id-a-custom_id]" time="0.003" /><testcase classname="tests.cases.doc.test_get_current_cases" name="test_local_cases[b-custom_id-a-a_fixture]" time="0.002" /><testcase classname="tests.cases.doc.test_get_current_cases" name="test_local_cases[b-custom_id-b-custom_id]" time="0.002" /><testcase classname="tests.cases.doc.test_get_current_cases" name="test_local_cases[b-custom_id-b-a_fixture]" time="0.002" /><testcase classname="tests.cases.doc.test_get_current_cases" name="test_local_cases[b-custom_id-custom_id-custom_id]" time="0.002" /><testcase classname="tests.cases.doc.test_get_current_cases" name="test_local_cases[b-custom_id-custom_id-a_fixture]" time="0.002" /><testcase classname="tests.cases.doc.test_get_current_cases" name="test_separate_cases_file[a-custom_id-a-custom_id]" time="0.002" /><testcase classname="tests.cases.doc.test_get_current_cases" name="test_separate_cases_file[a-custom_id-a-a_fixture]" time="0.003" /><testcase classname="tests.cases.doc.test_get_current_cases" name="test_separate_cases_file[a-custom_id-b-custom_id]" time="0.002" /><testcase classname="tests.cases.doc.test_get_current_cases" name="test_separate_cases_file[a-custom_id-b-a_fixture]" time="0.002" /><testcase classname="tests.cases.doc.test_get_current_cases" name="test_separate_cases_file[a-custom_id-custom_id-custom_id]" time="0.002" /><testcase classname="tests.cases.doc.test_get_current_cases" name="test_separate_cases_file[a-custom_id-custom_id-a_fixture]" time="0.002" /><testcase classname="tests.cases.doc.test_get_current_cases" name="test_separate_cases_file[b-custom_id-a-custom_id]" time="0.003" /><testcase classname="tests.cases.doc.test_get_current_cases" name="test_separate_cases_file[b-custom_id-a-a_fixture]" time="0.002" /><testcase classname="tests.cases.doc.test_get_current_cases" name="test_separate_cases_file[b-custom_id-b-custom_id]" time="0.002" /><testcase classname="tests.cases.doc.test_get_current_cases" name="test_separate_cases_file[b-custom_id-b-a_fixture]" time="0.002" /><testcase classname="tests.cases.doc.test_get_current_cases" name="test_separate_cases_file[b-custom_id-custom_id-custom_id]" time="0.002" /><testcase classname="tests.cases.doc.test_get_current_cases" name="test_separate_cases_file[b-custom_id-custom_id-a_fixture]" time="0.002" /><testcase classname="tests.cases.doc.test_get_current_cases" name="test_local_cases_with_fix[a-custom_id-a-custom_id-a-custom_id-a-custom_id]" time="0.004" /><testcase classname="tests.cases.doc.test_get_current_cases" name="test_local_cases_with_fix[a-custom_id-a-custom_id-a-custom_id-a-a_fixture]" time="0.004" /><testcase classname="tests.cases.doc.test_get_current_cases" name="test_local_cases_with_fix[a-custom_id-a-custom_id-a-custom_id-b-custom_id]" time="0.004" /><testcase classname="tests.cases.doc.test_get_current_cases" name="test_local_cases_with_fix[a-custom_id-a-custom_id-a-custom_id-b-a_fixture]" time="0.004" /><testcase classname="tests.cases.doc.test_get_current_cases" name="test_local_cases_with_fix[a-custom_id-a-custom_id-a-custom_id-custom_id-custom_id]" time="0.004" /><testcase classname="tests.cases.doc.test_get_current_cases" name="test_local_cases_with_fix[a-custom_id-a-custom_id-a-custom_id-custom_id-a_fixture]" time="0.004" /><testcase classname="tests.cases.doc.test_get_current_cases" name="test_local_cases_with_fix[a-custom_id-a-custom_id-b-custom_id-a-custom_id]" time="0.004" /><testcase classname="tests.cases.doc.test_get_current_cases" name="test_local_cases_with_fix[a-custom_id-a-custom_id-b-custom_id-a-a_fixture]" time="0.004" /><testcase classname="tests.cases.doc.test_get_current_cases" name="test_local_cases_with_fix[a-custom_id-a-custom_id-b-custom_id-b-custom_id]" time="0.004" /><testcase classname="tests.cases.doc.test_get_current_cases" name="test_local_cases_with_fix[a-custom_id-a-custom_id-b-custom_id-b-a_fixture]" time="0.004" /><testcase classname="tests.cases.doc.test_get_current_cases" name="test_local_cases_with_fix[a-custom_id-a-custom_id-b-custom_id-custom_id-custom_id]" time="0.004" /><testcase classname="tests.cases.doc.test_get_current_cases" name="test_local_cases_with_fix[a-custom_id-a-custom_id-b-custom_id-custom_id-a_fixture]" time="0.004" /><testcase classname="tests.cases.doc.test_get_current_cases" name="test_local_cases_with_fix[a-custom_id-a-a_fixture-a-custom_id-a-custom_id]" time="0.004" /><testcase classname="tests.cases.doc.test_get_current_cases" name="test_local_cases_with_fix[a-custom_id-a-a_fixture-a-custom_id-a-a_fixture]" time="0.004" /><testcase classname="tests.cases.doc.test_get_current_cases" name="test_local_cases_with_fix[a-custom_id-a-a_fixture-a-custom_id-b-custom_id]" time="0.004" /><testcase classname="tests.cases.doc.test_get_current_cases" name="test_local_cases_with_fix[a-custom_id-a-a_fixture-a-custom_id-b-a_fixture]" time="0.004" /><testcase classname="tests.cases.doc.test_get_current_cases" name="test_local_cases_with_fix[a-custom_id-a-a_fixture-a-custom_id-custom_id-custom_id]" time="0.004" /><testcase classname="tests.cases.doc.test_get_current_cases" name="test_local_cases_with_fix[a-custom_id-a-a_fixture-a-custom_id-custom_id-a_fixture]" time="0.004" /><testcase classname="tests.cases.doc.test_get_current_cases" name="test_local_cases_with_fix[a-custom_id-a-a_fixture-b-custom_id-a-custom_id]" time="0.004" /><testcase classname="tests.cases.doc.test_get_current_cases" name="test_local_cases_with_fix[a-custom_id-a-a_fixture-b-custom_id-a-a_fixture]" time="0.004" /><testcase classname="tests.cases.doc.test_get_current_cases" name="test_local_cases_with_fix[a-custom_id-a-a_fixture-b-custom_id-b-custom_id]" time="0.004" /><testcase classname="tests.cases.doc.test_get_current_cases" name="test_local_cases_with_fix[a-custom_id-a-a_fixture-b-custom_id-b-a_fixture]" time="0.004" /><testcase classname="tests.cases.doc.test_get_current_cases" name="test_local_cases_with_fix[a-custom_id-a-a_fixture-b-custom_id-custom_id-custom_id]" time="0.004" /><testcase classname="tests.cases.doc.test_get_current_cases" name="test_local_cases_with_fix[a-custom_id-a-a_fixture-b-custom_id-custom_id-a_fixture]" time="0.004" /><testcase classname="tests.cases.doc.test_get_current_cases" name="test_local_cases_with_fix[a-custom_id-b-custom_id-a-custom_id-a-custom_id]" time="0.004" /><testcase classname="tests.cases.doc.test_get_current_cases" name="test_local_cases_with_fix[a-custom_id-b-custom_id-a-custom_id-a-a_fixture]" time="0.004" /><testcase classname="tests.cases.doc.test_get_current_cases" name="test_local_cases_with_fix[a-custom_id-b-custom_id-a-custom_id-b-custom_id]" time="0.004" /><testcase classname="tests.cases.doc.test_get_current_cases" name="test_local_cases_with_fix[a-custom_id-b-custom_id-a-custom_id-b-a_fixture]" time="0.004" /><testcase classname="tests.cases.doc.test_get_current_cases" name="test_local_cases_with_fix[a-custom_id-b-custom_id-a-custom_id-custom_id-custom_id]" time="0.004" /><testcase classname="tests.cases.doc.test_get_current_cases" name="test_local_cases_with_fix[a-custom_id-b-custom_id-a-custom_id-custom_id-a_fixture]" time="0.004" /><testcase classname="tests.cases.doc.test_get_current_cases" name="test_local_cases_with_fix[a-custom_id-b-custom_id-b-custom_id-a-custom_id]" time="0.004" /><testcase classname="tests.cases.doc.test_get_current_cases" name="test_local_cases_with_fix[a-custom_id-b-custom_id-b-custom_id-a-a_fixture]" time="0.004" /><testcase classname="tests.cases.doc.test_get_current_cases" name="test_local_cases_with_fix[a-custom_id-b-custom_id-b-custom_id-b-custom_id]" time="0.004" /><testcase classname="tests.cases.doc.test_get_current_cases" name="test_local_cases_with_fix[a-custom_id-b-custom_id-b-custom_id-b-a_fixture]" time="0.004" /><testcase classname="tests.cases.doc.test_get_current_cases" name="test_local_cases_with_fix[a-custom_id-b-custom_id-b-custom_id-custom_id-custom_id]" time="0.004" /><testcase classname="tests.cases.doc.test_get_current_cases" name="test_local_cases_with_fix[a-custom_id-b-custom_id-b-custom_id-custom_id-a_fixture]" time="0.004" /><testcase classname="tests.cases.doc.test_get_current_cases" name="test_local_cases_with_fix[a-custom_id-b-a_fixture-a-custom_id-a-custom_id]" time="0.004" /><testcase classname="tests.cases.doc.test_get_current_cases" name="test_local_cases_with_fix[a-custom_id-b-a_fixture-a-custom_id-a-a_fixture]" time="0.004" /><testcase classname="tests.cases.doc.test_get_current_cases" name="test_local_cases_with_fix[a-custom_id-b-a_fixture-a-custom_id-b-custom_id]" time="0.004" /><testcase classname="tests.cases.doc.test_get_current_cases" name="test_local_cases_with_fix[a-custom_id-b-a_fixture-a-custom_id-b-a_fixture]" time="0.004" /><testcase classname="tests.cases.doc.test_get_current_cases" name="test_local_cases_with_fix[a-custom_id-b-a_fixture-a-custom_id-custom_id-custom_id]" time="0.004" /><testcase classname="tests.cases.doc.test_get_current_cases" name="test_local_cases_with_fix[a-custom_id-b-a_fixture-a-custom_id-custom_id-a_fixture]" time="0.004" /><testcase classname="tests.cases.doc.test_get_current_cases" name="test_local_cases_with_fix[a-custom_id-b-a_fixture-b-custom_id-a-custom_id]" time="0.004" /><testcase classname="tests.cases.doc.test_get_current_cases" name="test_local_cases_with_fix[a-custom_id-b-a_fixture-b-custom_id-a-a_fixture]" time="0.005" /><testcase classname="tests.cases.doc.test_get_current_cases" name="test_local_cases_with_fix[a-custom_id-b-a_fixture-b-custom_id-b-custom_id]" time="0.004" /><testcase classname="tests.cases.doc.test_get_current_cases" name="test_local_cases_with_fix[a-custom_id-b-a_fixture-b-custom_id-b-a_fixture]" time="0.004" /><testcase classname="tests.cases.doc.test_get_current_cases" name="test_local_cases_with_fix[a-custom_id-b-a_fixture-b-custom_id-custom_id-custom_id]" time="0.004" /><testcase classname="tests.cases.doc.test_get_current_cases" name="test_local_cases_with_fix[a-custom_id-b-a_fixture-b-custom_id-custom_id-a_fixture]" time="0.004" /><testcase classname="tests.cases.doc.test_get_current_cases" name="test_local_cases_with_fix[a-custom_id-custom_id-custom_id-a-custom_id-a-custom_id]" time="0.004" /><testcase classname="tests.cases.doc.test_get_current_cases" name="test_local_cases_with_fix[a-custom_id-custom_id-custom_id-a-custom_id-a-a_fixture]" time="0.004" /><testcase classname="tests.cases.doc.test_get_current_cases" name="test_local_cases_with_fix[a-custom_id-custom_id-custom_id-a-custom_id-b-custom_id]" time="0.004" /><testcase classname="tests.cases.doc.test_get_current_cases" name="test_local_cases_with_fix[a-custom_id-custom_id-custom_id-a-custom_id-b-a_fixture]" time="0.004" /><testcase classname="tests.cases.doc.test_get_current_cases" name="test_local_cases_with_fix[a-custom_id-custom_id-custom_id-a-custom_id-custom_id-custom_id]" time="0.004" /><testcase classname="tests.cases.doc.test_get_current_cases" name="test_local_cases_with_fix[a-custom_id-custom_id-custom_id-a-custom_id-custom_id-a_fixture]" time="0.004" /><testcase classname="tests.cases.doc.test_get_current_cases" name="test_local_cases_with_fix[a-custom_id-custom_id-custom_id-b-custom_id-a-custom_id]" time="0.004" /><testcase classname="tests.cases.doc.test_get_current_cases" name="test_local_cases_with_fix[a-custom_id-custom_id-custom_id-b-custom_id-a-a_fixture]" time="0.004" /><testcase classname="tests.cases.doc.test_get_current_cases" name="test_local_cases_with_fix[a-custom_id-custom_id-custom_id-b-custom_id-b-custom_id]" time="0.004" /><testcase classname="tests.cases.doc.test_get_current_cases" name="test_local_cases_with_fix[a-custom_id-custom_id-custom_id-b-custom_id-b-a_fixture]" time="0.004" /><testcase classname="tests.cases.doc.test_get_current_cases" name="test_local_cases_with_fix[a-custom_id-custom_id-custom_id-b-custom_id-custom_id-custom_id]" time="0.004" /><testcase classname="tests.cases.doc.test_get_current_cases" name="test_local_cases_with_fix[a-custom_id-custom_id-custom_id-b-custom_id-custom_id-a_fixture]" time="0.004" /><testcase classname="tests.cases.doc.test_get_current_cases" name="test_local_cases_with_fix[a-custom_id-custom_id-a_fixture-a-custom_id-a-custom_id]" time="0.004" /><testcase classname="tests.cases.doc.test_get_current_cases" name="test_local_cases_with_fix[a-custom_id-custom_id-a_fixture-a-custom_id-a-a_fixture]" time="0.004" /><testcase classname="tests.cases.doc.test_get_current_cases" name="test_local_cases_with_fix[a-custom_id-custom_id-a_fixture-a-custom_id-b-custom_id]" time="0.004" /><testcase classname="tests.cases.doc.test_get_current_cases" name="test_local_cases_with_fix[a-custom_id-custom_id-a_fixture-a-custom_id-b-a_fixture]" time="0.004" /><testcase classname="tests.cases.doc.test_get_current_cases" name="test_local_cases_with_fix[a-custom_id-custom_id-a_fixture-a-custom_id-custom_id-custom_id]" time="0.004" /><testcase classname="tests.cases.doc.test_get_current_cases" name="test_local_cases_with_fix[a-custom_id-custom_id-a_fixture-a-custom_id-custom_id-a_fixture]" time="0.004" /><testcase classname="tests.cases.doc.test_get_current_cases" name="test_local_cases_with_fix[a-custom_id-custom_id-a_fixture-b-custom_id-a-custom_id]" time="0.004" /><testcase classname="tests.cases.doc.test_get_current_cases" name="test_local_cases_with_fix[a-custom_id-custom_id-a_fixture-b-custom_id-a-a_fixture]" time="0.004" /><testcase classname="tests.cases.doc.test_get_current_cases" name="test_local_cases_with_fix[a-custom_id-custom_id-a_fixture-b-custom_id-b-custom_id]" time="0.004" /><testcase classname="tests.cases.doc.test_get_current_cases" name="test_local_cases_with_fix[a-custom_id-custom_id-a_fixture-b-custom_id-b-a_fixture]" time="0.004" /><testcase classname="tests.cases.doc.test_get_current_cases" name="test_local_cases_with_fix[a-custom_id-custom_id-a_fixture-b-custom_id-custom_id-custom_id]" time="0.004" /><testcase classname="tests.cases.doc.test_get_current_cases" name="test_local_cases_with_fix[a-custom_id-custom_id-a_fixture-b-custom_id-custom_id-a_fixture]" time="0.004" /><testcase classname="tests.cases.doc.test_get_current_cases" name="test_local_cases_with_fix[b-custom_id-a-custom_id-a-custom_id-a-custom_id]" time="0.004" /><testcase classname="tests.cases.doc.test_get_current_cases" name="test_local_cases_with_fix[b-custom_id-a-custom_id-a-custom_id-a-a_fixture]" time="0.004" /><testcase classname="tests.cases.doc.test_get_current_cases" name="test_local_cases_with_fix[b-custom_id-a-custom_id-a-custom_id-b-custom_id]" time="0.004" /><testcase classname="tests.cases.doc.test_get_current_cases" name="test_local_cases_with_fix[b-custom_id-a-custom_id-a-custom_id-b-a_fixture]" time="0.004" /><testcase classname="tests.cases.doc.test_get_current_cases" name="test_local_cases_with_fix[b-custom_id-a-custom_id-a-custom_id-custom_id-custom_id]" time="0.004" /><testcase classname="tests.cases.doc.test_get_current_cases" name="test_local_cases_with_fix[b-custom_id-a-custom_id-a-custom_id-custom_id-a_fixture]" time="0.004" /><testcase classname="tests.cases.doc.test_get_current_cases" name="test_local_cases_with_fix[b-custom_id-a-custom_id-b-custom_id-a-custom_id]" time="0.004" /><testcase classname="tests.cases.doc.test_get_current_cases" name="test_local_cases_with_fix[b-custom_id-a-custom_id-b-custom_id-a-a_fixture]" time="0.004" /><testcase classname="tests.cases.doc.test_get_current_cases" name="test_local_cases_with_fix[b-custom_id-a-custom_id-b-custom_id-b-custom_id]" time="0.004" /><testcase classname="tests.cases.doc.test_get_current_cases" name="test_local_cases_with_fix[b-custom_id-a-custom_id-b-custom_id-b-a_fixture]" time="0.004" /><testcase classname="tests.cases.doc.test_get_current_cases" name="test_local_cases_with_fix[b-custom_id-a-custom_id-b-custom_id-custom_id-custom_id]" time="0.004" /><testcase classname="tests.cases.doc.test_get_current_cases" name="test_local_cases_with_fix[b-custom_id-a-custom_id-b-custom_id-custom_id-a_fixture]" time="0.004" /><testcase classname="tests.cases.doc.test_get_current_cases" name="test_local_cases_with_fix[b-custom_id-a-a_fixture-a-custom_id-a-custom_id]" time="0.004" /><testcase classname="tests.cases.doc.test_get_current_cases" name="test_local_cases_with_fix[b-custom_id-a-a_fixture-a-custom_id-a-a_fixture]" time="0.004" /><testcase classname="tests.cases.doc.test_get_current_cases" name="test_local_cases_with_fix[b-custom_id-a-a_fixture-a-custom_id-b-custom_id]" time="0.004" /><testcase classname="tests.cases.doc.test_get_current_cases" name="test_local_cases_with_fix[b-custom_id-a-a_fixture-a-custom_id-b-a_fixture]" time="0.004" /><testcase classname="tests.cases.doc.test_get_current_cases" name="test_local_cases_with_fix[b-custom_id-a-a_fixture-a-custom_id-custom_id-custom_id]" time="0.004" /><testcase classname="tests.cases.doc.test_get_current_cases" name="test_local_cases_with_fix[b-custom_id-a-a_fixture-a-custom_id-custom_id-a_fixture]" time="0.004" /><testcase classname="tests.cases.doc.test_get_current_cases" name="test_local_cases_with_fix[b-custom_id-a-a_fixture-b-custom_id-a-custom_id]" time="0.004" /><testcase classname="tests.cases.doc.test_get_current_cases" name="test_local_cases_with_fix[b-custom_id-a-a_fixture-b-custom_id-a-a_fixture]" time="0.004" /><testcase classname="tests.cases.doc.test_get_current_cases" name="test_local_cases_with_fix[b-custom_id-a-a_fixture-b-custom_id-b-custom_id]" time="0.004" /><testcase classname="tests.cases.doc.test_get_current_cases" name="test_local_cases_with_fix[b-custom_id-a-a_fixture-b-custom_id-b-a_fixture]" time="0.004" /><testcase classname="tests.cases.doc.test_get_current_cases" name="test_local_cases_with_fix[b-custom_id-a-a_fixture-b-custom_id-custom_id-custom_id]" time="0.004" /><testcase classname="tests.cases.doc.test_get_current_cases" name="test_local_cases_with_fix[b-custom_id-a-a_fixture-b-custom_id-custom_id-a_fixture]" time="0.004" /><testcase classname="tests.cases.doc.test_get_current_cases" name="test_local_cases_with_fix[b-custom_id-b-custom_id-a-custom_id-a-custom_id]" time="0.004" /><testcase classname="tests.cases.doc.test_get_current_cases" name="test_local_cases_with_fix[b-custom_id-b-custom_id-a-custom_id-a-a_fixture]" time="0.004" /><testcase classname="tests.cases.doc.test_get_current_cases" name="test_local_cases_with_fix[b-custom_id-b-custom_id-a-custom_id-b-custom_id]" time="0.004" /><testcase classname="tests.cases.doc.test_get_current_cases" name="test_local_cases_with_fix[b-custom_id-b-custom_id-a-custom_id-b-a_fixture]" time="0.004" /><testcase classname="tests.cases.doc.test_get_current_cases" name="test_local_cases_with_fix[b-custom_id-b-custom_id-a-custom_id-custom_id-custom_id]" time="0.004" /><testcase classname="tests.cases.doc.test_get_current_cases" name="test_local_cases_with_fix[b-custom_id-b-custom_id-a-custom_id-custom_id-a_fixture]" time="0.004" /><testcase classname="tests.cases.doc.test_get_current_cases" name="test_local_cases_with_fix[b-custom_id-b-custom_id-b-custom_id-a-custom_id]" time="0.004" /><testcase classname="tests.cases.doc.test_get_current_cases" name="test_local_cases_with_fix[b-custom_id-b-custom_id-b-custom_id-a-a_fixture]" time="0.004" /><testcase classname="tests.cases.doc.test_get_current_cases" name="test_local_cases_with_fix[b-custom_id-b-custom_id-b-custom_id-b-custom_id]" time="0.004" /><testcase classname="tests.cases.doc.test_get_current_cases" name="test_local_cases_with_fix[b-custom_id-b-custom_id-b-custom_id-b-a_fixture]" time="0.005" /><testcase classname="tests.cases.doc.test_get_current_cases" name="test_local_cases_with_fix[b-custom_id-b-custom_id-b-custom_id-custom_id-custom_id]" time="0.004" /><testcase classname="tests.cases.doc.test_get_current_cases" name="test_local_cases_with_fix[b-custom_id-b-custom_id-b-custom_id-custom_id-a_fixture]" time="0.004" /><testcase classname="tests.cases.doc.test_get_current_cases" name="test_local_cases_with_fix[b-custom_id-b-a_fixture-a-custom_id-a-custom_id]" time="0.004" /><testcase classname="tests.cases.doc.test_get_current_cases" name="test_local_cases_with_fix[b-custom_id-b-a_fixture-a-custom_id-a-a_fixture]" time="0.004" /><testcase classname="tests.cases.doc.test_get_current_cases" name="test_local_cases_with_fix[b-custom_id-b-a_fixture-a-custom_id-b-custom_id]" time="0.004" /><testcase classname="tests.cases.doc.test_get_current_cases" name="test_local_cases_with_fix[b-custom_id-b-a_fixture-a-custom_id-b-a_fixture]" time="0.004" /><testcase classname="tests.cases.doc.test_get_current_cases" name="test_local_cases_with_fix[b-custom_id-b-a_fixture-a-custom_id-custom_id-custom_id]" time="0.004" /><testcase classname="tests.cases.doc.test_get_current_cases" name="test_local_cases_with_fix[b-custom_id-b-a_fixture-a-custom_id-custom_id-a_fixture]" time="0.004" /><testcase classname="tests.cases.doc.test_get_current_cases" name="test_local_cases_with_fix[b-custom_id-b-a_fixture-b-custom_id-a-custom_id]" time="0.004" /><testcase classname="tests.cases.doc.test_get_current_cases" name="test_local_cases_with_fix[b-custom_id-b-a_fixture-b-custom_id-a-a_fixture]" time="0.004" /><testcase classname="tests.cases.doc.test_get_current_cases" name="test_local_cases_with_fix[b-custom_id-b-a_fixture-b-custom_id-b-custom_id]" time="0.004" /><testcase classname="tests.cases.doc.test_get_current_cases" name="test_local_cases_with_fix[b-custom_id-b-a_fixture-b-custom_id-b-a_fixture]" time="0.004" /><testcase classname="tests.cases.doc.test_get_current_cases" name="test_local_cases_with_fix[b-custom_id-b-a_fixture-b-custom_id-custom_id-custom_id]" time="0.004" /><testcase classname="tests.cases.doc.test_get_current_cases" name="test_local_cases_with_fix[b-custom_id-b-a_fixture-b-custom_id-custom_id-a_fixture]" time="0.004" /><testcase classname="tests.cases.doc.test_get_current_cases" name="test_local_cases_with_fix[b-custom_id-custom_id-custom_id-a-custom_id-a-custom_id]" time="0.004" /><testcase classname="tests.cases.doc.test_get_current_cases" name="test_local_cases_with_fix[b-custom_id-custom_id-custom_id-a-custom_id-a-a_fixture]" time="0.004" /><testcase classname="tests.cases.doc.test_get_current_cases" name="test_local_cases_with_fix[b-custom_id-custom_id-custom_id-a-custom_id-b-custom_id]" time="0.004" /><testcase classname="tests.cases.doc.test_get_current_cases" name="test_local_cases_with_fix[b-custom_id-custom_id-custom_id-a-custom_id-b-a_fixture]" time="0.004" /><testcase classname="tests.cases.doc.test_get_current_cases" name="test_local_cases_with_fix[b-custom_id-custom_id-custom_id-a-custom_id-custom_id-custom_id]" time="0.004" /><testcase classname="tests.cases.doc.test_get_current_cases" name="test_local_cases_with_fix[b-custom_id-custom_id-custom_id-a-custom_id-custom_id-a_fixture]" time="0.004" /><testcase classname="tests.cases.doc.test_get_current_cases" name="test_local_cases_with_fix[b-custom_id-custom_id-custom_id-b-custom_id-a-custom_id]" time="0.004" /><testcase classname="tests.cases.doc.test_get_current_cases" name="test_local_cases_with_fix[b-custom_id-custom_id-custom_id-b-custom_id-a-a_fixture]" time="0.004" /><testcase classname="tests.cases.doc.test_get_current_cases" name="test_local_cases_with_fix[b-custom_id-custom_id-custom_id-b-custom_id-b-custom_id]" time="0.004" /><testcase classname="tests.cases.doc.test_get_current_cases" name="test_local_cases_with_fix[b-custom_id-custom_id-custom_id-b-custom_id-b-a_fixture]" time="0.004" /><testcase classname="tests.cases.doc.test_get_current_cases" name="test_local_cases_with_fix[b-custom_id-custom_id-custom_id-b-custom_id-custom_id-custom_id]" time="0.004" /><testcase classname="tests.cases.doc.test_get_current_cases" name="test_local_cases_with_fix[b-custom_id-custom_id-custom_id-b-custom_id-custom_id-a_fixture]" time="0.004" /><testcase classname="tests.cases.doc.test_get_current_cases" name="test_local_cases_with_fix[b-custom_id-custom_id-a_fixture-a-custom_id-a-custom_id]" time="0.004" /><testcase classname="tests.cases.doc.test_get_current_cases" name="test_local_cases_with_fix[b-custom_id-custom_id-a_fixture-a-custom_id-a-a_fixture]" time="0.004" /><testcase classname="tests.cases.doc.test_get_current_cases" name="test_local_cases_with_fix[b-custom_id-custom_id-a_fixture-a-custom_id-b-custom_id]" time="0.004" /><testcase classname="tests.cases.doc.test_get_current_cases" name="test_local_cases_with_fix[b-custom_id-custom_id-a_fixture-a-custom_id-b-a_fixture]" time="0.004" /><testcase classname="tests.cases.doc.test_get_current_cases" name="test_local_cases_with_fix[b-custom_id-custom_id-a_fixture-a-custom_id-custom_id-custom_id]" time="0.004" /><testcase classname="tests.cases.doc.test_get_current_cases" name="test_local_cases_with_fix[b-custom_id-custom_id-a_fixture-a-custom_id-custom_id-a_fixture]" time="0.004" /><testcase classname="tests.cases.doc.test_get_current_cases" name="test_local_cases_with_fix[b-custom_id-custom_id-a_fixture-b-custom_id-a-custom_id]" time="0.004" /><testcase classname="tests.cases.doc.test_get_current_cases" name="test_local_cases_with_fix[b-custom_id-custom_id-a_fixture-b-custom_id-a-a_fixture]" time="0.004" /><testcase classname="tests.cases.doc.test_get_current_cases" name="test_local_cases_with_fix[b-custom_id-custom_id-a_fixture-b-custom_id-b-custom_id]" time="0.004" /><testcase classname="tests.cases.doc.test_get_current_cases" name="test_local_cases_with_fix[b-custom_id-custom_id-a_fixture-b-custom_id-b-a_fixture]" time="0.004" /><testcase classname="tests.cases.doc.test_get_current_cases" name="test_local_cases_with_fix[b-custom_id-custom_id-a_fixture-b-custom_id-custom_id-custom_id]" time="0.004" /><testcase classname="tests.cases.doc.test_get_current_cases" name="test_local_cases_with_fix[b-custom_id-custom_id-a_fixture-b-custom_id-custom_id-a_fixture]" time="0.004" /><testcase classname="tests.cases.doc.test_get_current_cases" name="test_separate_cases_file_with_fix[a-custom_id-a-custom_id-a-custom_id-a-custom_id]" time="0.004" /><testcase classname="tests.cases.doc.test_get_current_cases" name="test_separate_cases_file_with_fix[a-custom_id-a-custom_id-a-custom_id-a-a_fixture]" time="0.004" /><testcase classname="tests.cases.doc.test_get_current_cases" name="test_separate_cases_file_with_fix[a-custom_id-a-custom_id-a-custom_id-b-custom_id]" time="0.004" /><testcase classname="tests.cases.doc.test_get_current_cases" name="test_separate_cases_file_with_fix[a-custom_id-a-custom_id-a-custom_id-b-a_fixture]" time="0.004" /><testcase classname="tests.cases.doc.test_get_current_cases" name="test_separate_cases_file_with_fix[a-custom_id-a-custom_id-a-custom_id-custom_id-custom_id]" time="0.004" /><testcase classname="tests.cases.doc.test_get_current_cases" name="test_separate_cases_file_with_fix[a-custom_id-a-custom_id-a-custom_id-custom_id-a_fixture]" time="0.004" /><testcase classname="tests.cases.doc.test_get_current_cases" name="test_separate_cases_file_with_fix[a-custom_id-a-custom_id-b-custom_id-a-custom_id]" time="0.004" /><testcase classname="tests.cases.doc.test_get_current_cases" name="test_separate_cases_file_with_fix[a-custom_id-a-custom_id-b-custom_id-a-a_fixture]" time="0.004" /><testcase classname="tests.cases.doc.test_get_current_cases" name="test_separate_cases_file_with_fix[a-custom_id-a-custom_id-b-custom_id-b-custom_id]" time="0.004" /><testcase classname="tests.cases.doc.test_get_current_cases" name="test_separate_cases_file_with_fix[a-custom_id-a-custom_id-b-custom_id-b-a_fixture]" time="0.004" /><testcase classname="tests.cases.doc.test_get_current_cases" name="test_separate_cases_file_with_fix[a-custom_id-a-custom_id-b-custom_id-custom_id-custom_id]" time="0.004" /><testcase classname="tests.cases.doc.test_get_current_cases" name="test_separate_cases_file_with_fix[a-custom_id-a-custom_id-b-custom_id-custom_id-a_fixture]" time="0.004" /><testcase classname="tests.cases.doc.test_get_current_cases" name="test_separate_cases_file_with_fix[a-custom_id-a-a_fixture-a-custom_id-a-custom_id]" time="0.004" /><testcase classname="tests.cases.doc.test_get_current_cases" name="test_separate_cases_file_with_fix[a-custom_id-a-a_fixture-a-custom_id-a-a_fixture]" time="0.004" /><testcase classname="tests.cases.doc.test_get_current_cases" name="test_separate_cases_file_with_fix[a-custom_id-a-a_fixture-a-custom_id-b-custom_id]" time="0.004" /><testcase classname="tests.cases.doc.test_get_current_cases" name="test_separate_cases_file_with_fix[a-custom_id-a-a_fixture-a-custom_id-b-a_fixture]" time="0.004" /><testcase classname="tests.cases.doc.test_get_current_cases" name="test_separate_cases_file_with_fix[a-custom_id-a-a_fixture-a-custom_id-custom_id-custom_id]" time="0.004" /><testcase classname="tests.cases.doc.test_get_current_cases" name="test_separate_cases_file_with_fix[a-custom_id-a-a_fixture-a-custom_id-custom_id-a_fixture]" time="0.004" /><testcase classname="tests.cases.doc.test_get_current_cases" name="test_separate_cases_file_with_fix[a-custom_id-a-a_fixture-b-custom_id-a-custom_id]" time="0.004" /><testcase classname="tests.cases.doc.test_get_current_cases" name="test_separate_cases_file_with_fix[a-custom_id-a-a_fixture-b-custom_id-a-a_fixture]" time="0.004" /><testcase classname="tests.cases.doc.test_get_current_cases" name="test_separate_cases_file_with_fix[a-custom_id-a-a_fixture-b-custom_id-b-custom_id]" time="0.004" /><testcase classname="tests.cases.doc.test_get_current_cases" name="test_separate_cases_file_with_fix[a-custom_id-a-a_fixture-b-custom_id-b-a_fixture]" time="0.004" /><testcase classname="tests.cases.doc.test_get_current_cases" name="test_separate_cases_file_with_fix[a-custom_id-a-a_fixture-b-custom_id-custom_id-custom_id]" time="0.004" /><testcase classname="tests.cases.doc.test_get_current_cases" name="test_separate_cases_file_with_fix[a-custom_id-a-a_fixture-b-custom_id-custom_id-a_fixture]" time="0.004" /><testcase classname="tests.cases.doc.test_get_current_cases" name="test_separate_cases_file_with_fix[a-custom_id-b-custom_id-a-custom_id-a-custom_id]" time="0.004" /><testcase classname="tests.cases.doc.test_get_current_cases" name="test_separate_cases_file_with_fix[a-custom_id-b-custom_id-a-custom_id-a-a_fixture]" time="0.004" /><testcase classname="tests.cases.doc.test_get_current_cases" name="test_separate_cases_file_with_fix[a-custom_id-b-custom_id-a-custom_id-b-custom_id]" time="0.004" /><testcase classname="tests.cases.doc.test_get_current_cases" name="test_separate_cases_file_with_fix[a-custom_id-b-custom_id-a-custom_id-b-a_fixture]" time="0.004" /><testcase classname="tests.cases.doc.test_get_current_cases" name="test_separate_cases_file_with_fix[a-custom_id-b-custom_id-a-custom_id-custom_id-custom_id]" time="0.004" /><testcase classname="tests.cases.doc.test_get_current_cases" name="test_separate_cases_file_with_fix[a-custom_id-b-custom_id-a-custom_id-custom_id-a_fixture]" time="0.004" /><testcase classname="tests.cases.doc.test_get_current_cases" name="test_separate_cases_file_with_fix[a-custom_id-b-custom_id-b-custom_id-a-custom_id]" time="0.004" /><testcase classname="tests.cases.doc.test_get_current_cases" name="test_separate_cases_file_with_fix[a-custom_id-b-custom_id-b-custom_id-a-a_fixture]" time="0.004" /><testcase classname="tests.cases.doc.test_get_current_cases" name="test_separate_cases_file_with_fix[a-custom_id-b-custom_id-b-custom_id-b-custom_id]" time="0.004" /><testcase classname="tests.cases.doc.test_get_current_cases" name="test_separate_cases_file_with_fix[a-custom_id-b-custom_id-b-custom_id-b-a_fixture]" time="0.004" /><testcase classname="tests.cases.doc.test_get_current_cases" name="test_separate_cases_file_with_fix[a-custom_id-b-custom_id-b-custom_id-custom_id-custom_id]" time="0.004" /><testcase classname="tests.cases.doc.test_get_current_cases" name="test_separate_cases_file_with_fix[a-custom_id-b-custom_id-b-custom_id-custom_id-a_fixture]" time="0.004" /><testcase classname="tests.cases.doc.test_get_current_cases" name="test_separate_cases_file_with_fix[a-custom_id-b-a_fixture-a-custom_id-a-custom_id]" time="0.004" /><testcase classname="tests.cases.doc.test_get_current_cases" name="test_separate_cases_file_with_fix[a-custom_id-b-a_fixture-a-custom_id-a-a_fixture]" time="0.004" /><testcase classname="tests.cases.doc.test_get_current_cases" name="test_separate_cases_file_with_fix[a-custom_id-b-a_fixture-a-custom_id-b-custom_id]" time="0.004" /><testcase classname="tests.cases.doc.test_get_current_cases" name="test_separate_cases_file_with_fix[a-custom_id-b-a_fixture-a-custom_id-b-a_fixture]" time="0.004" /><testcase classname="tests.cases.doc.test_get_current_cases" name="test_separate_cases_file_with_fix[a-custom_id-b-a_fixture-a-custom_id-custom_id-custom_id]" time="0.004" /><testcase classname="tests.cases.doc.test_get_current_cases" name="test_separate_cases_file_with_fix[a-custom_id-b-a_fixture-a-custom_id-custom_id-a_fixture]" time="0.004" /><testcase classname="tests.cases.doc.test_get_current_cases" name="test_separate_cases_file_with_fix[a-custom_id-b-a_fixture-b-custom_id-a-custom_id]" time="0.004" /><testcase classname="tests.cases.doc.test_get_current_cases" name="test_separate_cases_file_with_fix[a-custom_id-b-a_fixture-b-custom_id-a-a_fixture]" time="0.004" /><testcase classname="tests.cases.doc.test_get_current_cases" name="test_separate_cases_file_with_fix[a-custom_id-b-a_fixture-b-custom_id-b-custom_id]" time="0.004" /><testcase classname="tests.cases.doc.test_get_current_cases" name="test_separate_cases_file_with_fix[a-custom_id-b-a_fixture-b-custom_id-b-a_fixture]" time="0.004" /><testcase classname="tests.cases.doc.test_get_current_cases" name="test_separate_cases_file_with_fix[a-custom_id-b-a_fixture-b-custom_id-custom_id-custom_id]" time="0.004" /><testcase classname="tests.cases.doc.test_get_current_cases" name="test_separate_cases_file_with_fix[a-custom_id-b-a_fixture-b-custom_id-custom_id-a_fixture]" time="0.004" /><testcase classname="tests.cases.doc.test_get_current_cases" name="test_separate_cases_file_with_fix[a-custom_id-custom_id-custom_id-a-custom_id-a-custom_id]" time="0.004" /><testcase classname="tests.cases.doc.test_get_current_cases" name="test_separate_cases_file_with_fix[a-custom_id-custom_id-custom_id-a-custom_id-a-a_fixture]" time="0.004" /><testcase classname="tests.cases.doc.test_get_current_cases" name="test_separate_cases_file_with_fix[a-custom_id-custom_id-custom_id-a-custom_id-b-custom_id]" time="0.004" /><testcase classname="tests.cases.doc.test_get_current_cases" name="test_separate_cases_file_with_fix[a-custom_id-custom_id-custom_id-a-custom_id-b-a_fixture]" time="0.004" /><testcase classname="tests.cases.doc.test_get_current_cases" name="test_separate_cases_file_with_fix[a-custom_id-custom_id-custom_id-a-custom_id-custom_id-custom_id]" time="0.004" /><testcase classname="tests.cases.doc.test_get_current_cases" name="test_separate_cases_file_with_fix[a-custom_id-custom_id-custom_id-a-custom_id-custom_id-a_fixture]" time="0.004" /><testcase classname="tests.cases.doc.test_get_current_cases" name="test_separate_cases_file_with_fix[a-custom_id-custom_id-custom_id-b-custom_id-a-custom_id]" time="0.004" /><testcase classname="tests.cases.doc.test_get_current_cases" name="test_separate_cases_file_with_fix[a-custom_id-custom_id-custom_id-b-custom_id-a-a_fixture]" time="0.004" /><testcase classname="tests.cases.doc.test_get_current_cases" name="test_separate_cases_file_with_fix[a-custom_id-custom_id-custom_id-b-custom_id-b-custom_id]" time="0.004" /><testcase classname="tests.cases.doc.test_get_current_cases" name="test_separate_cases_file_with_fix[a-custom_id-custom_id-custom_id-b-custom_id-b-a_fixture]" time="0.004" /><testcase classname="tests.cases.doc.test_get_current_cases" name="test_separate_cases_file_with_fix[a-custom_id-custom_id-custom_id-b-custom_id-custom_id-custom_id]" time="0.004" /><testcase classname="tests.cases.doc.test_get_current_cases" name="test_separate_cases_file_with_fix[a-custom_id-custom_id-custom_id-b-custom_id-custom_id-a_fixture]" time="0.004" /><testcase classname="tests.cases.doc.test_get_current_cases" name="test_separate_cases_file_with_fix[a-custom_id-custom_id-a_fixture-a-custom_id-a-custom_id]" time="0.004" /><testcase classname="tests.cases.doc.test_get_current_cases" name="test_separate_cases_file_with_fix[a-custom_id-custom_id-a_fixture-a-custom_id-a-a_fixture]" time="0.004" /><testcase classname="tests.cases.doc.test_get_current_cases" name="test_separate_cases_file_with_fix[a-custom_id-custom_id-a_fixture-a-custom_id-b-custom_id]" time="0.004" /><testcase classname="tests.cases.doc.test_get_current_cases" name="test_separate_cases_file_with_fix[a-custom_id-custom_id-a_fixture-a-custom_id-b-a_fixture]" time="0.004" /><testcase classname="tests.cases.doc.test_get_current_cases" name="test_separate_cases_file_with_fix[a-custom_id-custom_id-a_fixture-a-custom_id-custom_id-custom_id]" time="0.004" /><testcase classname="tests.cases.doc.test_get_current_cases" name="test_separate_cases_file_with_fix[a-custom_id-custom_id-a_fixture-a-custom_id-custom_id-a_fixture]" time="0.004" /><testcase classname="tests.cases.doc.test_get_current_cases" name="test_separate_cases_file_with_fix[a-custom_id-custom_id-a_fixture-b-custom_id-a-custom_id]" time="0.004" /><testcase classname="tests.cases.doc.test_get_current_cases" name="test_separate_cases_file_with_fix[a-custom_id-custom_id-a_fixture-b-custom_id-a-a_fixture]" time="0.004" /><testcase classname="tests.cases.doc.test_get_current_cases" name="test_separate_cases_file_with_fix[a-custom_id-custom_id-a_fixture-b-custom_id-b-custom_id]" time="0.004" /><testcase classname="tests.cases.doc.test_get_current_cases" name="test_separate_cases_file_with_fix[a-custom_id-custom_id-a_fixture-b-custom_id-b-a_fixture]" time="0.004" /><testcase classname="tests.cases.doc.test_get_current_cases" name="test_separate_cases_file_with_fix[a-custom_id-custom_id-a_fixture-b-custom_id-custom_id-custom_id]" time="0.004" /><testcase classname="tests.cases.doc.test_get_current_cases" name="test_separate_cases_file_with_fix[a-custom_id-custom_id-a_fixture-b-custom_id-custom_id-a_fixture]" time="0.004" /><testcase classname="tests.cases.doc.test_get_current_cases" name="test_separate_cases_file_with_fix[b-custom_id-a-custom_id-a-custom_id-a-custom_id]" time="0.005" /><testcase classname="tests.cases.doc.test_get_current_cases" name="test_separate_cases_file_with_fix[b-custom_id-a-custom_id-a-custom_id-a-a_fixture]" time="0.004" /><testcase classname="tests.cases.doc.test_get_current_cases" name="test_separate_cases_file_with_fix[b-custom_id-a-custom_id-a-custom_id-b-custom_id]" time="0.004" /><testcase classname="tests.cases.doc.test_get_current_cases" name="test_separate_cases_file_with_fix[b-custom_id-a-custom_id-a-custom_id-b-a_fixture]" time="0.004" /><testcase classname="tests.cases.doc.test_get_current_cases" name="test_separate_cases_file_with_fix[b-custom_id-a-custom_id-a-custom_id-custom_id-custom_id]" time="0.004" /><testcase classname="tests.cases.doc.test_get_current_cases" name="test_separate_cases_file_with_fix[b-custom_id-a-custom_id-a-custom_id-custom_id-a_fixture]" time="0.004" /><testcase classname="tests.cases.doc.test_get_current_cases" name="test_separate_cases_file_with_fix[b-custom_id-a-custom_id-b-custom_id-a-custom_id]" time="0.004" /><testcase classname="tests.cases.doc.test_get_current_cases" name="test_separate_cases_file_with_fix[b-custom_id-a-custom_id-b-custom_id-a-a_fixture]" time="0.004" /><testcase classname="tests.cases.doc.test_get_current_cases" name="test_separate_cases_file_with_fix[b-custom_id-a-custom_id-b-custom_id-b-custom_id]" time="0.004" /><testcase classname="tests.cases.doc.test_get_current_cases" name="test_separate_cases_file_with_fix[b-custom_id-a-custom_id-b-custom_id-b-a_fixture]" time="0.004" /><testcase classname="tests.cases.doc.test_get_current_cases" name="test_separate_cases_file_with_fix[b-custom_id-a-custom_id-b-custom_id-custom_id-custom_id]" time="0.004" /><testcase classname="tests.cases.doc.test_get_current_cases" name="test_separate_cases_file_with_fix[b-custom_id-a-custom_id-b-custom_id-custom_id-a_fixture]" time="0.004" /><testcase classname="tests.cases.doc.test_get_current_cases" name="test_separate_cases_file_with_fix[b-custom_id-a-a_fixture-a-custom_id-a-custom_id]" time="0.004" /><testcase classname="tests.cases.doc.test_get_current_cases" name="test_separate_cases_file_with_fix[b-custom_id-a-a_fixture-a-custom_id-a-a_fixture]" time="0.004" /><testcase classname="tests.cases.doc.test_get_current_cases" name="test_separate_cases_file_with_fix[b-custom_id-a-a_fixture-a-custom_id-b-custom_id]" time="0.004" /><testcase classname="tests.cases.doc.test_get_current_cases" name="test_separate_cases_file_with_fix[b-custom_id-a-a_fixture-a-custom_id-b-a_fixture]" time="0.004" /><testcase classname="tests.cases.doc.test_get_current_cases" name="test_separate_cases_file_with_fix[b-custom_id-a-a_fixture-a-custom_id-custom_id-custom_id]" time="0.004" /><testcase classname="tests.cases.doc.test_get_current_cases" name="test_separate_cases_file_with_fix[b-custom_id-a-a_fixture-a-custom_id-custom_id-a_fixture]" time="0.004" /><testcase classname="tests.cases.doc.test_get_current_cases" name="test_separate_cases_file_with_fix[b-custom_id-a-a_fixture-b-custom_id-a-custom_id]" time="0.004" /><testcase classname="tests.cases.doc.test_get_current_cases" name="test_separate_cases_file_with_fix[b-custom_id-a-a_fixture-b-custom_id-a-a_fixture]" time="0.004" /><testcase classname="tests.cases.doc.test_get_current_cases" name="test_separate_cases_file_with_fix[b-custom_id-a-a_fixture-b-custom_id-b-custom_id]" time="0.004" /><testcase classname="tests.cases.doc.test_get_current_cases" name="test_separate_cases_file_with_fix[b-custom_id-a-a_fixture-b-custom_id-b-a_fixture]" time="0.004" /><testcase classname="tests.cases.doc.test_get_current_cases" name="test_separate_cases_file_with_fix[b-custom_id-a-a_fixture-b-custom_id-custom_id-custom_id]" time="0.004" /><testcase classname="tests.cases.doc.test_get_current_cases" name="test_separate_cases_file_with_fix[b-custom_id-a-a_fixture-b-custom_id-custom_id-a_fixture]" time="0.004" /><testcase classname="tests.cases.doc.test_get_current_cases" name="test_separate_cases_file_with_fix[b-custom_id-b-custom_id-a-custom_id-a-custom_id]" time="0.004" /><testcase classname="tests.cases.doc.test_get_current_cases" name="test_separate_cases_file_with_fix[b-custom_id-b-custom_id-a-custom_id-a-a_fixture]" time="0.004" /><testcase classname="tests.cases.doc.test_get_current_cases" name="test_separate_cases_file_with_fix[b-custom_id-b-custom_id-a-custom_id-b-custom_id]" time="0.004" /><testcase classname="tests.cases.doc.test_get_current_cases" name="test_separate_cases_file_with_fix[b-custom_id-b-custom_id-a-custom_id-b-a_fixture]" time="0.038" /><testcase classname="tests.cases.doc.test_get_current_cases" name="test_separate_cases_file_with_fix[b-custom_id-b-custom_id-a-custom_id-custom_id-custom_id]" time="0.004" /><testcase classname="tests.cases.doc.test_get_current_cases" name="test_separate_cases_file_with_fix[b-custom_id-b-custom_id-a-custom_id-custom_id-a_fixture]" time="0.004" /><testcase classname="tests.cases.doc.test_get_current_cases" name="test_separate_cases_file_with_fix[b-custom_id-b-custom_id-b-custom_id-a-custom_id]" time="0.004" /><testcase classname="tests.cases.doc.test_get_current_cases" name="test_separate_cases_file_with_fix[b-custom_id-b-custom_id-b-custom_id-a-a_fixture]" time="0.004" /><testcase classname="tests.cases.doc.test_get_current_cases" name="test_separate_cases_file_with_fix[b-custom_id-b-custom_id-b-custom_id-b-custom_id]" time="0.004" /><testcase classname="tests.cases.doc.test_get_current_cases" name="test_separate_cases_file_with_fix[b-custom_id-b-custom_id-b-custom_id-b-a_fixture]" time="0.004" /><testcase classname="tests.cases.doc.test_get_current_cases" name="test_separate_cases_file_with_fix[b-custom_id-b-custom_id-b-custom_id-custom_id-custom_id]" time="0.004" /><testcase classname="tests.cases.doc.test_get_current_cases" name="test_separate_cases_file_with_fix[b-custom_id-b-custom_id-b-custom_id-custom_id-a_fixture]" time="0.004" /><testcase classname="tests.cases.doc.test_get_current_cases" name="test_separate_cases_file_with_fix[b-custom_id-b-a_fixture-a-custom_id-a-custom_id]" time="0.004" /><testcase classname="tests.cases.doc.test_get_current_cases" name="test_separate_cases_file_with_fix[b-custom_id-b-a_fixture-a-custom_id-a-a_fixture]" time="0.004" /><testcase classname="tests.cases.doc.test_get_current_cases" name="test_separate_cases_file_with_fix[b-custom_id-b-a_fixture-a-custom_id-b-custom_id]" time="0.004" /><testcase classname="tests.cases.doc.test_get_current_cases" name="test_separate_cases_file_with_fix[b-custom_id-b-a_fixture-a-custom_id-b-a_fixture]" time="0.004" /><testcase classname="tests.cases.doc.test_get_current_cases" name="test_separate_cases_file_with_fix[b-custom_id-b-a_fixture-a-custom_id-custom_id-custom_id]" time="0.004" /><testcase classname="tests.cases.doc.test_get_current_cases" name="test_separate_cases_file_with_fix[b-custom_id-b-a_fixture-a-custom_id-custom_id-a_fixture]" time="0.004" /><testcase classname="tests.cases.doc.test_get_current_cases" name="test_separate_cases_file_with_fix[b-custom_id-b-a_fixture-b-custom_id-a-custom_id]" time="0.004" /><testcase classname="tests.cases.doc.test_get_current_cases" name="test_separate_cases_file_with_fix[b-custom_id-b-a_fixture-b-custom_id-a-a_fixture]" time="0.004" /><testcase classname="tests.cases.doc.test_get_current_cases" name="test_separate_cases_file_with_fix[b-custom_id-b-a_fixture-b-custom_id-b-custom_id]" time="0.004" /><testcase classname="tests.cases.doc.test_get_current_cases" name="test_separate_cases_file_with_fix[b-custom_id-b-a_fixture-b-custom_id-b-a_fixture]" time="0.004" /><testcase classname="tests.cases.doc.test_get_current_cases" name="test_separate_cases_file_with_fix[b-custom_id-b-a_fixture-b-custom_id-custom_id-custom_id]" time="0.004" /><testcase classname="tests.cases.doc.test_get_current_cases" name="test_separate_cases_file_with_fix[b-custom_id-b-a_fixture-b-custom_id-custom_id-a_fixture]" time="0.004" /><testcase classname="tests.cases.doc.test_get_current_cases" name="test_separate_cases_file_with_fix[b-custom_id-custom_id-custom_id-a-custom_id-a-custom_id]" time="0.004" /><testcase classname="tests.cases.doc.test_get_current_cases" name="test_separate_cases_file_with_fix[b-custom_id-custom_id-custom_id-a-custom_id-a-a_fixture]" time="0.004" /><testcase classname="tests.cases.doc.test_get_current_cases" name="test_separate_cases_file_with_fix[b-custom_id-custom_id-custom_id-a-custom_id-b-custom_id]" time="0.004" /><testcase classname="tests.cases.doc.test_get_current_cases" name="test_separate_cases_file_with_fix[b-custom_id-custom_id-custom_id-a-custom_id-b-a_fixture]" time="0.004" /><testcase classname="tests.cases.doc.test_get_current_cases" name="test_separate_cases_file_with_fix[b-custom_id-custom_id-custom_id-a-custom_id-custom_id-custom_id]" time="0.004" /><testcase classname="tests.cases.doc.test_get_current_cases" name="test_separate_cases_file_with_fix[b-custom_id-custom_id-custom_id-a-custom_id-custom_id-a_fixture]" time="0.004" /><testcase classname="tests.cases.doc.test_get_current_cases" name="test_separate_cases_file_with_fix[b-custom_id-custom_id-custom_id-b-custom_id-a-custom_id]" time="0.004" /><testcase classname="tests.cases.doc.test_get_current_cases" name="test_separate_cases_file_with_fix[b-custom_id-custom_id-custom_id-b-custom_id-a-a_fixture]" time="0.004" /><testcase classname="tests.cases.doc.test_get_current_cases" name="test_separate_cases_file_with_fix[b-custom_id-custom_id-custom_id-b-custom_id-b-custom_id]" time="0.004" /><testcase classname="tests.cases.doc.test_get_current_cases" name="test_separate_cases_file_with_fix[b-custom_id-custom_id-custom_id-b-custom_id-b-a_fixture]" time="0.004" /><testcase classname="tests.cases.doc.test_get_current_cases" name="test_separate_cases_file_with_fix[b-custom_id-custom_id-custom_id-b-custom_id-custom_id-custom_id]" time="0.004" /><testcase classname="tests.cases.doc.test_get_current_cases" name="test_separate_cases_file_with_fix[b-custom_id-custom_id-custom_id-b-custom_id-custom_id-a_fixture]" time="0.004" /><testcase classname="tests.cases.doc.test_get_current_cases" name="test_separate_cases_file_with_fix[b-custom_id-custom_id-a_fixture-a-custom_id-a-custom_id]" time="0.004" /><testcase classname="tests.cases.doc.test_get_current_cases" name="test_separate_cases_file_with_fix[b-custom_id-custom_id-a_fixture-a-custom_id-a-a_fixture]" time="0.004" /><testcase classname="tests.cases.doc.test_get_current_cases" name="test_separate_cases_file_with_fix[b-custom_id-custom_id-a_fixture-a-custom_id-b-custom_id]" time="0.004" /><testcase classname="tests.cases.doc.test_get_current_cases" name="test_separate_cases_file_with_fix[b-custom_id-custom_id-a_fixture-a-custom_id-b-a_fixture]" time="0.004" /><testcase classname="tests.cases.doc.test_get_current_cases" name="test_separate_cases_file_with_fix[b-custom_id-custom_id-a_fixture-a-custom_id-custom_id-custom_id]" time="0.004" /><testcase classname="tests.cases.doc.test_get_current_cases" name="test_separate_cases_file_with_fix[b-custom_id-custom_id-a_fixture-a-custom_id-custom_id-a_fixture]" time="0.004" /><testcase classname="tests.cases.doc.test_get_current_cases" name="test_separate_cases_file_with_fix[b-custom_id-custom_id-a_fixture-b-custom_id-a-custom_id]" time="0.004" /><testcase classname="tests.cases.doc.test_get_current_cases" name="test_separate_cases_file_with_fix[b-custom_id-custom_id-a_fixture-b-custom_id-a-a_fixture]" time="0.004" /><testcase classname="tests.cases.doc.test_get_current_cases" name="test_separate_cases_file_with_fix[b-custom_id-custom_id-a_fixture-b-custom_id-b-custom_id]" time="0.004" /><testcase classname="tests.cases.doc.test_get_current_cases" name="test_separate_cases_file_with_fix[b-custom_id-custom_id-a_fixture-b-custom_id-b-a_fixture]" time="0.004" /><testcase classname="tests.cases.doc.test_get_current_cases" name="test_separate_cases_file_with_fix[b-custom_id-custom_id-a_fixture-b-custom_id-custom_id-custom_id]" time="0.004" /><testcase classname="tests.cases.doc.test_get_current_cases" name="test_separate_cases_file_with_fix[b-custom_id-custom_id-a_fixture-b-custom_id-custom_id-a_fixture]" time="0.004" /><testcase classname="tests.cases.doc.test_get_current_cases_negative" name="test_foo[1-2-1-(b1,b2)/P0:2-1-2]" time="0.002" /><testcase classname="tests.cases.doc.test_get_current_cases_negative" name="test_foo[1-2-1-(b1,b2)/P0:2-foo]" time="0.002" /><testcase classname="tests.cases.doc.test_get_current_cases_negative" name="test_foo[1-2-1-(b1,b2)/foo_fix]" time="0.002" /><testcase classname="tests.cases.doc.test_get_current_cases_negative" name="test_foo[1-2-1-(b1,b2)/foo_fix-foo_fix]" time="0.002" /><testcase classname="tests.cases.doc.test_get_current_cases_negative" name="test_foo[1-2-1-(b1,b2)/3-4]" time="0.002" /><testcase classname="tests.cases.doc.test_get_current_cases_negative" name="test_foo[1-2-foo-(b1,b2)/P0:2-1-2]" time="0.002" /><testcase classname="tests.cases.doc.test_get_current_cases_negative" name="test_foo[1-2-foo-(b1,b2)/P0:2-foo]" time="0.002" /><testcase classname="tests.cases.doc.test_get_current_cases_negative" name="test_foo[1-2-foo-(b1,b2)/foo_fix]" time="0.002" /><testcase classname="tests.cases.doc.test_get_current_cases_negative" name="test_foo[1-2-foo-(b1,b2)/foo_fix-foo_fix]" time="0.002" /><testcase classname="tests.cases.doc.test_get_current_cases_negative" name="test_foo[1-2-foo-(b1,b2)/3-4]" time="0.002" /><testcase classname="tests.cases.doc.test_get_current_cases_negative" name="test_foo[foo-1-(b1,b2)/P0:2-1-2]" time="0.002" /><testcase classname="tests.cases.doc.test_get_current_cases_negative" name="test_foo[foo-1-(b1,b2)/P0:2-foo]" time="0.002" /><testcase classname="tests.cases.doc.test_get_current_cases_negative" name="test_foo[foo-1-(b1,b2)/foo_fix]" time="0.002" /><testcase classname="tests.cases.doc.test_get_current_cases_negative" name="test_foo[foo-1-(b1,b2)/foo_fix-foo_fix]" time="0.002" /><testcase classname="tests.cases.doc.test_get_current_cases_negative" name="test_foo[foo-1-(b1,b2)/3-4]" time="0.002" /><testcase classname="tests.cases.doc.test_get_current_cases_negative" name="test_foo[foo-foo-(b1,b2)/P0:2-1-2]" time="0.002" /><testcase classname="tests.cases.doc.test_get_current_cases_negative" name="test_foo[foo-foo-(b1,b2)/P0:2-foo]" time="0.002" /><testcase classname="tests.cases.doc.test_get_current_cases_negative" name="test_foo[foo-foo-(b1,b2)/foo_fix]" time="0.002" /><testcase classname="tests.cases.doc.test_get_current_cases_negative" name="test_foo[foo-foo-(b1,b2)/foo_fix-foo_fix]" time="0.002" /><testcase classname="tests.cases.doc.test_get_current_cases_negative" name="test_foo[foo-foo-(b1,b2)/3-4]" time="0.002" /><testcase classname="tests.cases.doc.test_get_current_cases_negative" name="test_foo2[foo2-name=bar]" time="0.001" /><testcase classname="tests.cases.doc.test_get_current_cases_negative" name="test_foo3[o]" time="0.002" /><testcase classname="tests.cases.doc.test_get_current_cases_negative" name="test_foo3[r]" time="0.002" /><testcase classname="tests.cases.doc.test_get_current_cases_params" name="test_foo[TP_acase/casea-CP_simple=joe-FP_simple=john-TP_direct=0-FP_acase/casea]" time="0.002" /><testcase classname="tests.cases.doc.test_get_current_cases_params" name="test_foo[TP_acase/casea-CP_simple=joe-FP_simple=john-TP_direct=0-FP_acase/caseb-CP_acase/casea]" time="0.002" /><testcase classname="tests.cases.doc.test_get_current_cases_params" name="test_foo[TP_acase/caseb-CP_acase/casea-CP_simple=joe-FP_simple=john-TP_direct=0-FP_acase/casea]" time="0.002" /><testcase classname="tests.cases.doc.test_get_current_cases_params" name="test_foo[TP_acase/caseb-CP_acase/casea-CP_simple=joe-FP_simple=john-TP_direct=0-FP_acase/caseb]" time="0.002" /><testcase classname="tests.cases.doc.test_indirect" name="test_foo[b=0-a=0]" time="0.001" /><testcase classname="tests.cases.doc.test_indirect" name="test_foo[b=0-a=1]" time="0.001" /><testcase classname="tests.cases.doc.test_indirect" name="test_foo[b=10-a=0]" time="0.001" /><testcase classname="tests.cases.doc.test_indirect" name="test_foo[b=10-a=1]" time="0.001" /><testcase classname="tests.cases.doc.test_indirect" name="test_foo_indirect[b=0-my_fix=2]" time="0.001" /><testcase classname="tests.cases.doc.test_indirect" name="test_foo_indirect[b=10-my_fix=2]" time="0.001" /><testcase classname="tests.cases.doc.test_indirect" name="test_synthesis" time="0.004" /><testcase classname="tests.cases.doc.test_joss" name="test_evaluation[a-a]" time="0.002" /><testcase classname="tests.cases.doc.test_joss" name="test_evaluation[a-b-p=0]" time="0.001" /><testcase classname="tests.cases.doc.test_joss" name="test_evaluation[a-b-p=1]" time="0.002" /><testcase classname="tests.cases.doc.test_nested" name="test_foo[1]" time="0.001" /><testcase classname="tests.cases.doc.test_nested" name="test_foo[2]" time="0.001" /><testcase classname="tests.cases.doc.test_nested" name="test_foo[30]" time="0.001" /><testcase classname="tests.cases.doc.test_nested" name="test_foo[31]" time="0.001" /><testcase classname="tests.cases.doc.test_nested" name="test_subfoo[2]" time="0.001" /><testcase classname="tests.cases.doc.test_nested" name="test_subfoo[3]" time="0.001" /><testcase classname="tests.cases.doc.test_nested" name="test_class_with_nested_uses_nested" time="0.001" /><testcase classname="tests.cases.doc.test_nested" name="test_direct_nested_class_reference_works" time="0.001" /><testcase classname="tests.cases.doc.test_parametrize_alt" name="test_argnames_as_list[sum_one_plus_two]" time="0.001" /><testcase classname="tests.cases.doc.test_parametrize_alt" name="test_argnames_as_tuple[sum_one_plus_two]" time="0.001" /><testcase classname="tests.cases.doc.test_parametrize_alt" name="test_argnames_from_invalid_type" time="0.001" /><testcase classname="tests.cases.doc.test_parametrize_alt" name="test_argnames_element_from_invalid_type" time="0.001" /><testcase classname="tests.cases.issues.test_issue_117" name="test_something[case-case]" time="0.002" /><testcase classname="tests.cases.issues.test_issue_125" name="test[one]" time="0.002" /><testcase classname="tests.cases.issues.test_issue_125" name="test[two]" time="0.002" /><testcase classname="tests.cases.issues.test_issue_125" name="test[three]" time="0.002" /><testcase classname="tests.cases.issues.test_issue_126" name="test_functionality[_requirement_10]" time="0.002" /><testcase classname="tests.cases.issues.test_issue_126" name="test_functionality[_requirement_20]" time="0.002" /><testcase classname="tests.cases.issues.test_issue_126" name="test_functionality[_requirement_11]" time="0.002" /><testcase classname="tests.cases.issues.test_issue_126" name="test_functionality[_requirement_21]" time="0.002" /><testcase classname="tests.cases.issues.test_issue_126" name="test_functionality_again[_requirement_10]" time="0.002" /><testcase classname="tests.cases.issues.test_issue_126" name="test_functionality_again[_requirement_20]" time="0.002" /><testcase classname="tests.cases.issues.test_issue_126" name="test_functionality_again[_requirement_11]" time="0.002" /><testcase classname="tests.cases.issues.test_issue_126" name="test_functionality_again[_requirement_21]" time="0.002" /><testcase classname="tests.cases.issues.test_issue_126.TestNested" name="test_functionality_again2[_requirement_10]" time="0.002" /><testcase classname="tests.cases.issues.test_issue_126.TestNested" name="test_functionality_again2[_requirement_20]" time="0.002" /><testcase classname="tests.cases.issues.test_issue_126.TestNested" name="test_functionality_again2[_requirement_11]" time="0.002" /><testcase classname="tests.cases.issues.test_issue_126.TestNested" name="test_functionality_again2[_requirement_21]" time="0.002" /><testcase classname="tests.cases.issues.test_issue_126" name="test_synthesis" time="0.005" /><testcase classname="tests.cases.issues.test_issue_126_2.TestA" name="test_a_nested" time="0.001" /><testcase classname="tests.cases.issues.test_issue_126_2.TestA" name="test_foo_nested[a0]" time="0.002" /><testcase classname="tests.cases.issues.test_issue_126_2.TestA" name="test_foo_nested[b0-a=*]" time="0.002" /><testcase classname="tests.cases.issues.test_issue_126_2.TestA" name="test_foo_nested[b0-a=**]" time="0.002" /><testcase classname="tests.cases.issues.test_issue_126_2.TestA" name="test_foo_nested[a1]" time="0.002" /><testcase classname="tests.cases.issues.test_issue_126_2.TestA" name="test_foo_nested[b1-a=*]" time="0.002" /><testcase classname="tests.cases.issues.test_issue_126_2.TestA" name="test_foo_nested[b1-a=**]" time="0.002" /><testcase classname="tests.cases.issues.test_issue_126_2.TestA" name="test_foo_nested2[a0]" time="0.002" /><testcase classname="tests.cases.issues.test_issue_126_2.TestA" name="test_foo_nested2[b0-a=*]" time="0.002" /><testcase classname="tests.cases.issues.test_issue_126_2.TestA" name="test_foo_nested2[b0-a=**]" time="0.002" /><testcase classname="tests.cases.issues.test_issue_126_2.TestA" name="test_foo_nested2[a1]" time="0.002" /><testcase classname="tests.cases.issues.test_issue_126_2.TestA" name="test_foo_nested2[b1-a=*]" time="0.002" /><testcase classname="tests.cases.issues.test_issue_126_2.TestA" name="test_foo_nested2[b1-a=**]" time="0.002" /><testcase classname="tests.cases.issues.test_issue_126_2" name="test_bar" time="0.001" /><testcase classname="tests.cases.issues.test_issue_126_2" name="test_foo[a0]" time="0.002" /><testcase classname="tests.cases.issues.test_issue_126_2" name="test_foo[b0-a=*]" time="0.002" /><testcase classname="tests.cases.issues.test_issue_126_2" name="test_foo[b0-a=**]" time="0.002" /><testcase classname="tests.cases.issues.test_issue_126_2" name="test_foo[a1]" time="0.002" /><testcase classname="tests.cases.issues.test_issue_126_2" name="test_foo[b1-a=*]" time="0.002" /><testcase classname="tests.cases.issues.test_issue_126_2" name="test_foo[b1-a=**]" time="0.002" /><testcase classname="tests.cases.issues.test_issue_126_2" name="test_foo2[a0]" time="0.002" /><testcase classname="tests.cases.issues.test_issue_126_2" name="test_foo2[b0-a=*]" time="0.002" /><testcase classname="tests.cases.issues.test_issue_126_2" name="test_foo2[b0-a=**]" time="0.002" /><testcase classname="tests.cases.issues.test_issue_126_2" name="test_foo2[a1]" time="0.002" /><testcase classname="tests.cases.issues.test_issue_126_2" name="test_foo2[b1-a=*]" time="0.002" /><testcase classname="tests.cases.issues.test_issue_126_2" name="test_foo2[b1-a=**]" time="0.002" /><testcase classname="tests.cases.issues.test_issue_126_2" name="test_synthesis" time="0.006" /><testcase classname="tests.cases.issues.test_issue_128" name="test[one]" time="0.001" /><testcase classname="tests.cases.issues.test_issue_128_2" name="test_this_is_failing[one]" time="0.001" /><testcase classname="tests.cases.issues.test_issue_128_2" name="test_this_is_failing[two]" time="0.001" /><testcase classname="tests.cases.issues.test_issue_142" name="test_empty_prefix[&lt;empty_case_id&gt;-1]" time="0.001" /><testcase classname="tests.cases.issues.test_issue_142" name="test_empty_prefix[&lt;empty_case_id&gt;-0]" time="0.001" /><testcase classname="tests.cases.issues.test_issue_142" name="test_empty_prefix[&lt;empty_case_id&gt;--1]" time="0.001" /><testcase classname="tests.cases.issues.test_issue_142" name="test_empty_caseid_both[0]" time="0.001" /><testcase classname="tests.cases.issues.test_issue_142" name="test_empty_caseid_both[1-1]" time="0.001" /><testcase classname="tests.cases.issues.test_issue_142" name="test_synthesis" time="0.004" /><testcase classname="tests.cases.issues.test_issue_142_2" name="test_foo[1-b0]" time="0.001" /><testcase classname="tests.cases.issues.test_issue_142_2" name="test_foo[case_dumb]" time="0.001" /><testcase classname="tests.cases.issues.test_issue_142_2" name="test_tuples_no_id[dumb]" time="0.002" /><testcase classname="tests.cases.issues.test_issue_142_2" name="test_foo2[hello]" time="0.001" /><testcase classname="tests.cases.issues.test_issue_142_2" name="test_foo2[world]" time="0.001" /><testcase classname="tests.cases.issues.test_issue_142_2" name="test_tuples[hello]" time="0.001" /><testcase classname="tests.cases.issues.test_issue_142_2" name="test_synthesis" time="0.004" /><testcase classname="tests.cases.issues.test_issue_151" name="test_create_fixture_idstyle_explicit[(inputs,request_data)/simple]" time="0.001" /><testcase classname="tests.cases.issues.test_issue_151" name="test_create_fixture_ids_generator[custom{0}]" time="0.001" /><testcase classname="tests.cases.issues.test_issue_151" name="test_create_fixture_ids_callable[hello_simple]" time="0.001" /><testcase classname="tests.cases.issues.test_issue_151" name="test_create_fixture_ids_callable_str[(inputs,request_data)/P0F/simple]" time="0.001" /><testcase classname="tests.cases.issues.test_issue_151" name="test_create_fixture_idstyle_compact[/simple]" time="0.001" /><testcase classname="tests.cases.issues.test_issue_151" name="test_create_fixture_idstyle_none[simple]" time="0.001" /><testcase classname="tests.cases.issues.test_issue_151" name="test_create_no_fixture_idstyle_explicit[simple]" time="0.001" /><testcase classname="tests.cases.issues.test_issue_151" name="test_create_no_fixture_ids_generator[custom{0}]" time="0.001" /><testcase classname="tests.cases.issues.test_issue_151" name="test_create_no_fixture_ids_callable[hello_simple]" time="0.001" /><testcase classname="tests.cases.issues.test_issue_151" name="test_create_no_fixture_idstyle_compact[simple]" time="0.001" /><testcase classname="tests.cases.issues.test_issue_151" name="test_create_no_fixture_idstyle_none[simple]" time="0.001" /><testcase classname="tests.cases.issues.test_issue_151" name="test_synthesis" time="0.004" /><testcase classname="tests.cases.issues.test_issue_152" name="test_uses_fixture[first]" time="0.001" /><testcase classname="tests.cases.issues.test_issue_152" name="test_uses_fixture[second]" time="0.001" /><testcase classname="tests.cases.issues.test_issue_154.TestTuples" name="test_create_tuple_idstyle_explicit[(inputs,request_data)/single]" time="0.003" /><testcase classname="tests.cases.issues.test_issue_154.TestTuples" name="test_create_tuple_idstyle_explicit[(inputs,request_data)/fixref]" time="0.003" /><testcase classname="tests.cases.issues.test_issue_154.TestTuples" name="test_create_tuple_idstyle_explicit[(inputs,request_data)/single_marked_skipped]" time="0.000"><skipped message="unconditional skip" type="pytest.skip">/home/runner/work/python-pytest-cases/python-pytest-cases/tests/cases/issues/test_issue_154.py:105: unconditional skip</skipped></testcase><testcase classname="tests.cases.issues.test_issue_154.TestTuples" name="test_create_tuple_idstyle_explicit[(inputs,request_data)/fixref_marked_skipped]" time="0.000"><skipped message="unconditional skip" type="pytest.skip">/home/runner/work/python-pytest-cases/python-pytest-cases/tests/cases/issues/test_issue_154.py:105: unconditional skip</skipped></testcase><testcase classname="tests.cases.issues.test_issue_154.TestTuples" name="test_create_tuple_idstyle_explicit[(inputs,request_data)/P4:6-multi1]" time="0.003" /><testcase classname="tests.cases.issues.test_issue_154.TestTuples" name="test_create_tuple_idstyle_explicit[(inputs,request_data)/P4:6-multi2_marked_skipped]" time="0.000"><skipped message="unconditional skip" type="pytest.skip">/home/runner/work/python-pytest-cases/python-pytest-cases/tests/cases/issues/test_issue_154.py:105: unconditional skip</skipped></testcase><testcase classname="tests.cases.issues.test_issue_154.TestTuples" name="test_create_tuple_idstyle_explicit[(inputs,request_data)/fixref_target_is_parametrized-0]" time="0.003" /><testcase classname="tests.cases.issues.test_issue_154.TestTuples" name="test_create_tuple_idstyle_explicit[(inputs,request_data)/single_parametrized_lazy-foo]" time="0.003" /><testcase classname="tests.cases.issues.test_issue_154.TestTuples" name="test_create_tuple_idstyle_explicit[(inputs,request_data)/fixref_target_is_parametrized_marked_skipped-0]" time="0.000"><skipped message="unconditional skip" type="pytest.skip">/home/runner/work/python-pytest-cases/python-pytest-cases/tests/cases/issues/test_issue_154.py:105: unconditional skip</skipped></testcase><testcase classname="tests.cases.issues.test_issue_154.TestTuples" name="test_create_tuple_idstyle_explicit[(inputs,request_data)/single_parametrized_lazy_value_target_is_skipped-bar]" time="0.000"><skipped message="unconditional skip" type="pytest.skip">/home/runner/work/python-pytest-cases/python-pytest-cases/tests/cases/issues/test_issue_154.py:105: unconditional skip</skipped></testcase><testcase classname="tests.cases.issues.test_issue_154.TestTuples" name="test_create_tuple_idstyle_compact[/single]" time="0.003" /><testcase classname="tests.cases.issues.test_issue_154.TestTuples" name="test_create_tuple_idstyle_compact[/fixref]" time="0.003" /><testcase classname="tests.cases.issues.test_issue_154.TestTuples" name="test_create_tuple_idstyle_compact[/single_marked_skipped]" time="0.000"><skipped message="unconditional skip" type="pytest.skip">/home/runner/work/python-pytest-cases/python-pytest-cases/tests/cases/issues/test_issue_154.py:110: unconditional skip</skipped></testcase><testcase classname="tests.cases.issues.test_issue_154.TestTuples" name="test_create_tuple_idstyle_compact[/fixref_marked_skipped]" time="0.000"><skipped message="unconditional skip" type="pytest.skip">/home/runner/work/python-pytest-cases/python-pytest-cases/tests/cases/issues/test_issue_154.py:110: unconditional skip</skipped></testcase><testcase classname="tests.cases.issues.test_issue_154.TestTuples" name="test_create_tuple_idstyle_compact[/P4:6-multi1]" time="0.003" /><testcase classname="tests.cases.issues.test_issue_154.TestTuples" name="test_create_tuple_idstyle_compact[/P4:6-multi2_marked_skipped]" time="0.000"><skipped message="unconditional skip" type="pytest.skip">/home/runner/work/python-pytest-cases/python-pytest-cases/tests/cases/issues/test_issue_154.py:110: unconditional skip</skipped></testcase><testcase classname="tests.cases.issues.test_issue_154.TestTuples" name="test_create_tuple_idstyle_compact[/fixref_target_is_parametrized-0]" time="0.003" /><testcase classname="tests.cases.issues.test_issue_154.TestTuples" name="test_create_tuple_idstyle_compact[/single_parametrized_lazy-foo]" time="0.003" /><testcase classname="tests.cases.issues.test_issue_154.TestTuples" name="test_create_tuple_idstyle_compact[/fixref_target_is_parametrized_marked_skipped-0]" time="0.000"><skipped message="unconditional skip" type="pytest.skip">/home/runner/work/python-pytest-cases/python-pytest-cases/tests/cases/issues/test_issue_154.py:110: unconditional skip</skipped></testcase><testcase classname="tests.cases.issues.test_issue_154.TestTuples" name="test_create_tuple_idstyle_compact[/single_parametrized_lazy_value_target_is_skipped-bar]" time="0.000"><skipped message="unconditional skip" type="pytest.skip">/home/runner/work/python-pytest-cases/python-pytest-cases/tests/cases/issues/test_issue_154.py:110: unconditional skip</skipped></testcase><testcase classname="tests.cases.issues.test_issue_154.TestTuples" name="test_create_tuple_idstyle_none[single]" time="0.003" /><testcase classname="tests.cases.issues.test_issue_154.TestTuples" name="test_create_tuple_idstyle_none[fixref]" time="0.003" /><testcase classname="tests.cases.issues.test_issue_154.TestTuples" name="test_create_tuple_idstyle_none[single_marked_skipped]" time="0.000"><skipped message="unconditional skip" type="pytest.skip">/home/runner/work/python-pytest-cases/python-pytest-cases/tests/cases/issues/test_issue_154.py:115: unconditional skip</skipped></testcase><testcase classname="tests.cases.issues.test_issue_154.TestTuples" name="test_create_tuple_idstyle_none[fixref_marked_skipped]" time="0.000"><skipped message="unconditional skip" type="pytest.skip">/home/runner/work/python-pytest-cases/python-pytest-cases/tests/cases/issues/test_issue_154.py:115: unconditional skip</skipped></testcase><testcase classname="tests.cases.issues.test_issue_154.TestTuples" name="test_create_tuple_idstyle_none[multi1]" time="0.003" /><testcase classname="tests.cases.issues.test_issue_154.TestTuples" name="test_create_tuple_idstyle_none[multi2_marked_skipped]" time="0.000"><skipped message="unconditional skip" type="pytest.skip">/home/runner/work/python-pytest-cases/python-pytest-cases/tests/cases/issues/test_issue_154.py:115: unconditional skip</skipped></testcase><testcase classname="tests.cases.issues.test_issue_154.TestTuples" name="test_create_tuple_idstyle_none[fixref_target_is_parametrized-0]" time="0.003" /><testcase classname="tests.cases.issues.test_issue_154.TestTuples" name="test_create_tuple_idstyle_none[single_parametrized_lazy-foo]" time="0.003" /><testcase classname="tests.cases.issues.test_issue_154.TestTuples" name="test_create_tuple_idstyle_none[fixref_target_is_parametrized_marked_skipped-0]" time="0.000"><skipped message="unconditional skip" type="pytest.skip">/home/runner/work/python-pytest-cases/python-pytest-cases/tests/cases/issues/test_issue_154.py:115: unconditional skip</skipped></testcase><testcase classname="tests.cases.issues.test_issue_154.TestTuples" name="test_create_tuple_idstyle_none[single_parametrized_lazy_value_target_is_skipped-bar]" time="0.000"><skipped message="unconditional skip" type="pytest.skip">/home/runner/work/python-pytest-cases/python-pytest-cases/tests/cases/issues/test_issue_154.py:115: unconditional skip</skipped></testcase><testcase classname="tests.cases.issues.test_issue_154.TestTuples" name="test_create_tuple_idstyle_mygen[M(inputs,request_data)/P0/single]" time="0.003" /><testcase classname="tests.cases.issues.test_issue_154.TestTuples" name="test_create_tuple_idstyle_mygen[M(inputs,request_data)/P1F/fixref]" time="0.003" /><testcase classname="tests.cases.issues.test_issue_154.TestTuples" name="test_create_tuple_idstyle_mygen[M(inputs,request_data)/P2/single_marked_skipped]" time="0.000"><skipped message="unconditional skip" type="pytest.skip">/home/runner/work/python-pytest-cases/python-pytest-cases/tests/cases/issues/test_issue_154.py:120: unconditional skip</skipped></testcase><testcase classname="tests.cases.issues.test_issue_154.TestTuples" name="test_create_tuple_idstyle_mygen[M(inputs,request_data)/P3F/fixref_marked_skipped]" time="0.000"><skipped message="unconditional skip" type="pytest.skip">/home/runner/work/python-pytest-cases/python-pytest-cases/tests/cases/issues/test_issue_154.py:120: unconditional skip</skipped></testcase><testcase classname="tests.cases.issues.test_issue_154.TestTuples" name="test_create_tuple_idstyle_mygen[M(inputs,request_data)/P4:6/-multi1]" time="0.003" /><testcase classname="tests.cases.issues.test_issue_154.TestTuples" name="test_create_tuple_idstyle_mygen[M(inputs,request_data)/P4:6/-multi2_marked_skipped]" time="0.000"><skipped message="unconditional skip" type="pytest.skip">/home/runner/work/python-pytest-cases/python-pytest-cases/tests/cases/issues/test_issue_154.py:120: unconditional skip</skipped></testcase><testcase classname="tests.cases.issues.test_issue_154.TestTuples" name="test_create_tuple_idstyle_mygen[M(inputs,request_data)/P6F/fixref_target_is_parametrized-0]" time="0.003" /><testcase classname="tests.cases.issues.test_issue_154.TestTuples" name="test_create_tuple_idstyle_mygen[M(inputs,request_data)/P7F/single_parametrized_lazy-foo]" time="0.003" /><testcase classname="tests.cases.issues.test_issue_154.TestTuples" name="test_create_tuple_idstyle_mygen[M(inputs,request_data)/P8F/fixref_target_is_parametrized_marked_skipped-0]" time="0.000"><skipped message="unconditional skip" type="pytest.skip">/home/runner/work/python-pytest-cases/python-pytest-cases/tests/cases/issues/test_issue_154.py:120: unconditional skip</skipped></testcase><testcase classname="tests.cases.issues.test_issue_154.TestTuples" name="test_create_tuple_idstyle_mygen[M(inputs,request_data)/P9F/single_parametrized_lazy_value_target_is_skipped-bar]" time="0.000"><skipped message="unconditional skip" type="pytest.skip">/home/runner/work/python-pytest-cases/python-pytest-cases/tests/cases/issues/test_issue_154.py:120: unconditional skip</skipped></testcase><testcase classname="tests.cases.issues.test_issue_154.TestTuples" name="test_create_tuple_ids_list[0]" time="0.003" /><testcase classname="tests.cases.issues.test_issue_154.TestTuples" name="test_create_tuple_ids_list[1]" time="0.003" /><testcase classname="tests.cases.issues.test_issue_154.TestTuples" name="test_create_tuple_ids_list[2]" time="0.000"><skipped message="unconditional skip" type="pytest.skip">/home/runner/work/python-pytest-cases/python-pytest-cases/tests/cases/issues/test_issue_154.py:125: unconditional skip</skipped></testcase><testcase classname="tests.cases.issues.test_issue_154.TestTuples" name="test_create_tuple_ids_list[3]" time="0.000"><skipped message="unconditional skip" type="pytest.skip">/home/runner/work/python-pytest-cases/python-pytest-cases/tests/cases/issues/test_issue_154.py:125: unconditional skip</skipped></testcase><testcase classname="tests.cases.issues.test_issue_154.TestTuples" name="test_create_tuple_ids_list[4]" time="0.003" /><testcase classname="tests.cases.issues.test_issue_154.TestTuples" name="test_create_tuple_ids_list[5]" time="0.000"><skipped message="unconditional skip" type="pytest.skip">/home/runner/work/python-pytest-cases/python-pytest-cases/tests/cases/issues/test_issue_154.py:125: unconditional skip</skipped></testcase><testcase classname="tests.cases.issues.test_issue_154.TestTuples" name="test_create_tuple_ids_list[6-0]" time="0.003" /><testcase classname="tests.cases.issues.test_issue_154.TestTuples" name="test_create_tuple_ids_list[7-foo]" time="0.003" /><testcase classname="tests.cases.issues.test_issue_154.TestTuples" name="test_create_tuple_ids_list[8-0]" time="0.000"><skipped message="unconditional skip" type="pytest.skip">/home/runner/work/python-pytest-cases/python-pytest-cases/tests/cases/issues/test_issue_154.py:125: unconditional skip</skipped></testcase><testcase classname="tests.cases.issues.test_issue_154.TestTuples" name="test_create_tuple_ids_list[9-bar]" time="0.000"><skipped message="unconditional skip" type="pytest.skip">/home/runner/work/python-pytest-cases/python-pytest-cases/tests/cases/issues/test_issue_154.py:125: unconditional skip</skipped></testcase><testcase classname="tests.cases.issues.test_issue_154.TestTuples" name="test_create_tuple_ids_list_style[/0]" time="0.003" /><testcase classname="tests.cases.issues.test_issue_154.TestTuples" name="test_create_tuple_ids_list_style[/1]" time="0.003" /><testcase classname="tests.cases.issues.test_issue_154.TestTuples" name="test_create_tuple_ids_list_style[/2]" time="0.000"><skipped message="unconditional skip" type="pytest.skip">/home/runner/work/python-pytest-cases/python-pytest-cases/tests/cases/issues/test_issue_154.py:130: unconditional skip</skipped></testcase><testcase classname="tests.cases.issues.test_issue_154.TestTuples" name="test_create_tuple_ids_list_style[/3]" time="0.000"><skipped message="unconditional skip" type="pytest.skip">/home/runner/work/python-pytest-cases/python-pytest-cases/tests/cases/issues/test_issue_154.py:130: unconditional skip</skipped></testcase><testcase classname="tests.cases.issues.test_issue_154.TestTuples" name="test_create_tuple_ids_list_style[/P4:6-4]" time="0.003" /><testcase classname="tests.cases.issues.test_issue_154.TestTuples" name="test_create_tuple_ids_list_style[/P4:6-5]" time="0.000"><skipped message="unconditional skip" type="pytest.skip">/home/runner/work/python-pytest-cases/python-pytest-cases/tests/cases/issues/test_issue_154.py:130: unconditional skip</skipped></testcase><testcase classname="tests.cases.issues.test_issue_154.TestTuples" name="test_create_tuple_ids_list_style[/6-0]" time="0.003" /><testcase classname="tests.cases.issues.test_issue_154.TestTuples" name="test_create_tuple_ids_list_style[/7-foo]" time="0.003" /><testcase classname="tests.cases.issues.test_issue_154.TestTuples" name="test_create_tuple_ids_list_style[/8-0]" time="0.000"><skipped message="unconditional skip" type="pytest.skip">/home/runner/work/python-pytest-cases/python-pytest-cases/tests/cases/issues/test_issue_154.py:130: unconditional skip</skipped></testcase><testcase classname="tests.cases.issues.test_issue_154.TestTuples" name="test_create_tuple_ids_list_style[/9-bar]" time="0.000"><skipped message="unconditional skip" type="pytest.skip">/home/runner/work/python-pytest-cases/python-pytest-cases/tests/cases/issues/test_issue_154.py:130: unconditional skip</skipped></testcase><testcase classname="tests.cases.issues.test_issue_154.TestTuples" name="test_create_tuple_ids_mygen[Msingle]" time="0.003" /><testcase classname="tests.cases.issues.test_issue_154.TestTuples" name="test_create_tuple_ids_mygen[Mfixref]" time="0.003" /><testcase classname="tests.cases.issues.test_issue_154.TestTuples" name="test_create_tuple_ids_mygen[Msingle_marked_skipped]" time="0.000"><skipped message="unconditional skip" type="pytest.skip">/home/runner/work/python-pytest-cases/python-pytest-cases/tests/cases/issues/test_issue_154.py:135: unconditional skip</skipped></testcase><testcase classname="tests.cases.issues.test_issue_154.TestTuples" name="test_create_tuple_ids_mygen[Mfixref_marked_skipped]" time="0.000"><skipped message="unconditional skip" type="pytest.skip">/home/runner/work/python-pytest-cases/python-pytest-cases/tests/cases/issues/test_issue_154.py:135: unconditional skip</skipped></testcase><testcase classname="tests.cases.issues.test_issue_154.TestTuples" name="test_create_tuple_ids_mygen[Mmulti1]" time="0.003" /><testcase classname="tests.cases.issues.test_issue_154.TestTuples" name="test_create_tuple_ids_mygen[Mmulti2_marked_skipped]" time="0.000"><skipped message="unconditional skip" type="pytest.skip">/home/runner/work/python-pytest-cases/python-pytest-cases/tests/cases/issues/test_issue_154.py:135: unconditional skip</skipped></testcase><testcase classname="tests.cases.issues.test_issue_154.TestTuples" name="test_create_tuple_ids_mygen[Mfixref_target_is_parametrized-0]" time="0.003" /><testcase classname="tests.cases.issues.test_issue_154.TestTuples" name="test_create_tuple_ids_mygen[Msingle_parametrized_lazy-foo]" time="0.003" /><testcase classname="tests.cases.issues.test_issue_154.TestTuples" name="test_create_tuple_ids_mygen[Mfixref_target_is_parametrized_marked_skipped-0]" time="0.000"><skipped message="unconditional skip" type="pytest.skip">/home/runner/work/python-pytest-cases/python-pytest-cases/tests/cases/issues/test_issue_154.py:135: unconditional skip</skipped></testcase><testcase classname="tests.cases.issues.test_issue_154.TestTuples" name="test_create_tuple_ids_mygen[Msingle_parametrized_lazy_value_target_is_skipped-bar]" time="0.000"><skipped message="unconditional skip" type="pytest.skip">/home/runner/work/python-pytest-cases/python-pytest-cases/tests/cases/issues/test_issue_154.py:135: unconditional skip</skipped></testcase><testcase classname="tests.cases.issues.test_issue_154.TestTuples" name="test_create_tuple_ids_mygen_style[/Msingle]" time="0.003" /><testcase classname="tests.cases.issues.test_issue_154.TestTuples" name="test_create_tuple_ids_mygen_style[/Mfixref]" time="0.003" /><testcase classname="tests.cases.issues.test_issue_154.TestTuples" name="test_create_tuple_ids_mygen_style[/Msingle_marked_skipped]" time="0.000"><skipped message="unconditional skip" type="pytest.skip">/home/runner/work/python-pytest-cases/python-pytest-cases/tests/cases/issues/test_issue_154.py:140: unconditional skip</skipped></testcase><testcase classname="tests.cases.issues.test_issue_154.TestTuples" name="test_create_tuple_ids_mygen_style[/Mfixref_marked_skipped]" time="0.000"><skipped message="unconditional skip" type="pytest.skip">/home/runner/work/python-pytest-cases/python-pytest-cases/tests/cases/issues/test_issue_154.py:140: unconditional skip</skipped></testcase><testcase classname="tests.cases.issues.test_issue_154.TestTuples" name="test_create_tuple_ids_mygen_style[/P4:6-Mmulti1]" time="0.003" /><testcase classname="tests.cases.issues.test_issue_154.TestTuples" name="test_create_tuple_ids_mygen_style[/P4:6-Mmulti2_marked_skipped]" time="0.000"><skipped message="unconditional skip" type="pytest.skip">/home/runner/work/python-pytest-cases/python-pytest-cases/tests/cases/issues/test_issue_154.py:140: unconditional skip</skipped></testcase><testcase classname="tests.cases.issues.test_issue_154.TestTuples" name="test_create_tuple_ids_mygen_style[/Mfixref_target_is_parametrized-0]" time="0.003" /><testcase classname="tests.cases.issues.test_issue_154.TestTuples" name="test_create_tuple_ids_mygen_style[/Msingle_parametrized_lazy-foo]" time="0.003" /><testcase classname="tests.cases.issues.test_issue_154.TestTuples" name="test_create_tuple_ids_mygen_style[/Mfixref_target_is_parametrized_marked_skipped-0]" time="0.000"><skipped message="unconditional skip" type="pytest.skip">/home/runner/work/python-pytest-cases/python-pytest-cases/tests/cases/issues/test_issue_154.py:140: unconditional skip</skipped></testcase><testcase classname="tests.cases.issues.test_issue_154.TestTuples" name="test_create_tuple_ids_mygen_style[/Msingle_parametrized_lazy_value_target_is_skipped-bar]" time="0.000"><skipped message="unconditional skip" type="pytest.skip">/home/runner/work/python-pytest-cases/python-pytest-cases/tests/cases/issues/test_issue_154.py:140: unconditional skip</skipped></testcase><testcase classname="tests.cases.issues.test_issue_154" name="test_create_single_idstyle_explicit[inputs_request_data/single]" time="0.003" /><testcase classname="tests.cases.issues.test_issue_154" name="test_create_single_idstyle_explicit[inputs_request_data/fixref]" time="0.003" /><testcase classname="tests.cases.issues.test_issue_154" name="test_create_single_idstyle_explicit[inputs_request_data/single_marked_skipped]" time="0.000"><skipped message="unconditional skip" type="pytest.skip">/home/runner/work/python-pytest-cases/python-pytest-cases/tests/cases/issues/test_issue_154.py:146: unconditional skip</skipped></testcase><testcase classname="tests.cases.issues.test_issue_154" name="test_create_single_idstyle_explicit[inputs_request_data/fixref_marked_skipped]" time="0.000"><skipped message="unconditional skip" type="pytest.skip">/home/runner/work/python-pytest-cases/python-pytest-cases/tests/cases/issues/test_issue_154.py:146: unconditional skip</skipped></testcase><testcase classname="tests.cases.issues.test_issue_154" name="test_create_single_idstyle_explicit[inputs_request_data/P4:6-multi1]" time="0.003" /><testcase classname="tests.cases.issues.test_issue_154" name="test_create_single_idstyle_explicit[inputs_request_data/P4:6-multi2_marked_skipped]" time="0.000"><skipped message="unconditional skip" type="pytest.skip">/home/runner/work/python-pytest-cases/python-pytest-cases/tests/cases/issues/test_issue_154.py:146: unconditional skip</skipped></testcase><testcase classname="tests.cases.issues.test_issue_154" name="test_create_single_idstyle_explicit[inputs_request_data/fixref_target_is_parametrized-0]" time="0.003" /><testcase classname="tests.cases.issues.test_issue_154" name="test_create_single_idstyle_explicit[inputs_request_data/single_parametrized_lazy-foo]" time="0.003" /><testcase classname="tests.cases.issues.test_issue_154" name="test_create_single_idstyle_explicit[inputs_request_data/fixref_target_is_parametrized_marked_skipped-0]" time="0.000"><skipped message="unconditional skip" type="pytest.skip">/home/runner/work/python-pytest-cases/python-pytest-cases/tests/cases/issues/test_issue_154.py:146: unconditional skip</skipped></testcase><testcase classname="tests.cases.issues.test_issue_154" name="test_create_single_idstyle_explicit[inputs_request_data/single_parametrized_lazy_value_target_is_skipped-bar]" time="0.000"><skipped message="unconditional skip" type="pytest.skip">/home/runner/work/python-pytest-cases/python-pytest-cases/tests/cases/issues/test_issue_154.py:146: unconditional skip</skipped></testcase><testcase classname="tests.cases.issues.test_issue_154" name="test_create_single_idstyle_compact[/single]" time="0.003" /><testcase classname="tests.cases.issues.test_issue_154" name="test_create_single_idstyle_compact[/fixref]" time="0.003" /><testcase classname="tests.cases.issues.test_issue_154" name="test_create_single_idstyle_compact[/single_marked_skipped]" time="0.000"><skipped message="unconditional skip" type="pytest.skip">/home/runner/work/python-pytest-cases/python-pytest-cases/tests/cases/issues/test_issue_154.py:153: unconditional skip</skipped></testcase><testcase classname="tests.cases.issues.test_issue_154" name="test_create_single_idstyle_compact[/fixref_marked_skipped]" time="0.000"><skipped message="unconditional skip" type="pytest.skip">/home/runner/work/python-pytest-cases/python-pytest-cases/tests/cases/issues/test_issue_154.py:153: unconditional skip</skipped></testcase><testcase classname="tests.cases.issues.test_issue_154" name="test_create_single_idstyle_compact[/P4:6-multi1]" time="0.003" /><testcase classname="tests.cases.issues.test_issue_154" name="test_create_single_idstyle_compact[/P4:6-multi2_marked_skipped]" time="0.000"><skipped message="unconditional skip" type="pytest.skip">/home/runner/work/python-pytest-cases/python-pytest-cases/tests/cases/issues/test_issue_154.py:153: unconditional skip</skipped></testcase><testcase classname="tests.cases.issues.test_issue_154" name="test_create_single_idstyle_compact[/fixref_target_is_parametrized-0]" time="0.003" /><testcase classname="tests.cases.issues.test_issue_154" name="test_create_single_idstyle_compact[/single_parametrized_lazy-foo]" time="0.003" /><testcase classname="tests.cases.issues.test_issue_154" name="test_create_single_idstyle_compact[/fixref_target_is_parametrized_marked_skipped-0]" time="0.000"><skipped message="unconditional skip" type="pytest.skip">/home/runner/work/python-pytest-cases/python-pytest-cases/tests/cases/issues/test_issue_154.py:153: unconditional skip</skipped></testcase><testcase classname="tests.cases.issues.test_issue_154" name="test_create_single_idstyle_compact[/single_parametrized_lazy_value_target_is_skipped-bar]" time="0.000"><skipped message="unconditional skip" type="pytest.skip">/home/runner/work/python-pytest-cases/python-pytest-cases/tests/cases/issues/test_issue_154.py:153: unconditional skip</skipped></testcase><testcase classname="tests.cases.issues.test_issue_154" name="test_create_single_idstyle_none[single]" time="0.003" /><testcase classname="tests.cases.issues.test_issue_154" name="test_create_single_idstyle_none[fixref]" time="0.003" /><testcase classname="tests.cases.issues.test_issue_154" name="test_create_single_idstyle_none[single_marked_skipped]" time="0.000"><skipped message="unconditional skip" type="pytest.skip">/home/runner/work/python-pytest-cases/python-pytest-cases/tests/cases/issues/test_issue_154.py:160: unconditional skip</skipped></testcase><testcase classname="tests.cases.issues.test_issue_154" name="test_create_single_idstyle_none[fixref_marked_skipped]" time="0.001"><skipped message="unconditional skip" type="pytest.skip">/home/runner/work/python-pytest-cases/python-pytest-cases/tests/cases/issues/test_issue_154.py:160: unconditional skip</skipped></testcase><testcase classname="tests.cases.issues.test_issue_154" name="test_create_single_idstyle_none[multi1]" time="0.003" /><testcase classname="tests.cases.issues.test_issue_154" name="test_create_single_idstyle_none[multi2_marked_skipped]" time="0.000"><skipped message="unconditional skip" type="pytest.skip">/home/runner/work/python-pytest-cases/python-pytest-cases/tests/cases/issues/test_issue_154.py:160: unconditional skip</skipped></testcase><testcase classname="tests.cases.issues.test_issue_154" name="test_create_single_idstyle_none[fixref_target_is_parametrized-0]" time="0.003" /><testcase classname="tests.cases.issues.test_issue_154" name="test_create_single_idstyle_none[single_parametrized_lazy-foo]" time="0.003" /><testcase classname="tests.cases.issues.test_issue_154" name="test_create_single_idstyle_none[fixref_target_is_parametrized_marked_skipped-0]" time="0.000"><skipped message="unconditional skip" type="pytest.skip">/home/runner/work/python-pytest-cases/python-pytest-cases/tests/cases/issues/test_issue_154.py:160: unconditional skip</skipped></testcase><testcase classname="tests.cases.issues.test_issue_154" name="test_create_single_idstyle_none[single_parametrized_lazy_value_target_is_skipped-bar]" time="0.000"><skipped message="unconditional skip" type="pytest.skip">/home/runner/work/python-pytest-cases/python-pytest-cases/tests/cases/issues/test_issue_154.py:160: unconditional skip</skipped></testcase><testcase classname="tests.cases.issues.test_issue_154" name="test_create_single_idstyle_mygen[Minputs_request_data/P0/single]" time="0.003" /><testcase classname="tests.cases.issues.test_issue_154" name="test_create_single_idstyle_mygen[Minputs_request_data/P1F/fixref]" time="0.003" /><testcase classname="tests.cases.issues.test_issue_154" name="test_create_single_idstyle_mygen[Minputs_request_data/P2/single_marked_skipped]" time="0.000"><skipped message="unconditional skip" type="pytest.skip">/home/runner/work/python-pytest-cases/python-pytest-cases/tests/cases/issues/test_issue_154.py:167: unconditional skip</skipped></testcase><testcase classname="tests.cases.issues.test_issue_154" name="test_create_single_idstyle_mygen[Minputs_request_data/P3F/fixref_marked_skipped]" time="0.000"><skipped message="unconditional skip" type="pytest.skip">/home/runner/work/python-pytest-cases/python-pytest-cases/tests/cases/issues/test_issue_154.py:167: unconditional skip</skipped></testcase><testcase classname="tests.cases.issues.test_issue_154" name="test_create_single_idstyle_mygen[Minputs_request_data/P4:6/-multi1]" time="0.003" /><testcase classname="tests.cases.issues.test_issue_154" name="test_create_single_idstyle_mygen[Minputs_request_data/P4:6/-multi2_marked_skipped]" time="0.000"><skipped message="unconditional skip" type="pytest.skip">/home/runner/work/python-pytest-cases/python-pytest-cases/tests/cases/issues/test_issue_154.py:167: unconditional skip</skipped></testcase><testcase classname="tests.cases.issues.test_issue_154" name="test_create_single_idstyle_mygen[Minputs_request_data/P6F/fixref_target_is_parametrized-0]" time="0.003" /><testcase classname="tests.cases.issues.test_issue_154" name="test_create_single_idstyle_mygen[Minputs_request_data/P7F/single_parametrized_lazy-foo]" time="0.003" /><testcase classname="tests.cases.issues.test_issue_154" name="test_create_single_idstyle_mygen[Minputs_request_data/P8F/fixref_target_is_parametrized_marked_skipped-0]" time="0.000"><skipped message="unconditional skip" type="pytest.skip">/home/runner/work/python-pytest-cases/python-pytest-cases/tests/cases/issues/test_issue_154.py:167: unconditional skip</skipped></testcase><testcase classname="tests.cases.issues.test_issue_154" name="test_create_single_idstyle_mygen[Minputs_request_data/P9F/single_parametrized_lazy_value_target_is_skipped-bar]" time="0.000"><skipped message="unconditional skip" type="pytest.skip">/home/runner/work/python-pytest-cases/python-pytest-cases/tests/cases/issues/test_issue_154.py:167: unconditional skip</skipped></testcase><testcase classname="tests.cases.issues.test_issue_154" name="test_create_single_ids_list[0]" time="0.003" /><testcase classname="tests.cases.issues.test_issue_154" name="test_create_single_ids_list[1]" time="0.003" /><testcase classname="tests.cases.issues.test_issue_154" name="test_create_single_ids_list[2]" time="0.000"><skipped message="unconditional skip" type="pytest.skip">/home/runner/work/python-pytest-cases/python-pytest-cases/tests/cases/issues/test_issue_154.py:174: unconditional skip</skipped></testcase><testcase classname="tests.cases.issues.test_issue_154" name="test_create_single_ids_list[3]" time="0.000"><skipped message="unconditional skip" type="pytest.skip">/home/runner/work/python-pytest-cases/python-pytest-cases/tests/cases/issues/test_issue_154.py:174: unconditional skip</skipped></testcase><testcase classname="tests.cases.issues.test_issue_154" name="test_create_single_ids_list[4]" time="0.003" /><testcase classname="tests.cases.issues.test_issue_154" name="test_create_single_ids_list[5]" time="0.000"><skipped message="unconditional skip" type="pytest.skip">/home/runner/work/python-pytest-cases/python-pytest-cases/tests/cases/issues/test_issue_154.py:174: unconditional skip</skipped></testcase><testcase classname="tests.cases.issues.test_issue_154" name="test_create_single_ids_list[6-0]" time="0.003" /><testcase classname="tests.cases.issues.test_issue_154" name="test_create_single_ids_list[7-foo]" time="0.003" /><testcase classname="tests.cases.issues.test_issue_154" name="test_create_single_ids_list[8-0]" time="0.000"><skipped message="unconditional skip" type="pytest.skip">/home/runner/work/python-pytest-cases/python-pytest-cases/tests/cases/issues/test_issue_154.py:174: unconditional skip</skipped></testcase><testcase classname="tests.cases.issues.test_issue_154" name="test_create_single_ids_list[9-bar]" time="0.000"><skipped message="unconditional skip" type="pytest.skip">/home/runner/work/python-pytest-cases/python-pytest-cases/tests/cases/issues/test_issue_154.py:174: unconditional skip</skipped></testcase><testcase classname="tests.cases.issues.test_issue_154" name="test_create_single_ids_list_style[/0]" time="0.003" /><testcase classname="tests.cases.issues.test_issue_154" name="test_create_single_ids_list_style[/1]" time="0.003" /><testcase classname="tests.cases.issues.test_issue_154" name="test_create_single_ids_list_style[/2]" time="0.000"><skipped message="unconditional skip" type="pytest.skip">/home/runner/work/python-pytest-cases/python-pytest-cases/tests/cases/issues/test_issue_154.py:181: unconditional skip</skipped></testcase><testcase classname="tests.cases.issues.test_issue_154" name="test_create_single_ids_list_style[/3]" time="0.000"><skipped message="unconditional skip" type="pytest.skip">/home/runner/work/python-pytest-cases/python-pytest-cases/tests/cases/issues/test_issue_154.py:181: unconditional skip</skipped></testcase><testcase classname="tests.cases.issues.test_issue_154" name="test_create_single_ids_list_style[/P4:6-4]" time="0.003" /><testcase classname="tests.cases.issues.test_issue_154" name="test_create_single_ids_list_style[/P4:6-5]" time="0.000"><skipped message="unconditional skip" type="pytest.skip">/home/runner/work/python-pytest-cases/python-pytest-cases/tests/cases/issues/test_issue_154.py:181: unconditional skip</skipped></testcase><testcase classname="tests.cases.issues.test_issue_154" name="test_create_single_ids_list_style[/6-0]" time="0.003" /><testcase classname="tests.cases.issues.test_issue_154" name="test_create_single_ids_list_style[/7-foo]" time="0.003" /><testcase classname="tests.cases.issues.test_issue_154" name="test_create_single_ids_list_style[/8-0]" time="0.000"><skipped message="unconditional skip" type="pytest.skip">/home/runner/work/python-pytest-cases/python-pytest-cases/tests/cases/issues/test_issue_154.py:181: unconditional skip</skipped></testcase><testcase classname="tests.cases.issues.test_issue_154" name="test_create_single_ids_list_style[/9-bar]" time="0.000"><skipped message="unconditional skip" type="pytest.skip">/home/runner/work/python-pytest-cases/python-pytest-cases/tests/cases/issues/test_issue_154.py:181: unconditional skip</skipped></testcase><testcase classname="tests.cases.issues.test_issue_154" name="test_create_single_ids_mygen[Msingle]" time="0.003" /><testcase classname="tests.cases.issues.test_issue_154" name="test_create_single_ids_mygen[Mfixref]" time="0.003" /><testcase classname="tests.cases.issues.test_issue_154" name="test_create_single_ids_mygen[Msingle_marked_skipped]" time="0.000"><skipped message="unconditional skip" type="pytest.skip">/home/runner/work/python-pytest-cases/python-pytest-cases/tests/cases/issues/test_issue_154.py:188: unconditional skip</skipped></testcase><testcase classname="tests.cases.issues.test_issue_154" name="test_create_single_ids_mygen[Mfixref_marked_skipped]" time="0.000"><skipped message="unconditional skip" type="pytest.skip">/home/runner/work/python-pytest-cases/python-pytest-cases/tests/cases/issues/test_issue_154.py:188: unconditional skip</skipped></testcase><testcase classname="tests.cases.issues.test_issue_154" name="test_create_single_ids_mygen[Mmulti1]" time="0.003" /><testcase classname="tests.cases.issues.test_issue_154" name="test_create_single_ids_mygen[Mmulti2_marked_skipped]" time="0.000"><skipped message="unconditional skip" type="pytest.skip">/home/runner/work/python-pytest-cases/python-pytest-cases/tests/cases/issues/test_issue_154.py:188: unconditional skip</skipped></testcase><testcase classname="tests.cases.issues.test_issue_154" name="test_create_single_ids_mygen[Mfixref_target_is_parametrized-0]" time="0.003" /><testcase classname="tests.cases.issues.test_issue_154" name="test_create_single_ids_mygen[Msingle_parametrized_lazy-foo]" time="0.003" /><testcase classname="tests.cases.issues.test_issue_154" name="test_create_single_ids_mygen[Mfixref_target_is_parametrized_marked_skipped-0]" time="0.000"><skipped message="unconditional skip" type="pytest.skip">/home/runner/work/python-pytest-cases/python-pytest-cases/tests/cases/issues/test_issue_154.py:188: unconditional skip</skipped></testcase><testcase classname="tests.cases.issues.test_issue_154" name="test_create_single_ids_mygen[Msingle_parametrized_lazy_value_target_is_skipped-bar]" time="0.000"><skipped message="unconditional skip" type="pytest.skip">/home/runner/work/python-pytest-cases/python-pytest-cases/tests/cases/issues/test_issue_154.py:188: unconditional skip</skipped></testcase><testcase classname="tests.cases.issues.test_issue_154" name="test_create_single_ids_mygen_style[/Msingle]" time="0.003" /><testcase classname="tests.cases.issues.test_issue_154" name="test_create_single_ids_mygen_style[/Mfixref]" time="0.003" /><testcase classname="tests.cases.issues.test_issue_154" name="test_create_single_ids_mygen_style[/Msingle_marked_skipped]" time="0.000"><skipped message="unconditional skip" type="pytest.skip">/home/runner/work/python-pytest-cases/python-pytest-cases/tests/cases/issues/test_issue_154.py:195: unconditional skip</skipped></testcase><testcase classname="tests.cases.issues.test_issue_154" name="test_create_single_ids_mygen_style[/Mfixref_marked_skipped]" time="0.000"><skipped message="unconditional skip" type="pytest.skip">/home/runner/work/python-pytest-cases/python-pytest-cases/tests/cases/issues/test_issue_154.py:195: unconditional skip</skipped></testcase><testcase classname="tests.cases.issues.test_issue_154" name="test_create_single_ids_mygen_style[/P4:6-Mmulti1]" time="0.003" /><testcase classname="tests.cases.issues.test_issue_154" name="test_create_single_ids_mygen_style[/P4:6-Mmulti2_marked_skipped]" time="0.000"><skipped message="unconditional skip" type="pytest.skip">/home/runner/work/python-pytest-cases/python-pytest-cases/tests/cases/issues/test_issue_154.py:195: unconditional skip</skipped></testcase><testcase classname="tests.cases.issues.test_issue_154" name="test_create_single_ids_mygen_style[/Mfixref_target_is_parametrized-0]" time="0.003" /><testcase classname="tests.cases.issues.test_issue_154" name="test_create_single_ids_mygen_style[/Msingle_parametrized_lazy-foo]" time="0.003" /><testcase classname="tests.cases.issues.test_issue_154" name="test_create_single_ids_mygen_style[/Mfixref_target_is_parametrized_marked_skipped-0]" time="0.000"><skipped message="unconditional skip" type="pytest.skip">/home/runner/work/python-pytest-cases/python-pytest-cases/tests/cases/issues/test_issue_154.py:195: unconditional skip</skipped></testcase><testcase classname="tests.cases.issues.test_issue_154" name="test_create_single_ids_mygen_style[/Msingle_parametrized_lazy_value_target_is_skipped-bar]" time="0.000"><skipped message="unconditional skip" type="pytest.skip">/home/runner/work/python-pytest-cases/python-pytest-cases/tests/cases/issues/test_issue_154.py:195: unconditional skip</skipped></testcase><testcase classname="tests.cases.issues.test_issue_154" name="test_synthesis" time="0.015" /><testcase classname="tests.cases.issues.test_issue_158" name="test_foo[y-x]" time="0.001" /><testcase classname="tests.cases.issues.test_issue_158_2" name="test_foo[y-x]" time="0.001" /><testcase classname="tests.cases.issues.test_issue_158_2" name="test_synthesis" time="0.004" /><testcase classname="tests.cases.issues.test_issue_159" name="test_parametrize_with_single_case_method_unbound[first_lazy]" time="0.001" /><testcase classname="tests.cases.issues.test_issue_159" name="test_parametrize_with_single_case_method_unbound[second_fixture]" time="0.001" /><testcase classname="tests.cases.issues.test_issue_159" name="test_parametrize_with_single_case_method_bound[first_lazy]" time="0.001" /><testcase classname="tests.cases.issues.test_issue_159" name="test_parametrize_with_single_case_method_bound[second_fixture]" time="0.001" /><testcase classname="tests.cases.issues.test_issue_159" name="test_synthesis" time="0.004" /><testcase classname="tests.cases.issues.test_issue_165" name="test_empty_parameter_set[empty-empty0]" time="0.000"><skipped message="got empty parameter set ['empty'], function test_empty_parameter_set at /home/runner/work/python-pytest-cases/python-pytest-cases/tests/cases/issues/test_issue_165.py:8" type="pytest.skip">/home/runner/work/python-pytest-cases/python-pytest-cases/tests/cases/issues/test_issue_165.py:9: got empty parameter set ['empty'], function test_empty_parameter_set at /home/runner/work/python-pytest-cases/python-pytest-cases/tests/cases/issues/test_issue_165.py:8</skipped></testcase><testcase classname="tests.cases.issues.test_issue_168" name="test_foo[static]" time="0.001" /><testcase classname="tests.cases.issues.test_issue_168" name="test_foo[class]" time="0.001" /><testcase classname="tests.cases.issues.test_issue_168" name="test_foo[foo]" time="0.001" /><testcase classname="tests.cases.issues.test_issue_168" name="test_foo[static_skipped]" time="0.000"><skipped message="unconditional skip" type="pytest.skip">/home/runner/work/python-pytest-cases/python-pytest-cases/tests/cases/issues/test_issue_168.py:31: unconditional skip</skipped></testcase><testcase classname="tests.cases.issues.test_issue_168" name="test_foo[class_fix-1]" time="0.001" /><testcase classname="tests.cases.issues.test_issue_168" name="test_synthesis" time="0.004" /><testcase classname="tests.cases.issues.test_issue_171" name="test_create[current_object]" time="0.002" /><testcase classname="tests.cases.issues.test_issue_171" name="test_create[lala]" time="0.002" /><testcase classname="tests.cases.issues.test_issue_171" name="test_create[without_validation]" time="0.002" /><testcase classname="tests.cases.issues.test_issue_171" name="test_create[history_object]" time="0.002" /><testcase classname="tests.cases.issues.test_issue_171" name="test_create[xml_with_namespaces]" time="0.002" /><testcase classname="tests.cases.issues.test_issue_171" name="test_create[duplicate_name]" time="0.002" /><testcase classname="tests.cases.issues.test_issue_171" name="test_create[duplicate_name_without_valid]" time="0.002" /><testcase classname="tests.cases.issues.test_issue_171" name="test_create[not_enough_namespaceses]" time="0.002" /><testcase classname="tests.cases.issues.test_issue_171" name="test_create[invalid_xml]" time="0.002" /><testcase classname="tests.cases.issues.test_issue_171" name="test_create[invalid_xml_without_valid]" time="0.002" /><testcase classname="tests.cases.issues.test_issue_171" name="test_synthesis" time="0.004" /><testcase classname="tests.cases.issues.test_issue_179" name="test_nested_parametrize[x_one-one]" time="0.002" /><testcase classname="tests.cases.issues.test_issue_179" name="test_nested_parametrize[x_one-two]" time="0.002" /><testcase classname="tests.cases.issues.test_issue_179" name="test_nested_parametrize[x_two-one]" time="0.002" /><testcase classname="tests.cases.issues.test_issue_179" name="test_nested_parametrize[x_two-two]" time="0.002" /><testcase classname="tests.cases.issues.test_issue_179" name="test_synthesis" time="0.004" /><testcase classname="tests.cases.issues.test_issue_191" name="test_marks[no_fixture]" time="0.001" /><testcase classname="tests.cases.issues.test_issue_191" name="test_marks[fixture]" time="0.001" /><testcase classname="tests.cases.issues.test_issue_193" name="test_bar[two_positive_ints]" time="0.001" /><testcase classname="tests.cases.issues.test_issue_193" name="test_bar[two_positive_ints2]" time="0.001" /><testcase classname="tests.cases.issues.test_issue_193" name="test_foo[two_positive_ints]" time="0.001" /><testcase classname="tests.cases.issues.test_issue_193" name="test_foo[two_positive_ints2]" time="0.001" /><testcase classname="tests.cases.issues.test_issue_193_bis" name="test_bar[two_positive_ints2]" time="0.001" /><testcase classname="tests.cases.issues.test_issue_202" name="test_1[tup]" time="0.001" /><testcase classname="tests.cases.issues.test_issue_202" name="test_2[tup]" time="0.001" /><testcase classname="tests.cases.issues.test_issue_211" name="test_function[widget-name=joe]" time="0.001"><skipped message="joe skipped" type="pytest.skip">/home/runner/work/python-pytest-cases/python-pytest-cases/tests/cases/issues/test_issue_211.py:31: joe skipped</skipped></testcase><testcase classname="tests.cases.issues.test_issue_211" name="test_function[widget-name=alice]" time="0.001" /><testcase classname="tests.cases.issues.test_issue_211" name="test_function[foo]" time="0.001" /><testcase classname="tests.cases.issues.test_issue_211" name="test_synthesis" time="0.004" /><testcase classname="tests.cases.issues.test_issue_212" name="test_function_basic_parametrize[foo]" time="0.001" /><testcase classname="tests.cases.issues.test_issue_212" name="test_function_tuple_basic_parametrize[foo]" time="0.001" /><testcase classname="tests.cases.issues.test_issue_212" name="test_function_nested_parametrize[bar]" time="0.001" /><testcase classname="tests.cases.issues.test_issue_212" name="test_function_nested_parametrize[foo-dummy=a]" time="0.001" /><testcase classname="tests.cases.issues.test_issue_230" name="test_issue_230[None]" time="0.004" /><testcase classname="tests.cases.issues.test_issue_230" name="test_issue_230[True]" time="0.002" /><testcase classname="tests.cases.issues.test_issue_230" name="test_issue_230[False]" time="0.002" /><testcase classname="tests.cases.issues.test_issue_238" name="test_foo[task-joe]" time="0.001" /><testcase classname="tests.cases.issues.test_issue_238" name="test_foo[task-ana]" time="0.002" /><testcase classname="tests.cases.issues.test_issue_242" name="test_f_xy[A]" time="0.164" /><testcase classname="tests.cases.issues.test_issue_242" name="test_f_xy[B]" time="0.113" /><testcase classname="tests.cases.issues.test_issue_242" name="test_synthesis" time="0.005" /><testcase classname="tests.cases.issues.test_issue_246.TestNominal" name="test_pytest_nominal" time="0.001" /><testcase classname="tests.cases.issues.test_issue_246" name="test_pytest_cases[instance]" time="0.001" /><testcase classname="tests.cases.issues.test_issue_246" name="test_pytest_cases[static]" time="0.001" /><testcase classname="tests.cases.issues.test_issue_246" name="test_pytest_cases[classmethod]" time="0.001" /><testcase classname="tests.cases.issues.test_issue_246" name="test_pytest_cases2[instance]" time="0.001" /><testcase classname="tests.cases.issues.test_issue_246" name="test_pytest_cases2[static]" time="0.001" /><testcase classname="tests.cases.issues.test_issue_246" name="test_pytest_cases2[classmethod]" time="0.001" /><testcase classname="tests.cases.issues.test_issue_274" name="test_foo[dummy]" time="0.001" /><testcase classname="tests.cases.issues.test_issue_274" name="test_foo[dummy2]" time="0.001" /><testcase classname="tests.cases.issues.test_issue_274" name="test_foo[dummy3-False]" time="0.001" /><testcase classname="tests.cases.issues.test_issue_274" name="test_synthesis" time="0.004" /><testcase classname="tests.cases.issues.test_issue_286" name="test_isgeneratorfunction_fixture" time="0.001" /><testcase classname="tests.cases.issues.test_issue_286" name="test_isgeneratorfunction_parametrize" time="0.001" /><testcase classname="tests.cases.issues.test_py35_issue_176" name="test_sum_of[1]" time="0.002" /><testcase classname="tests.cases.issues.test_py35_issue_176" name="test_sum_of[2]" time="0.002" /><testcase classname="tests.cases.issues.test_py35_issue_176" name="test_synthesis" time="0.004" /><testcase classname="tests.cases.issues.test_py35_issue_243" name="test_missing_self" time="0.001" /><testcase classname="tests.cases.issues.test_py35_issue_243" name="test_missing_self_params" time="0.001" /><testcase classname="tests.cases.issues.test_py35_issue_286" name="test_iscoroutinefunction_fixture" time="0.001" /><testcase classname="tests.cases.issues.test_py35_issue_286" name="test_iscoroutinefunction_parametrize" time="0.001" /><testcase classname="tests.cases.issues.test_py35_issue_287" name="test_something[b]" time="0.001" /><testcase classname="tests.cases.issues.test_py36_issue_286" name="test_isasyncgenfunction_fixture" time="0.002" /><testcase classname="tests.cases.issues.test_py36_issue_286" name="test_isasyncgenfunction_parametrize" time="0.001" /><testcase classname="tests.cases.issues.issue_196.test_issue_196" name="test_foo[a]" time="0.001" /><testcase classname="tests.cases.issues.issue_225.test_sth" name="test_xy[y-x0]" time="0.002" /><testcase classname="tests.cases.issues.issue_225.test_sth" name="test_xy[y-x1]" time="0.002" /><testcase classname="tests.cases.issues.issue_258.test_issue_258" name="test_all[1]" time="0.001" /><testcase classname="tests.cases.issues.issue_258.test_issue_258" name="test_all[2]" time="0.001" /><testcase classname="tests.cases.issues.issue_258.test_issue_258" name="test_all[3]" time="0.001" /><testcase classname="tests.cases.issues.issue_258.test_issue_258" name="test_all[4]" time="0.001" /><testcase classname="tests.cases.issues.issue_258.test_issue_258" name="test_a[1]" time="0.001" /><testcase classname="tests.cases.issues.issue_258.test_issue_258" name="test_a[2]" time="0.001" /><testcase classname="tests.cases.issues.issue_258.test_issue_258" name="test_b[3]" time="0.001" /><testcase classname="tests.cases.issues.issue_258.test_issue_258" name="test_b[4]" time="0.001" /><testcase classname="tests.cases.issues.issue_258.test_issue_258" name="test_banana[1]" time="0.001" /><testcase classname="tests.cases.issues.issue_258.test_issue_258" name="test_banana[3]" time="0.001" /><testcase classname="tests.cases.issues.issue_258.test_issue_258" name="test_this_module_cases" time="0.001" /><testcase classname="tests.cases.issues.issue_258.test_issue_258" name="test_relative_module_cases" time="0.001" /><testcase classname="tests.cases.issues.issue_258.test_issue_258" name="test_auto_cases[True]" time="0.001" /><testcase classname="tests.cases.issues.issue_258.test_issue_258" name="test_auto_cases[False]" time="0.001" /><testcase classname="tests.cases.issues.issue_258.test_issue_258" name="test_module_parametrization_auto" time="0.001" /><testcase classname="tests.cases.issues.issue_258.test_issue_258" name="test_module_parametrization_this_module" time="0.001" /><testcase classname="tests.cases.issues.issue_309.test_issue_309" name="test_get_all_cases_auto_raises" time="0.001" /><testcase classname="tests.cases.issues.issue_311.test_issue_311.test_issue_311" name="test_scope_mismatch_collection[parametrized-arg=1]" time="0.001" /><testcase classname="tests.cases.issues.issue_311.test_issue_311.test_issue_311" name="test_scopes[parametrized-arg=1-parametrized-arg=1-parametrized-arg=1]" time="0.002" /><testcase classname="tests.cases.issues.issue_311.test_issue_311.test_issue_311" name="test_scopes_again[parametrized-arg=1-parametrized-arg=1-parametrized-arg=1]" time="0.002" /><testcase classname="tests.cases.issues.issue_311.test_issue_311.test_issue_311.TestScopesInClass" name="test_scopes_in_class[parametrized-arg=1-parametrized-arg=1-parametrized-arg=1]" time="0.002" /><testcase classname="tests.cases.issues.issue_311.test_issue_311.test_issue_311.TestScopesInClass" name="test_scopes_in_class_again[parametrized-arg=1-parametrized-arg=1-parametrized-arg=1]" time="0.002" /><testcase classname="tests.cases.others.test_bound_methods" name="test_needs_binding[plain_py_func--False-True]" time="0.001" /><testcase classname="tests.cases.others.test_bound_methods" name="test_needs_binding[partial_func--False-True]" time="0.001" /><testcase classname="tests.cases.others.test_bound_methods" name="test_needs_binding[nested_func--False-True]" time="0.001" /><testcase classname="tests.cases.others.test_bound_methods" name="test_needs_binding[nested_partial_func--False-True]" time="0.001" /><testcase classname="tests.cases.others.test_bound_methods" name="test_needs_binding[method_on_instance--False-True]" time="0.001" /><testcase classname="tests.cases.others.test_bound_methods" name="test_needs_binding[method_unbound--True-True]" time="0.001" /><testcase classname="tests.cases.others.test_bound_methods" name="test_needs_binding[method_on_class_dict--True-True]" time="0.001" /><testcase classname="tests.cases.others.test_bound_methods" name="test_needs_binding[static_method_on_instance--False-True]" time="0.001" /><testcase classname="tests.cases.others.test_bound_methods" name="test_needs_binding[static_method_on_class--False-True]" time="0.002" /><testcase classname="tests.cases.others.test_bound_methods" name="test_needs_binding[static_method_on_class_dict--True-True]" time="0.001" /><testcase classname="tests.cases.others.test_bound_methods" name="test_needs_binding[class_method_on_instance--False-True]" time="0.001" /><testcase classname="tests.cases.others.test_bound_methods" name="test_needs_binding[class_method_on_class--False-True]" time="0.001" /><testcase classname="tests.cases.others.test_bound_methods" name="test_needs_binding[class_method_on_class_dict--True-True]" time="0.001" /><testcase classname="tests.cases.others.test_bound_methods" name="test_needs_binding[descriptor_method_on_instance--False-True]" time="0.001" /><testcase classname="tests.cases.others.test_bound_methods" name="test_needs_binding[descriptor_method_on_class--False-True]" time="0.001" /><testcase classname="tests.cases.others.test_bound_methods" name="test_needs_binding[cls_nested_py_func--False-True]" time="0.001" /><testcase classname="tests.cases.others.test_bound_methods" name="test_needs_binding[cls_nested_method_on_instance--False-True]" time="0.001" /><testcase classname="tests.cases.others.test_bound_methods" name="test_needs_binding[cls_nested_method_unbound--True-True]" time="0.001" /><testcase classname="tests.cases.others.test_bound_methods" name="test_needs_binding[cls_nested_method_on_class_dict--True-True]" time="0.001" /><testcase classname="tests.cases.others.test_bound_methods" name="test_needs_binding[cls_nested_static_method_on_instance--False-True]" time="0.001" /><testcase classname="tests.cases.others.test_bound_methods" name="test_needs_binding[cls_nested_static_method_on_class--False-True]" time="0.001" /><testcase classname="tests.cases.others.test_bound_methods" name="test_needs_binding[cls_nested_static_method_on_class_dict--True-True]" time="0.001" /><testcase classname="tests.cases.others.test_bound_methods" name="test_needs_binding[cls_nested_class_method_on_instance--False-True]" time="0.001" /><testcase classname="tests.cases.others.test_bound_methods" name="test_needs_binding[cls_nested_class_method_on_class--False-True]" time="0.001" /><testcase classname="tests.cases.others.test_bound_methods" name="test_needs_binding[cls_nested_class_method_on_class_dict--True-True]" time="0.001" /><testcase classname="tests.cases.others.test_bound_methods" name="test_needs_binding[cls_nested_descriptor_method_on_instance--False-True]" time="0.001" /><testcase classname="tests.cases.others.test_bound_methods" name="test_needs_binding[cls_nested_descriptor_method_on_class--False-True]" time="0.001" /><testcase classname="tests.cases.others.test_glob_low_level" name="test_glob_low_level" time="0.001" /><testcase classname="tests.cases.so.test_so2" name="test_a[1]" time="0.001" /><testcase classname="tests.cases.so.test_so2" name="test_a[2]" time="0.001" /><testcase classname="tests.cases.so.test_so2" name="test_b[2]" time="0.001" /><testcase classname="tests.cases.so.test_so2" name="test_b[3]" time="0.001" /><testcase classname="tests.cases.so.test_so2" name="test_c[1]" time="0.001" /><testcase classname="tests.cases.so.test_so2" name="test_c[2]" time="0.001" /><testcase classname="tests.cases.so.test_so2" name="test_c[3]" time="0.001" /><testcase classname="tests.cases.so.test_so3.TestIt" name="test_tc1[['var1', 'var2']]" time="0.001" /><testcase classname="tests.pytest_extension.doc.test_doc_fixture_graph" name="test_2[ie=-1-ia=0-i2=x]" time="0.002" /><testcase classname="tests.pytest_extension.doc.test_doc_fixture_graph" name="test_2[ie=-1-ia=0-i2=z]" time="0.001" /><testcase classname="tests.pytest_extension.doc.test_doc_fixture_graph" name="test_2[ie=-1-ia=1-i2=x]" time="0.001" /><testcase classname="tests.pytest_extension.doc.test_doc_fixture_graph" name="test_2[ie=-1-ia=1-i2=z]" time="0.001" /><testcase classname="tests.pytest_extension.doc.test_doc_fixture_graph" name="test_2[ie=1-ia=0-i2=x]" time="0.001" /><testcase classname="tests.pytest_extension.doc.test_doc_fixture_graph" name="test_2[ie=1-ia=0-i2=z]" time="0.001" /><testcase classname="tests.pytest_extension.doc.test_doc_fixture_graph" name="test_2[ie=1-ia=1-i2=x]" time="0.001" /><testcase classname="tests.pytest_extension.doc.test_doc_fixture_graph" name="test_2[ie=1-ia=1-i2=z]" time="0.001" /><testcase classname="tests.pytest_extension.doc.test_doc_fixture_graph" name="test_1[ie=-1-ia=0-ib=x]" time="0.001" /><testcase classname="tests.pytest_extension.doc.test_doc_fixture_graph" name="test_1[ie=-1-ia=0-ib=z]" time="0.001" /><testcase classname="tests.pytest_extension.doc.test_doc_fixture_graph" name="test_1[ie=-1-ia=1-ib=x]" time="0.001" /><testcase classname="tests.pytest_extension.doc.test_doc_fixture_graph" name="test_1[ie=-1-ia=1-ib=z]" time="0.001" /><testcase classname="tests.pytest_extension.doc.test_doc_fixture_graph" name="test_1[ie=1-ia=0-ib=x]" time="0.001" /><testcase classname="tests.pytest_extension.doc.test_doc_fixture_graph" name="test_1[ie=1-ia=0-ib=z]" time="0.001" /><testcase classname="tests.pytest_extension.doc.test_doc_fixture_graph" name="test_1[ie=1-ia=1-ib=x]" time="0.001" /><testcase classname="tests.pytest_extension.doc.test_doc_fixture_graph" name="test_1[ie=1-ia=1-ib=z]" time="0.001" /><testcase classname="tests.pytest_extension.doc.test_doc_fixture_graph_union" name="test_2[ie=-1-ia=0-i2=x]" time="0.001" /><testcase classname="tests.pytest_extension.doc.test_doc_fixture_graph_union" name="test_2[ie=-1-ia=0-i2=z]" time="0.001" /><testcase classname="tests.pytest_extension.doc.test_doc_fixture_graph_union" name="test_2[ie=-1-ia=1-i2=x]" time="0.001" /><testcase classname="tests.pytest_extension.doc.test_doc_fixture_graph_union" name="test_2[ie=-1-ia=1-i2=z]" time="0.001" /><testcase classname="tests.pytest_extension.doc.test_doc_fixture_graph_union" name="test_2[ie=1-ia=0-i2=x]" time="0.001" /><testcase classname="tests.pytest_extension.doc.test_doc_fixture_graph_union" name="test_2[ie=1-ia=0-i2=z]" time="0.001" /><testcase classname="tests.pytest_extension.doc.test_doc_fixture_graph_union" name="test_2[ie=1-ia=1-i2=x]" time="0.001" /><testcase classname="tests.pytest_extension.doc.test_doc_fixture_graph_union" name="test_2[ie=1-ia=1-i2=z]" time="0.001" /><testcase classname="tests.pytest_extension.doc.test_doc_fixture_graph_union" name="test_1[ie=-1-/a-ia=0]" time="0.002" /><testcase classname="tests.pytest_extension.doc.test_doc_fixture_graph_union" name="test_1[ie=-1-/a-ia=1]" time="0.002" /><testcase classname="tests.pytest_extension.doc.test_doc_fixture_graph_union" name="test_1[ie=-1-/b-ib=x-a-ia=0]" time="0.002" /><testcase classname="tests.pytest_extension.doc.test_doc_fixture_graph_union" name="test_1[ie=-1-/b-ib=x-a-ia=1]" time="0.002" /><testcase classname="tests.pytest_extension.doc.test_doc_fixture_graph_union" name="test_1[ie=-1-/b-ib=x-c]" time="0.002" /><testcase classname="tests.pytest_extension.doc.test_doc_fixture_graph_union" name="test_1[ie=-1-/b-ib=z-a-ia=0]" time="0.002" /><testcase classname="tests.pytest_extension.doc.test_doc_fixture_graph_union" name="test_1[ie=-1-/b-ib=z-a-ia=1]" time="0.002" /><testcase classname="tests.pytest_extension.doc.test_doc_fixture_graph_union" name="test_1[ie=-1-/b-ib=z-c]" time="0.002" /><testcase classname="tests.pytest_extension.doc.test_doc_fixture_graph_union" name="test_1[ie=1-/a-ia=0]" time="0.002" /><testcase classname="tests.pytest_extension.doc.test_doc_fixture_graph_union" name="test_1[ie=1-/a-ia=1]" time="0.002" /><testcase classname="tests.pytest_extension.doc.test_doc_fixture_graph_union" name="test_1[ie=1-/b-ib=x-a-ia=0]" time="0.002" /><testcase classname="tests.pytest_extension.doc.test_doc_fixture_graph_union" name="test_1[ie=1-/b-ib=x-a-ia=1]" time="0.002" /><testcase classname="tests.pytest_extension.doc.test_doc_fixture_graph_union" name="test_1[ie=1-/b-ib=x-c]" time="0.002" /><testcase classname="tests.pytest_extension.doc.test_doc_fixture_graph_union" name="test_1[ie=1-/b-ib=z-a-ia=0]" time="0.002" /><testcase classname="tests.pytest_extension.doc.test_doc_fixture_graph_union" name="test_1[ie=1-/b-ib=z-a-ia=1]" time="0.002" /><testcase classname="tests.pytest_extension.doc.test_doc_fixture_graph_union" name="test_1[ie=1-/b-ib=z-c]" time="0.002" /><testcase classname="tests.pytest_extension.doc.test_doc_fixture_graph_union" name="test_closure[ie=-1]" time="0.001" /><testcase classname="tests.pytest_extension.doc.test_doc_fixture_graph_union" name="test_closure[ie=1]" time="0.001" /><testcase classname="tests.pytest_extension.doc.test_doc_fixture_graph_union_normal" name="test_2[ie=-1-ia=0-i2=x]" time="0.001" /><testcase classname="tests.pytest_extension.doc.test_doc_fixture_graph_union_normal" name="test_2[ie=-1-ia=0-i2=z]" time="0.001" /><testcase classname="tests.pytest_extension.doc.test_doc_fixture_graph_union_normal" name="test_2[ie=-1-ia=1-i2=x]" time="0.001" /><testcase classname="tests.pytest_extension.doc.test_doc_fixture_graph_union_normal" name="test_2[ie=-1-ia=1-i2=z]" time="0.001" /><testcase classname="tests.pytest_extension.doc.test_doc_fixture_graph_union_normal" name="test_2[ie=1-ia=0-i2=x]" time="0.001" /><testcase classname="tests.pytest_extension.doc.test_doc_fixture_graph_union_normal" name="test_2[ie=1-ia=0-i2=z]" time="0.001" /><testcase classname="tests.pytest_extension.doc.test_doc_fixture_graph_union_normal" name="test_2[ie=1-ia=1-i2=x]" time="0.001" /><testcase classname="tests.pytest_extension.doc.test_doc_fixture_graph_union_normal" name="test_2[ie=1-ia=1-i2=z]" time="0.001" /><testcase classname="tests.pytest_extension.doc.test_doc_fixture_graph_union_normal" name="test_1[ie=-1-ia=0-ib=x]" time="0.001" /><testcase classname="tests.pytest_extension.doc.test_doc_fixture_graph_union_normal" name="test_1[ie=-1-ia=0-ib=z]" time="0.001" /><testcase classname="tests.pytest_extension.doc.test_doc_fixture_graph_union_normal" name="test_1[ie=-1-ia=1-ib=x]" time="0.001" /><testcase classname="tests.pytest_extension.doc.test_doc_fixture_graph_union_normal" name="test_1[ie=-1-ia=1-ib=z]" time="0.001" /><testcase classname="tests.pytest_extension.doc.test_doc_fixture_graph_union_normal" name="test_1[ie=1-ia=0-ib=x]" time="0.001" /><testcase classname="tests.pytest_extension.doc.test_doc_fixture_graph_union_normal" name="test_1[ie=1-ia=0-ib=z]" time="0.001" /><testcase classname="tests.pytest_extension.doc.test_doc_fixture_graph_union_normal" name="test_1[ie=1-ia=1-ib=x]" time="0.001" /><testcase classname="tests.pytest_extension.doc.test_doc_fixture_graph_union_normal" name="test_1[ie=1-ia=1-ib=z]" time="0.001" /><testcase classname="tests.pytest_extension.doc.test_doc_fixture_graph_union_normal" name="test_synthesis_1[-1]" time="0.005" /><testcase classname="tests.pytest_extension.doc.test_doc_fixture_graph_union_union" name="test_2[ie=-1-ia=0-i2=x]" time="0.001" /><testcase classname="tests.pytest_extension.doc.test_doc_fixture_graph_union_union" name="test_2[ie=-1-ia=0-i2=z]" time="0.001" /><testcase classname="tests.pytest_extension.doc.test_doc_fixture_graph_union_union" name="test_2[ie=-1-ia=1-i2=x]" time="0.001" /><testcase classname="tests.pytest_extension.doc.test_doc_fixture_graph_union_union" name="test_2[ie=-1-ia=1-i2=z]" time="0.001" /><testcase classname="tests.pytest_extension.doc.test_doc_fixture_graph_union_union" name="test_2[ie=1-ia=0-i2=x]" time="0.001" /><testcase classname="tests.pytest_extension.doc.test_doc_fixture_graph_union_union" name="test_2[ie=1-ia=0-i2=z]" time="0.001" /><testcase classname="tests.pytest_extension.doc.test_doc_fixture_graph_union_union" name="test_2[ie=1-ia=1-i2=x]" time="0.001" /><testcase classname="tests.pytest_extension.doc.test_doc_fixture_graph_union_union" name="test_2[ie=1-ia=1-i2=z]" time="0.001" /><testcase classname="tests.pytest_extension.doc.test_doc_fixture_graph_union_union" name="test_1[ie=-1-u/a-ia=0]" time="0.002" /><testcase classname="tests.pytest_extension.doc.test_doc_fixture_graph_union_union" name="test_1[ie=-1-u/a-ia=1]" time="0.002" /><testcase classname="tests.pytest_extension.doc.test_doc_fixture_graph_union_union" name="test_1[ie=-1-u/b-ib=x-ub/a-ia=0]" time="0.002" /><testcase classname="tests.pytest_extension.doc.test_doc_fixture_graph_union_union" name="test_1[ie=-1-u/b-ib=x-ub/a-ia=1]" time="0.002" /><testcase classname="tests.pytest_extension.doc.test_doc_fixture_graph_union_union" name="test_1[ie=-1-u/b-ib=x-ub/c]" time="0.002" /><testcase classname="tests.pytest_extension.doc.test_doc_fixture_graph_union_union" name="test_1[ie=-1-u/b-ib=z-ub/a-ia=0]" time="0.002" /><testcase classname="tests.pytest_extension.doc.test_doc_fixture_graph_union_union" name="test_1[ie=-1-u/b-ib=z-ub/a-ia=1]" time="0.002" /><testcase classname="tests.pytest_extension.doc.test_doc_fixture_graph_union_union" name="test_1[ie=-1-u/b-ib=z-ub/c]" time="0.002" /><testcase classname="tests.pytest_extension.doc.test_doc_fixture_graph_union_union" name="test_1[ie=1-u/a-ia=0]" time="0.002" /><testcase classname="tests.pytest_extension.doc.test_doc_fixture_graph_union_union" name="test_1[ie=1-u/a-ia=1]" time="0.002" /><testcase classname="tests.pytest_extension.doc.test_doc_fixture_graph_union_union" name="test_1[ie=1-u/b-ib=x-ub/a-ia=0]" time="0.002" /><testcase classname="tests.pytest_extension.doc.test_doc_fixture_graph_union_union" name="test_1[ie=1-u/b-ib=x-ub/a-ia=1]" time="0.002" /><testcase classname="tests.pytest_extension.doc.test_doc_fixture_graph_union_union" name="test_1[ie=1-u/b-ib=x-ub/c]" time="0.002" /><testcase classname="tests.pytest_extension.doc.test_doc_fixture_graph_union_union" name="test_1[ie=1-u/b-ib=z-ub/a-ia=0]" time="0.002" /><testcase classname="tests.pytest_extension.doc.test_doc_fixture_graph_union_union" name="test_1[ie=1-u/b-ib=z-ub/a-ia=1]" time="0.002" /><testcase classname="tests.pytest_extension.doc.test_doc_fixture_graph_union_union" name="test_1[ie=1-u/b-ib=z-ub/c]" time="0.002" /><testcase classname="tests.pytest_extension.doc.test_doc_fixture_graph_union_union" name="test_synthesis_1[-1]" time="0.006" /><testcase classname="tests.pytest_extension.doc.test_doc_parametrize" name="test_prints[nothing-?]" time="0.002" /><testcase classname="tests.pytest_extension.doc.test_doc_parametrize" name="test_prints[nothing-!]" time="0.002" /><testcase classname="tests.pytest_extension.doc.test_doc_parametrize" name="test_prints[world_str-?]" time="0.002" /><testcase classname="tests.pytest_extension.doc.test_doc_parametrize" name="test_prints[world_str-!]" time="0.002" /><testcase classname="tests.pytest_extension.doc.test_doc_parametrize" name="test_prints[whatfun-?]" time="0.002" /><testcase classname="tests.pytest_extension.doc.test_doc_parametrize" name="test_prints[whatfun-!]" time="0.002" /><testcase classname="tests.pytest_extension.doc.test_doc_parametrize" name="test_prints[1-?]" time="0.002" /><testcase classname="tests.pytest_extension.doc.test_doc_parametrize" name="test_prints[1-!]" time="0.002" /><testcase classname="tests.pytest_extension.doc.test_doc_parametrize" name="test_prints[greetings-world_str-?]" time="0.002" /><testcase classname="tests.pytest_extension.doc.test_doc_parametrize" name="test_prints[greetings-world_str-!]" time="0.002" /><testcase classname="tests.pytest_extension.doc.test_doc_parametrize" name="test_prints[greetings-you-?]" time="0.002" /><testcase classname="tests.pytest_extension.doc.test_doc_parametrize" name="test_prints[greetings-you-!]" time="0.002" /><testcase classname="tests.pytest_extension.doc.test_doc_parametrize" name="test_synthesis" time="0.005" /><testcase classname="tests.pytest_extension.doc.test_doc_parametrize_customids" name="test_prints[main_msg/nothing-?]" time="0.002" /><testcase classname="tests.pytest_extension.doc.test_doc_parametrize_customids" name="test_prints[main_msg/nothing-!]" time="0.002" /><testcase classname="tests.pytest_extension.doc.test_doc_parametrize_customids" name="test_prints[main_msg/world_str-?]" time="0.002" /><testcase classname="tests.pytest_extension.doc.test_doc_parametrize_customids" name="test_prints[main_msg/world_str-!]" time="0.002" /><testcase classname="tests.pytest_extension.doc.test_doc_parametrize_customids" name="test_prints[main_msg/P2:4-whatfun-?]" time="0.002" /><testcase classname="tests.pytest_extension.doc.test_doc_parametrize_customids" name="test_prints[main_msg/P2:4-whatfun-!]" time="0.002" /><testcase classname="tests.pytest_extension.doc.test_doc_parametrize_customids" name="test_prints[main_msg/P2:4-1-?]" time="0.002" /><testcase classname="tests.pytest_extension.doc.test_doc_parametrize_customids" name="test_prints[main_msg/P2:4-1-!]" time="0.002" /><testcase classname="tests.pytest_extension.doc.test_doc_parametrize_customids" name="test_prints[main_msg/greetings-world_str-?]" time="0.002" /><testcase classname="tests.pytest_extension.doc.test_doc_parametrize_customids" name="test_prints[main_msg/greetings-world_str-!]" time="0.002" /><testcase classname="tests.pytest_extension.doc.test_doc_parametrize_customids" name="test_prints[main_msg/greetings-you-?]" time="0.002" /><testcase classname="tests.pytest_extension.doc.test_doc_parametrize_customids" name="test_prints[main_msg/greetings-you-!]" time="0.002" /><testcase classname="tests.pytest_extension.fixtures.test_hook" name="test_a[u-/o-3-4]" time="0.002" /><testcase classname="tests.pytest_extension.fixtures.test_hook" name="test_a[u-/p-3-4]" time="0.002" /><testcase classname="tests.pytest_extension.fixtures.test_hook" name="test_a[p1-1-3-4]" time="0.002" /><testcase classname="tests.pytest_extension.fixtures.test_hook" name="test_a[p1-2-3-4]" time="0.002" /><testcase classname="tests.pytest_extension.fixtures.test_hook" name="test_synthesis" time="0.004" /><testcase classname="tests.pytest_extension.fixtures.test_issue_github_54" name="test_invalid_argvalues" time="0.001" /><testcase classname="tests.pytest_extension.fixtures.test_so3" name="test_stuff" time="0.001" /><testcase classname="tests.pytest_extension.fixtures.fixture_plus_and_others.test_fixture_unpacking" name="test_function[hello]" time="0.001" /><testcase classname="tests.pytest_extension.fixtures.fixture_plus_and_others.test_fixture_unpacking" name="test_function[world]" time="0.001" /><testcase classname="tests.pytest_extension.fixtures.fixture_plus_and_others.test_fixture_unpacking" name="test_synthesis" time="0.003" /><testcase classname="tests.pytest_extension.fixtures.fixture_plus_and_others.test_fixture_unpacking2" name="test_function[hello]" time="0.001" /><testcase classname="tests.pytest_extension.fixtures.fixture_plus_and_others.test_fixture_unpacking2" name="test_function[world]" time="0.001" /><testcase classname="tests.pytest_extension.fixtures.fixture_plus_and_others.test_fixture_unpacking2" name="test_function2[/root1-hello]" time="0.001" /><testcase classname="tests.pytest_extension.fixtures.fixture_plus_and_others.test_fixture_unpacking2" name="test_function2[/root1-world]" time="0.001" /><testcase classname="tests.pytest_extension.fixtures.fixture_plus_and_others.test_fixture_unpacking2" name="test_function2[/root2-yeepee]" time="0.001" /><testcase classname="tests.pytest_extension.fixtures.fixture_plus_and_others.test_fixture_unpacking2" name="test_function2[/root2-yay]" time="0.001" /><testcase classname="tests.pytest_extension.fixtures.fixture_plus_and_others.test_fixture_unpacking2" name="test_synthesis" time="0.004" /><testcase classname="tests.pytest_extension.fixtures.fixture_plus_and_others.test_fixture_unpacking_cls.TestClass" name="test_function[hello]" time="0.001" /><testcase classname="tests.pytest_extension.fixtures.fixture_plus_and_others.test_fixture_unpacking_cls.TestClass" name="test_function[world]" time="0.001" /><testcase classname="tests.pytest_extension.fixtures.fixture_plus_and_others.test_fixtures_parametrize" name="test_one[one-one]" time="0.001" /><testcase classname="tests.pytest_extension.fixtures.fixture_plus_and_others.test_fixtures_parametrize" name="test_one[one-two]" time="0.001" /><testcase classname="tests.pytest_extension.fixtures.fixture_plus_and_others.test_fixtures_parametrize" name="test_one[two-one]" time="0.001" /><testcase classname="tests.pytest_extension.fixtures.fixture_plus_and_others.test_fixtures_parametrize" name="test_one[two-two]" time="0.001" /><testcase classname="tests.pytest_extension.fixtures.fixture_plus_and_others.test_fixtures_parametrize" name="test_synthesis" time="0.003" /><testcase classname="tests.pytest_extension.fixtures.fixture_plus_and_others.test_fixtures_parametrize" name="test_two[1-2-!0!]" time="0.001" /><testcase classname="tests.pytest_extension.fixtures.fixture_plus_and_others.test_fixtures_parametrize" name="test_two[p_a-!0!]" time="0.001" /><testcase classname="tests.pytest_extension.fixtures.fixture_plus_and_others.test_fixtures_parametrize" name="test_two[skipped-!0!]" time="0.000"><skipped message="unconditional skip" type="pytest.skip">/home/runner/work/python-pytest-cases/python-pytest-cases/tests/pytest_extension/fixtures/fixture_plus_and_others/test_fixtures_parametrize.py:62: unconditional skip</skipped></testcase><testcase classname="tests.pytest_extension.fixtures.fixture_plus_and_others.test_fixtures_parametrize" name="test_three[1-2-!0!-a]" time="0.001" /><testcase classname="tests.pytest_extension.fixtures.fixture_plus_and_others.test_fixtures_parametrize" name="test_three[p_a-!0!-a]" time="0.001" /><testcase classname="tests.pytest_extension.fixtures.fixture_plus_and_others.test_fixtures_parametrize" name="test_three[skipped-!0!-a]" time="0.000"><skipped message="unconditional skip" type="pytest.skip">/home/runner/work/python-pytest-cases/python-pytest-cases/tests/pytest_extension/fixtures/fixture_plus_and_others/test_fixtures_parametrize.py:75: unconditional skip</skipped></testcase><testcase classname="tests.pytest_extension.fixtures.fixture_plus_and_others.test_fixtures_parametrize" name="test_synthesis2" time="0.004" /><testcase classname="tests.pytest_extension.fixtures.fixture_plus_and_others.test_fixtures_parametrize_stereo" name="test_stereo_two_parametrizers[list-stereo 1.wav]" time="0.001" /><testcase classname="tests.pytest_extension.fixtures.fixture_plus_and_others.test_fixtures_parametrize_stereo" name="test_stereo_two_parametrizers[list-stereo 2.wav]" time="0.001" /><testcase classname="tests.pytest_extension.fixtures.fixture_plus_and_others.test_fixtures_parametrize_stereo" name="test_stereo_two_parametrizers[dict-stereo 1.wav]" time="0.001" /><testcase classname="tests.pytest_extension.fixtures.fixture_plus_and_others.test_fixtures_parametrize_stereo" name="test_stereo_two_parametrizers[dict-stereo 2.wav]" time="0.001" /><testcase classname="tests.pytest_extension.fixtures.fixture_plus_and_others.test_fixtures_parametrize_stereo" name="test_reference_test[list-stereo 1.wav]" time="0.001" /><testcase classname="tests.pytest_extension.fixtures.fixture_plus_and_others.test_fixtures_parametrize_stereo" name="test_reference_test[list-stereo 2.wav]" time="0.001" /><testcase classname="tests.pytest_extension.fixtures.fixture_plus_and_others.test_fixtures_parametrize_stereo" name="test_reference_test[dict-stereo 1.wav]" time="0.001" /><testcase classname="tests.pytest_extension.fixtures.fixture_plus_and_others.test_fixtures_parametrize_stereo" name="test_reference_test[dict-stereo 2.wav]" time="0.001" /><testcase classname="tests.pytest_extension.fixtures.fixture_plus_and_others.test_fixtures_parametrize_stereo" name="test_stereo_one_global_parametrizer[list-stereo 1.wav]" time="0.001" /><testcase classname="tests.pytest_extension.fixtures.fixture_plus_and_others.test_fixtures_parametrize_stereo" name="test_stereo_one_global_parametrizer[list-stereo 2.wav]" time="0.001" /><testcase classname="tests.pytest_extension.fixtures.fixture_plus_and_others.test_fixtures_parametrize_stereo" name="test_stereo_one_global_parametrizer[dict-stereo 1.wav]" time="0.001" /><testcase classname="tests.pytest_extension.fixtures.fixture_plus_and_others.test_fixtures_parametrize_stereo" name="test_stereo_one_global_parametrizer[dict-stereo 2.wav]" time="0.001" /><testcase classname="tests.pytest_extension.fixtures.fixture_plus_and_others.test_fixtures_paramfixtures" name="test_uses_param[1-3]" time="0.001" /><testcase classname="tests.pytest_extension.fixtures.fixture_plus_and_others.test_fixtures_paramfixtures" name="test_uses_param[1-4]" time="0.001" /><testcase classname="tests.pytest_extension.fixtures.fixture_plus_and_others.test_fixtures_paramfixtures" name="test_uses_param[2-3]" time="0.001" /><testcase classname="tests.pytest_extension.fixtures.fixture_plus_and_others.test_fixtures_paramfixtures" name="test_uses_param[2-4]" time="0.001" /><testcase classname="tests.pytest_extension.fixtures.fixture_plus_and_others.test_fixtures_paramfixtures" name="test_uses_param2[1-2-5]" time="0.001" /><testcase classname="tests.pytest_extension.fixtures.fixture_plus_and_others.test_fixtures_paramfixtures" name="test_uses_param2[1-2-6]" time="0.001" /><testcase classname="tests.pytest_extension.fixtures.fixture_plus_and_others.test_fixtures_paramfixtures" name="test_uses_param2[3-4-5]" time="0.001" /><testcase classname="tests.pytest_extension.fixtures.fixture_plus_and_others.test_fixtures_paramfixtures" name="test_uses_param2[3-4-6]" time="0.001" /><testcase classname="tests.pytest_extension.fixtures.fixture_plus_and_others.test_fixtures_paramfixtures" name="test_custom_parameters[f_a-a-b-t_a]" time="0.001" /><testcase classname="tests.pytest_extension.fixtures.fixture_plus_and_others.test_fixtures_paramfixtures" name="test_custom_parameters[f_a-a-b-t_b]" time="0.002" /><testcase classname="tests.pytest_extension.fixtures.fixture_plus_and_others.test_fixtures_paramfixtures" name="test_custom_parameters[f_a-c-d-t_a]" time="0.001" /><testcase classname="tests.pytest_extension.fixtures.fixture_plus_and_others.test_fixtures_paramfixtures" name="test_custom_parameters[f_a-c-d-t_b]" time="0.001" /><testcase classname="tests.pytest_extension.fixtures.fixture_plus_and_others.test_fixtures_paramfixtures" name="test_custom_parameters[f_b-a-b-t_a]" time="0.001" /><testcase classname="tests.pytest_extension.fixtures.fixture_plus_and_others.test_fixtures_paramfixtures" name="test_custom_parameters[f_b-a-b-t_b]" time="0.001" /><testcase classname="tests.pytest_extension.fixtures.fixture_plus_and_others.test_fixtures_paramfixtures" name="test_custom_parameters[f_b-c-d-t_a]" time="0.001" /><testcase classname="tests.pytest_extension.fixtures.fixture_plus_and_others.test_fixtures_paramfixtures" name="test_custom_parameters[f_b-c-d-t_b]" time="0.001" /><testcase classname="tests.pytest_extension.fixtures.fixture_plus_and_others.test_fixtures_paramfixtures" name="test_synthesis" time="0.004" /><testcase classname="tests.pytest_extension.fixtures.fixture_plus_and_others.test_fixtures_paramfixtures_marks" name="test_foo[1]" time="0.001" /><testcase classname="tests.pytest_extension.fixtures.fixture_plus_and_others.test_fixtures_paramfixtures_marks" name="test_foo[22]" time="0.001" /><testcase classname="tests.pytest_extension.fixtures.fixture_plus_and_others.test_fixtures_paramfixtures_marks" name="test_foo[3]" time="0.000"><skipped message="unconditional skip" type="pytest.skip">/home/runner/work/python-pytest-cases/python-pytest-cases/tests/pytest_extension/fixtures/fixture_plus_and_others/test_fixtures_paramfixtures_marks.py:18: unconditional skip</skipped></testcase><testcase classname="tests.pytest_extension.fixtures.fixture_plus_and_others.test_fixtures_paramfixtures_marks" name="test_synthesis" time="0.003" /><testcase classname="tests.pytest_extension.fixtures.fixture_plus_and_others.test_skip_on_paramz_fixture" name="test_foo_simple_param[0]" time="0.001" /><testcase classname="tests.pytest_extension.fixtures.fixture_plus_and_others.test_skip_on_paramz_fixture" name="test_foo_simple_param[1]" time="0.000"><skipped message="unconditional skip" type="pytest.skip">/home/runner/work/python-pytest-cases/python-pytest-cases/tests/pytest_extension/fixtures/fixture_plus_and_others/test_skip_on_paramz_fixture.py:7: unconditional skip</skipped></testcase><testcase classname="tests.pytest_extension.fixtures.fixture_plus_and_others.test_skip_on_paramz_fixture" name="test_foo2_paramfix[0]" time="0.001" /><testcase classname="tests.pytest_extension.fixtures.fixture_plus_and_others.test_skip_on_paramz_fixture" name="test_foo2_paramfix[1]" time="0.000"><skipped message="unconditional skip" type="pytest.skip">/home/runner/work/python-pytest-cases/python-pytest-cases/tests/pytest_extension/fixtures/fixture_plus_and_others/test_skip_on_paramz_fixture.py:17: unconditional skip</skipped></testcase><testcase classname="tests.pytest_extension.fixtures.fixture_plus_and_others.test_skip_on_paramz_fixture" name="test_foo3_paramfix[0]" time="0.001" /><testcase classname="tests.pytest_extension.fixtures.fixture_plus_and_others.test_skip_on_paramz_fixture" name="test_foo3_paramfix[1]" time="0.000"><skipped message="unconditional skip" type="pytest.skip">/home/runner/work/python-pytest-cases/python-pytest-cases/tests/pytest_extension/fixtures/fixture_plus_and_others/test_skip_on_paramz_fixture.py:27: unconditional skip</skipped></testcase><testcase classname="tests.pytest_extension.fixtures.fixture_plus_and_others.test_skip_on_paramz_fixture" name="test_synthesis" time="0.003" /><testcase classname="tests.pytest_extension.fixtures.fixture_unions.test_fixture_closure_edits" name="test_issue116" time="0.001" /><testcase classname="tests.pytest_extension.fixtures.fixture_unions.test_fixture_closure_edits" name="test_super_closure_edits[/a0]" time="0.001" /><testcase classname="tests.pytest_extension.fixtures.fixture_unions.test_fixture_closure_edits" name="test_super_closure_edits[/a1]" time="0.001" /><testcase classname="tests.pytest_extension.fixtures.fixture_unions.test_fixture_closure_edits" name="test_super_closure_edits2" time="0.001" /><testcase classname="tests.pytest_extension.fixtures.fixture_unions.test_fixture_union_custom_mark" name="test_foo[A-1]" time="0.001" /><testcase classname="tests.pytest_extension.fixtures.fixture_unions.test_fixture_union_custom_mark" name="test_foo[A-22]" time="0.001" /><testcase classname="tests.pytest_extension.fixtures.fixture_unions.test_fixture_union_custom_mark" name="test_foo[A-3]" time="0.000"><skipped message="unconditional skip" type="pytest.skip">/home/runner/work/python-pytest-cases/python-pytest-cases/tests/pytest_extension/fixtures/fixture_unions/test_fixture_union_custom_mark.py:28: unconditional skip</skipped></testcase><testcase classname="tests.pytest_extension.fixtures.fixture_unions.test_fixture_union_custom_mark" name="test_foo[B-3]" time="0.000"><skipped message="unconditional skip" type="pytest.skip">/home/runner/work/python-pytest-cases/python-pytest-cases/tests/pytest_extension/fixtures/fixture_unions/test_fixture_union_custom_mark.py:28: unconditional skip</skipped></testcase><testcase classname="tests.pytest_extension.fixtures.fixture_unions.test_fixture_union_custom_mark" name="test_foo[B-4]" time="0.000"><skipped message="unconditional skip" type="pytest.skip">/home/runner/work/python-pytest-cases/python-pytest-cases/tests/pytest_extension/fixtures/fixture_unions/test_fixture_union_custom_mark.py:28: unconditional skip</skipped></testcase><testcase classname="tests.pytest_extension.fixtures.fixture_unions.test_fixture_union_custom_mark" name="test_synthesis" time="0.004" /><testcase classname="tests.pytest_extension.fixtures.fixture_unions.test_fixture_union_ids.TestA" name="test_ids_explicit[my_explicit/a-1]" time="0.001" /><testcase classname="tests.pytest_extension.fixtures.fixture_unions.test_fixture_union_ids.TestA" name="test_ids_explicit[my_explicit/a-2]" time="0.001" /><testcase classname="tests.pytest_extension.fixtures.fixture_unions.test_fixture_union_ids.TestA" name="test_ids_explicit[my_explicit/b-3]" time="0.001" /><testcase classname="tests.pytest_extension.fixtures.fixture_unions.test_fixture_union_ids.TestA" name="test_ids_explicit[my_explicit/b-4]" time="0.001" /><testcase classname="tests.pytest_extension.fixtures.fixture_unions.test_fixture_union_ids" name="test_ids_compact[/a-1]" time="0.001" /><testcase classname="tests.pytest_extension.fixtures.fixture_unions.test_fixture_union_ids" name="test_ids_compact[/a-2]" time="0.001" /><testcase classname="tests.pytest_extension.fixtures.fixture_unions.test_fixture_union_ids" name="test_ids_compact[/b-3]" time="0.001" /><testcase classname="tests.pytest_extension.fixtures.fixture_unions.test_fixture_union_ids" name="test_ids_compact[/b-4]" time="0.001" /><testcase classname="tests.pytest_extension.fixtures.fixture_unions.test_fixture_union_ids" name="test_ids_none[a-1]" time="0.001" /><testcase classname="tests.pytest_extension.fixtures.fixture_unions.test_fixture_union_ids" name="test_ids_none[a-2]" time="0.001" /><testcase classname="tests.pytest_extension.fixtures.fixture_unions.test_fixture_union_ids" name="test_ids_none[b-3]" time="0.001" /><testcase classname="tests.pytest_extension.fixtures.fixture_unions.test_fixture_union_ids" name="test_ids_none[b-4]" time="0.001" /><testcase classname="tests.pytest_extension.fixtures.fixture_unions.test_fixture_union_ids" name="test_ids_custom_list[c=A-1]" time="0.001" /><testcase classname="tests.pytest_extension.fixtures.fixture_unions.test_fixture_union_ids" name="test_ids_custom_list[c=A-2]" time="0.001" /><testcase classname="tests.pytest_extension.fixtures.fixture_unions.test_fixture_union_ids" name="test_ids_custom_list[c=B-3]" time="0.001" /><testcase classname="tests.pytest_extension.fixtures.fixture_unions.test_fixture_union_ids" name="test_ids_custom_list[c=B-4]" time="0.001" /><testcase classname="tests.pytest_extension.fixtures.fixture_unions.test_fixture_union_ids" name="test_ids_custom_gen[my_custom_gen/0/a-1]" time="0.001" /><testcase classname="tests.pytest_extension.fixtures.fixture_unions.test_fixture_union_ids" name="test_ids_custom_gen[my_custom_gen/0/a-2]" time="0.001" /><testcase classname="tests.pytest_extension.fixtures.fixture_unions.test_fixture_union_ids" name="test_ids_custom_gen[my_custom_gen/1/b-3]" time="0.001" /><testcase classname="tests.pytest_extension.fixtures.fixture_unions.test_fixture_union_ids" name="test_ids_custom_gen[my_custom_gen/1/b-4]" time="0.001" /><testcase classname="tests.pytest_extension.fixtures.fixture_unions.test_fixture_union_ids" name="test_synthesis" time="0.005" /><testcase classname="tests.pytest_extension.fixtures.fixture_unions.test_fixture_union_setup_teardown" name="test_all[/b]" time="0.001" /><testcase classname="tests.pytest_extension.fixtures.fixture_unions.test_fixture_union_setup_teardown" name="test_all[/a]" time="0.001" /><testcase classname="tests.pytest_extension.fixtures.fixture_unions.test_fixture_union_setup_teardown" name="test_synthesis" time="0.001" /><testcase classname="tests.pytest_extension.fixtures.fixture_unions.test_fixture_union_setup_teardown2" name="test_foo[/F1M1s1s2]" time="0.002" /><testcase classname="tests.pytest_extension.fixtures.fixture_unions.test_fixture_union_setup_teardown2" name="test_foo[/F2-i=0]" time="0.002" /><testcase classname="tests.pytest_extension.fixtures.fixture_unions.test_fixture_union_setup_teardown2" name="test_foo[/F2-i=1]" time="0.002" /><testcase classname="tests.pytest_extension.fixtures.fixture_unions.test_fixture_union_setup_teardown2" name="test_foo[/F3s2s3]" time="0.002" /><testcase classname="tests.pytest_extension.fixtures.fixture_unions.test_fixture_union_setup_teardown2" name="test_foo[/F4M2s1s3]" time="0.002" /><testcase classname="tests.pytest_extension.fixtures.fixture_unions.test_fixture_union_setup_teardown2" name="test_synthesis" time="0.004" /><testcase classname="tests.pytest_extension.fixtures.fixture_unions.test_fixture_union_setup_teardown3.TestFoo" name="test_a" time="0.001" /><testcase classname="tests.pytest_extension.fixtures.fixture_unions.test_fixture_union_setup_teardown3.TestFoo" name="test_b[fa0]" time="0.001" /><testcase classname="tests.pytest_extension.fixtures.fixture_unions.test_fixture_union_setup_teardown3.TestFoo" name="test_b[fb]" time="0.001" /><testcase classname="tests.pytest_extension.fixtures.fixture_unions.test_fixture_union_setup_teardown3.TestFoo" name="test_b[fa1]" time="0.001" /><testcase classname="tests.pytest_extension.fixtures.fixture_unions.test_fixture_union_setup_teardown3.TestFoo" name="test_c" time="0.001" /><testcase classname="tests.pytest_extension.fixtures.fixture_unions.test_fixtures_union_0simplest" name="test_basic_union[/first]" time="0.001" /><testcase classname="tests.pytest_extension.fixtures.fixture_unions.test_fixtures_union_0simplest" name="test_basic_union[/second-a]" time="0.001" /><testcase classname="tests.pytest_extension.fixtures.fixture_unions.test_fixtures_union_0simplest" name="test_basic_union[/second-b]" time="0.001" /><testcase classname="tests.pytest_extension.fixtures.fixture_unions.test_fixtures_union_0simplest" name="test_synthesis" time="0.004" /><testcase classname="tests.pytest_extension.fixtures.fixture_unions.test_fixtures_union_1simple" name="test_fixture_union[c/a-x]" time="0.001" /><testcase classname="tests.pytest_extension.fixtures.fixture_unions.test_fixtures_union_1simple" name="test_fixture_union[c/a-y]" time="0.001" /><testcase classname="tests.pytest_extension.fixtures.fixture_unions.test_fixtures_union_1simple" name="test_fixture_union[c/b-1-x]" time="0.001" /><testcase classname="tests.pytest_extension.fixtures.fixture_unions.test_fixtures_union_1simple" name="test_fixture_union[c/b-1-y]" time="0.001" /><testcase classname="tests.pytest_extension.fixtures.fixture_unions.test_fixtures_union_1simple" name="test_fixture_union[c/b-2-x]" time="0.001" /><testcase classname="tests.pytest_extension.fixtures.fixture_unions.test_fixtures_union_1simple" name="test_fixture_union[c/b-2-y]" time="0.001" /><testcase classname="tests.pytest_extension.fixtures.fixture_unions.test_fixtures_union_1simple" name="test_synthesis" time="0.004" /><testcase classname="tests.pytest_extension.fixtures.fixture_unions.test_fixtures_union_2hard" name="test_fixture_union_harder[/a-x-d/b-1]" time="0.001" /><testcase classname="tests.pytest_extension.fixtures.fixture_unions.test_fixtures_union_2hard" name="test_fixture_union_harder[/a-x-d/b-2]" time="0.001" /><testcase classname="tests.pytest_extension.fixtures.fixture_unions.test_fixtures_union_2hard" name="test_fixture_union_harder[/a-x-d/a]" time="0.001" /><testcase classname="tests.pytest_extension.fixtures.fixture_unions.test_fixtures_union_2hard" name="test_fixture_union_harder[/a-y-d/b-1]" time="0.001" /><testcase classname="tests.pytest_extension.fixtures.fixture_unions.test_fixtures_union_2hard" name="test_fixture_union_harder[/a-y-d/b-2]" time="0.001" /><testcase classname="tests.pytest_extension.fixtures.fixture_unions.test_fixtures_union_2hard" name="test_fixture_union_harder[/a-y-d/a]" time="0.002" /><testcase classname="tests.pytest_extension.fixtures.fixture_unions.test_fixtures_union_2hard" name="test_fixture_union_harder[/b-1-x-d/b]" time="0.001" /><testcase classname="tests.pytest_extension.fixtures.fixture_unions.test_fixtures_union_2hard" name="test_fixture_union_harder[/b-1-x-d/a]" time="0.001" /><testcase classname="tests.pytest_extension.fixtures.fixture_unions.test_fixtures_union_2hard" name="test_fixture_union_harder[/b-1-y-d/b]" time="0.001" /><testcase classname="tests.pytest_extension.fixtures.fixture_unions.test_fixtures_union_2hard" name="test_fixture_union_harder[/b-1-y-d/a]" time="0.001" /><testcase classname="tests.pytest_extension.fixtures.fixture_unions.test_fixtures_union_2hard" name="test_fixture_union_harder[/b-2-x-d/b]" time="0.001" /><testcase classname="tests.pytest_extension.fixtures.fixture_unions.test_fixtures_union_2hard" name="test_fixture_union_harder[/b-2-x-d/a]" time="0.001" /><testcase classname="tests.pytest_extension.fixtures.fixture_unions.test_fixtures_union_2hard" name="test_fixture_union_harder[/b-2-y-d/b]" time="0.001" /><testcase classname="tests.pytest_extension.fixtures.fixture_unions.test_fixtures_union_2hard" name="test_fixture_union_harder[/b-2-y-d/a]" time="0.001" /><testcase classname="tests.pytest_extension.fixtures.fixture_unions.test_fixtures_union_2hard" name="test_synthesis" time="0.004" /><testcase classname="tests.pytest_extension.fixtures.fixture_unions.test_fixtures_union_2hard" name="test_super_closure" time="0.001" /><testcase classname="tests.pytest_extension.fixtures.fixture_unions.test_fixtures_union_3parametrize_plus" name="test_fixture_union[/a-2]" time="0.001" /><testcase classname="tests.pytest_extension.fixtures.fixture_unions.test_fixtures_union_3parametrize_plus" name="test_fixture_union[/a-3]" time="0.001" /><testcase classname="tests.pytest_extension.fixtures.fixture_unions.test_fixtures_union_3parametrize_plus" name="test_fixture_union[/b-0]" time="0.001" /><testcase classname="tests.pytest_extension.fixtures.fixture_unions.test_fixtures_union_3parametrize_plus" name="test_fixture_union[/b-1]" time="0.001" /><testcase classname="tests.pytest_extension.fixtures.fixture_unions.test_fixtures_union_3parametrize_plus" name="test_fixture_union[/b-2]" time="0.001" /><testcase classname="tests.pytest_extension.fixtures.fixture_unions.test_so" name="test_all[/lower-1]" time="0.001" /><testcase classname="tests.pytest_extension.fixtures.fixture_unions.test_so" name="test_all[/lower-2]" time="0.001" /><testcase classname="tests.pytest_extension.fixtures.fixture_unions.test_so" name="test_all[/lower-3]" time="0.001" /><testcase classname="tests.pytest_extension.fixtures.fixture_unions.test_so" name="test_all[/upper-1]" time="0.001" /><testcase classname="tests.pytest_extension.fixtures.fixture_unions.test_so" name="test_all[/upper-2]" time="0.001" /><testcase classname="tests.pytest_extension.fixtures.fixture_unions.test_so" name="test_synthesis" time="0.004" /><testcase classname="tests.pytest_extension.issues.test_issue_114" name="test_me[1]" time="0.001" /><testcase classname="tests.pytest_extension.issues.test_issue_114" name="test_me[2]" time="0.001" /><testcase classname="tests.pytest_extension.issues.test_issue_115" name="test_fn[0]" time="0.001" /><testcase classname="tests.pytest_extension.issues.test_issue_115" name="test_fn[1]" time="0.001" /><testcase classname="tests.pytest_extension.issues.test_issue_115" name="test_fn[2]" time="0.001" /><testcase classname="tests.pytest_extension.issues.test_issue_115" name="test_fn[3]" time="0.001" /><testcase classname="tests.pytest_extension.issues.test_issue_115" name="test_fn[4]" time="0.001" /><testcase classname="tests.pytest_extension.issues.test_issue_115" name="test_fn[5]" time="0.001" /><testcase classname="tests.pytest_extension.issues.test_issue_115" name="test_fn[6]" time="0.001" /><testcase classname="tests.pytest_extension.issues.test_issue_115" name="test_fn[7]" time="0.001" /><testcase classname="tests.pytest_extension.issues.test_issue_115" name="test_fn[8]" time="0.001" /><testcase classname="tests.pytest_extension.issues.test_issue_115" name="test_fn[9]" time="0.001" /><testcase classname="tests.pytest_extension.issues.test_issue_124" name="test_me[i-i==0]" time="0.001" /><testcase classname="tests.pytest_extension.issues.test_issue_124" name="test_me[i-i==1]" time="0.001" /><testcase classname="tests.pytest_extension.issues.test_issue_124" name="test_me[k-i==0]" time="0.001" /><testcase classname="tests.pytest_extension.issues.test_issue_124" name="test_me[k-i==1]" time="0.001" /><testcase classname="tests.pytest_extension.issues.test_issue_124" name="test_synthesis" time="0.004" /><testcase classname="tests.pytest_extension.issues.test_issue_138" name="test[b0]" time="0.001" /><testcase classname="tests.pytest_extension.issues.test_issue_138" name="test[b1]" time="0.001" /><testcase classname="tests.pytest_extension.issues.test_issue_138" name="test2[b-10]" time="0.001" /><testcase classname="tests.pytest_extension.issues.test_issue_138" name="test2[b-11]" time="0.001" /><testcase classname="tests.pytest_extension.issues.test_issue_148" name="test_foo[x{0}-y{0}-myunion{0}-a{0}]" time="0.001" /><testcase classname="tests.pytest_extension.issues.test_issue_148" name="test_foo[x{0}-y{0}-myunion{0}-a{1}]" time="0.001" /><testcase classname="tests.pytest_extension.issues.test_issue_148" name="test_foo[x{0}-y{1}-myunion{0}-a{0}]" time="0.001" /><testcase classname="tests.pytest_extension.issues.test_issue_148" name="test_foo[x{0}-y{1}-myunion{0}-a{1}]" time="0.001" /><testcase classname="tests.pytest_extension.issues.test_issue_148" name="test_foo[x{1}-y{0}-myunion{0}-a{0}]" time="0.001" /><testcase classname="tests.pytest_extension.issues.test_issue_148" name="test_foo[x{1}-y{0}-myunion{0}-a{1}]" time="0.001" /><testcase classname="tests.pytest_extension.issues.test_issue_148" name="test_foo[x{1}-y{1}-myunion{0}-a{0}]" time="0.001" /><testcase classname="tests.pytest_extension.issues.test_issue_148" name="test_foo[x{1}-y{1}-myunion{0}-a{1}]" time="0.001" /><testcase classname="tests.pytest_extension.issues.test_issue_148" name="test_synthesis" time="0.004" /><testcase classname="tests.pytest_extension.issues.test_issue_149" name="test_foo[x-0]" time="0.001" /><testcase classname="tests.pytest_extension.issues.test_issue_149" name="test_foo[x-1]" time="0.001" /><testcase classname="tests.pytest_extension.issues.test_issue_177" name="test_stuff[a-b-True-a]" time="0.002" /><testcase classname="tests.pytest_extension.issues.test_issue_177" name="test_stuff[a-b-False-a]" time="0.002" /><testcase classname="tests.pytest_extension.issues.test_issue_177" name="test_stuff[hey-b-True-a]" time="0.002" /><testcase classname="tests.pytest_extension.issues.test_issue_177" name="test_stuff[hey-b-False-a]" time="0.002" /><testcase classname="tests.pytest_extension.issues.test_issue_177" name="test_stuff[b-b-True-a]" time="0.000"><skipped message="unconditional skip" type="pytest.skip">/home/runner/work/python-pytest-cases/python-pytest-cases/tests/pytest_extension/issues/test_issue_177.py:18: unconditional skip</skipped></testcase><testcase classname="tests.pytest_extension.issues.test_issue_177" name="test_stuff[b-b-False-a]" time="0.000"><skipped message="unconditional skip" type="pytest.skip">/home/runner/work/python-pytest-cases/python-pytest-cases/tests/pytest_extension/issues/test_issue_177.py:18: unconditional skip</skipped></testcase><testcase classname="tests.pytest_extension.issues.test_issue_177" name="test_stuff_multi[a-True-b-no-a-yes]" time="0.002" /><testcase classname="tests.pytest_extension.issues.test_issue_177" name="test_stuff_multi[hey-b-no-a-yes]" time="0.003" /><testcase classname="tests.pytest_extension.issues.test_issue_177" name="test_stuff_multi[b-notused-b-no-a-yes]" time="0.000"><skipped message="unconditional skip" type="pytest.skip">/home/runner/work/python-pytest-cases/python-pytest-cases/tests/pytest_extension/issues/test_issue_177.py:37: unconditional skip</skipped></testcase><testcase classname="tests.pytest_extension.issues.test_issue_177" name="test_stuff_multi[c-b-no-a-yes]" time="0.003" /><testcase classname="tests.pytest_extension.issues.test_issue_177" name="test_stuff_multi[ho-b-no-a-yes]" time="0.002" /><testcase classname="tests.pytest_extension.issues.test_issue_177" name="test_synthesis" time="0.004" /><testcase classname="tests.pytest_extension.issues.test_issue_182.TestMethod" name="test_with_pytest" time="0.001" /><testcase classname="tests.pytest_extension.issues.test_issue_182.TestMethod" name="test_with_cases" time="0.001" /><testcase classname="tests.pytest_extension.issues.test_issue_182" name="test_synthesis" time="0.004" /><testcase classname="tests.pytest_extension.issues.test_issue_199" name="test_steps_and_cases[fix-fixtuple-step1]" time="0.002" /><testcase classname="tests.pytest_extension.issues.test_issue_199" name="test_steps_and_cases[fix-fixtuple-step2]" time="0.002" /><testcase classname="tests.pytest_extension.issues.test_issue_199" name="test_steps_and_cases[fix-footuple-step1]" time="0.002" /><testcase classname="tests.pytest_extension.issues.test_issue_199" name="test_steps_and_cases[fix-footuple-step2]" time="0.002" /><testcase classname="tests.pytest_extension.issues.test_issue_199" name="test_steps_and_cases[foo-fixtuple-step1]" time="0.002" /><testcase classname="tests.pytest_extension.issues.test_issue_199" name="test_steps_and_cases[foo-fixtuple-step2]" time="0.002" /><testcase classname="tests.pytest_extension.issues.test_issue_199" name="test_steps_and_cases[foo-footuple-step1]" time="0.002" /><testcase classname="tests.pytest_extension.issues.test_issue_199" name="test_steps_and_cases[foo-footuple-step2]" time="0.002" /><testcase classname="tests.pytest_extension.issues.test_issue_199" name="test_steps_and_cases2[a=foo-footuple-step1]" time="0.001" /><testcase classname="tests.pytest_extension.issues.test_issue_199" name="test_steps_and_cases2[a=foo-footuple-step2]" time="0.001" /><testcase classname="tests.pytest_extension.issues.test_issue_201.TestAPIView" name="test_foo[one]" time="0.001" /><testcase classname="tests.pytest_extension.issues.test_issue_234" name="test_keyword_paramz[1]" time="0.001" /><testcase classname="tests.pytest_extension.issues.test_issue_234" name="test_keyword_paramz[2]" time="0.001" /><testcase classname="tests.pytest_extension.issues.test_issue_234" name="test_keyword_paramz[3]" time="0.001" /><testcase classname="tests.pytest_extension.issues.test_issue_classes" name="test_thing[foo]" time="0.001" /><testcase classname="tests.pytest_extension.issues.test_issue_classes" name="test_thing[bar]" time="0.001" /><testcase classname="tests.pytest_extension.issues.test_issue_classes.TestCase" name="test_thing_pytest[1]" time="0.001" /><testcase classname="tests.pytest_extension.issues.test_issue_classes.TestCase" name="test_thing_pytest[2]" time="0.001" /><testcase classname="tests.pytest_extension.issues.test_issue_classes.TestCase" name="test_thing_cases[foo]" time="0.001" /><testcase classname="tests.pytest_extension.issues.test_issue_classes.TestCase" name="test_thing_cases[bar]" time="0.001" /><testcase classname="tests.pytest_extension.issues.test_issue_doctests" name="tests.pytest_extension.issues.test_issue_doctests.doctestable" time="0.036" /><testcase classname="tests.pytest_extension.issues.test_issue_fixture_union1" name="test_foo[/a0]" time="0.001" /><testcase classname="tests.pytest_extension.issues.test_issue_fixture_union1" name="test_foo[/a1]" time="0.001" /><testcase classname="tests.pytest_extension.issues.test_issue_fixture_union1" name="test_synthesis" time="0.004" /><testcase classname="tests.pytest_extension.issues.test_issue_fixture_union2" name="test_foo[1]" time="0.001" /><testcase classname="tests.pytest_extension.issues.test_issue_fixture_union2" name="test_foo[2]" time="0.001" /><testcase classname="tests.pytest_extension.issues.test_issue_fixture_union2" name="test_foo[3]" time="0.001" /><testcase classname="tests.pytest_extension.issues.test_issue_fixture_union2" name="test_foo2[/a0]" time="0.001" /><testcase classname="tests.pytest_extension.issues.test_issue_fixture_union2" name="test_foo2[/b]" time="0.001" /><testcase classname="tests.pytest_extension.issues.test_issue_fixture_union2" name="test_foo2[/a1]" time="0.001" /><testcase classname="tests.pytest_extension.issues.test_issue_fixture_union2" name="test_synthesis" time="0.004" /><testcase classname="tests.pytest_extension.issues.test_issue_indirect_fixture_param" name="test_x[123]" time="0.001" /><testcase classname="tests.pytest_extension.issues.test_issue_pytest_70" name="test_get_or_create_book[book1-A]" time="0.001" /><testcase classname="tests.pytest_extension.issues.test_issue_pytest_70" name="test_get_or_create_book[book1-B]" time="0.001" /><testcase classname="tests.pytest_extension.issues.test_issue_pytest_70" name="test_get_or_create_book[hi]" time="0.001" /><testcase classname="tests.pytest_extension.issues.test_issue_pytest_70" name="test_get_or_create_book[ih]" time="0.001" /><testcase classname="tests.pytest_extension.issues.test_issue_pytest_70" name="test_get_or_create_book[book2]" time="0.001" /><testcase classname="tests.pytest_extension.issues.test_issue_pytest_70" name="test_synthesis" time="0.004" /><testcase classname="tests.pytest_extension.issues.test_issue_python2_str" name="test_my_cool_feature_with_fixture[a1]" time="0.001" /><testcase classname="tests.pytest_extension.issues.test_issue_python2_str" name="test_my_cool_feature_with_fixture[b2]" time="0.001" /><testcase classname="tests.pytest_extension.issues.test_issue_python2_str" name="test_my_cool_feature_with_fixture[b3]" time="0.001" /><testcase classname="tests.pytest_extension.issues.test_issue_so_76" name="test_value_tables_node[value_tables-1-value_table-1-_-value_table_description-&quot;s&quot;-0.0-value_table_description-value_table]" time="0.002" /><testcase classname="tests.pytest_extension.issues.test_issue_so_76" name="test_value_tables_node[value_tables-1-value_table-1-_-value_table_description-&quot;s&quot;--1.0-value_table_description-value_table]" time="0.002" /><testcase classname="tests.pytest_extension.issues.test_issue_so_76" name="test_value_tables_node[value_tables-1-value_table-1-_-value_table_description-&quot;s&quot;-1.0-value_table_description-value_table]" time="0.002" /><testcase classname="tests.pytest_extension.issues.test_issue_so_76" name="test_value_tables_node[value_tables-1-value_table-1-_-value_table_description-&quot;_&quot;-0.0-value_table_description-value_table]" time="0.002" /><testcase classname="tests.pytest_extension.issues.test_issue_so_76" name="test_value_tables_node[value_tables-1-value_table-1-_-value_table_description-&quot;_&quot;--1.0-value_table_description-value_table]" time="0.002" /><testcase classname="tests.pytest_extension.issues.test_issue_so_76" name="test_value_tables_node[value_tables-1-value_table-1-_-value_table_description-&quot;_&quot;-1.0-value_table_description-value_table]" time="0.002" /><testcase classname="tests.pytest_extension.issues.test_issue_so_76" name="test_value_tables_node[value_tables-1-value_table-1-_c-value_table_description-&quot;s&quot;-0.0-value_table_description-value_table]" time="0.002" /><testcase classname="tests.pytest_extension.issues.test_issue_so_76" name="test_value_tables_node[value_tables-1-value_table-1-_c-value_table_description-&quot;s&quot;--1.0-value_table_description-value_table]" time="0.002" /><testcase classname="tests.pytest_extension.issues.test_issue_so_76" name="test_value_tables_node[value_tables-1-value_table-1-_c-value_table_description-&quot;s&quot;-1.0-value_table_description-value_table]" time="0.002" /><testcase classname="tests.pytest_extension.issues.test_issue_so_76" name="test_value_tables_node[value_tables-1-value_table-1-_c-value_table_description-&quot;_&quot;-0.0-value_table_description-value_table]" time="0.002" /><testcase classname="tests.pytest_extension.issues.test_issue_so_76" name="test_value_tables_node[value_tables-1-value_table-1-_c-value_table_description-&quot;_&quot;--1.0-value_table_description-value_table]" time="0.002" /><testcase classname="tests.pytest_extension.issues.test_issue_so_76" name="test_value_tables_node[value_tables-1-value_table-1-_c-value_table_description-&quot;_&quot;-1.0-value_table_description-value_table]" time="0.002" /><testcase classname="tests.pytest_extension.issues.test_issue_so_76" name="test_value_tables_node[value_tables-1-value_table-2-_-value_table_description-&quot;s&quot;-0.0-value_table_description-value_table]" time="0.002" /><testcase classname="tests.pytest_extension.issues.test_issue_so_76" name="test_value_tables_node[value_tables-1-value_table-2-_-value_table_description-&quot;s&quot;--1.0-value_table_description-value_table]" time="0.002" /><testcase classname="tests.pytest_extension.issues.test_issue_so_76" name="test_value_tables_node[value_tables-1-value_table-2-_-value_table_description-&quot;s&quot;-1.0-value_table_description-value_table]" time="0.002" /><testcase classname="tests.pytest_extension.issues.test_issue_so_76" name="test_value_tables_node[value_tables-1-value_table-2-_-value_table_description-&quot;_&quot;-0.0-value_table_description-value_table]" time="0.002" /><testcase classname="tests.pytest_extension.issues.test_issue_so_76" name="test_value_tables_node[value_tables-1-value_table-2-_-value_table_description-&quot;_&quot;--1.0-value_table_description-value_table]" time="0.002" /><testcase classname="tests.pytest_extension.issues.test_issue_so_76" name="test_value_tables_node[value_tables-1-value_table-2-_-value_table_description-&quot;_&quot;-1.0-value_table_description-value_table]" time="0.002" /><testcase classname="tests.pytest_extension.issues.test_issue_so_76" name="test_value_tables_node[value_tables-1-value_table-2-_c-value_table_description-&quot;s&quot;-0.0-value_table_description-value_table]" time="0.002" /><testcase classname="tests.pytest_extension.issues.test_issue_so_76" name="test_value_tables_node[value_tables-1-value_table-2-_c-value_table_description-&quot;s&quot;--1.0-value_table_description-value_table]" time="0.002" /><testcase classname="tests.pytest_extension.issues.test_issue_so_76" name="test_value_tables_node[value_tables-1-value_table-2-_c-value_table_description-&quot;s&quot;-1.0-value_table_description-value_table]" time="0.002" /><testcase classname="tests.pytest_extension.issues.test_issue_so_76" name="test_value_tables_node[value_tables-1-value_table-2-_c-value_table_description-&quot;_&quot;-0.0-value_table_description-value_table]" time="0.002" /><testcase classname="tests.pytest_extension.issues.test_issue_so_76" name="test_value_tables_node[value_tables-1-value_table-2-_c-value_table_description-&quot;_&quot;--1.0-value_table_description-value_table]" time="0.002" /><testcase classname="tests.pytest_extension.issues.test_issue_so_76" name="test_value_tables_node[value_tables-1-value_table-2-_c-value_table_description-&quot;_&quot;-1.0-value_table_description-value_table]" time="0.002" /><testcase classname="tests.pytest_extension.issues.test_issue_so_76" name="test_value_tables_node[value_tables-2-value_table-1-_-value_table_description-&quot;s&quot;-0.0-value_table_description-value_table]" time="0.002" /><testcase classname="tests.pytest_extension.issues.test_issue_so_76" name="test_value_tables_node[value_tables-2-value_table-1-_-value_table_description-&quot;s&quot;--1.0-value_table_description-value_table]" time="0.002" /><testcase classname="tests.pytest_extension.issues.test_issue_so_76" name="test_value_tables_node[value_tables-2-value_table-1-_-value_table_description-&quot;s&quot;-1.0-value_table_description-value_table]" time="0.002" /><testcase classname="tests.pytest_extension.issues.test_issue_so_76" name="test_value_tables_node[value_tables-2-value_table-1-_-value_table_description-&quot;_&quot;-0.0-value_table_description-value_table]" time="0.002" /><testcase classname="tests.pytest_extension.issues.test_issue_so_76" name="test_value_tables_node[value_tables-2-value_table-1-_-value_table_description-&quot;_&quot;--1.0-value_table_description-value_table]" time="0.002" /><testcase classname="tests.pytest_extension.issues.test_issue_so_76" name="test_value_tables_node[value_tables-2-value_table-1-_-value_table_description-&quot;_&quot;-1.0-value_table_description-value_table]" time="0.002" /><testcase classname="tests.pytest_extension.issues.test_issue_so_76" name="test_value_tables_node[value_tables-2-value_table-1-_c-value_table_description-&quot;s&quot;-0.0-value_table_description-value_table]" time="0.002" /><testcase classname="tests.pytest_extension.issues.test_issue_so_76" name="test_value_tables_node[value_tables-2-value_table-1-_c-value_table_description-&quot;s&quot;--1.0-value_table_description-value_table]" time="0.002" /><testcase classname="tests.pytest_extension.issues.test_issue_so_76" name="test_value_tables_node[value_tables-2-value_table-1-_c-value_table_description-&quot;s&quot;-1.0-value_table_description-value_table]" time="0.002" /><testcase classname="tests.pytest_extension.issues.test_issue_so_76" name="test_value_tables_node[value_tables-2-value_table-1-_c-value_table_description-&quot;_&quot;-0.0-value_table_description-value_table]" time="0.002" /><testcase classname="tests.pytest_extension.issues.test_issue_so_76" name="test_value_tables_node[value_tables-2-value_table-1-_c-value_table_description-&quot;_&quot;--1.0-value_table_description-value_table]" time="0.002" /><testcase classname="tests.pytest_extension.issues.test_issue_so_76" name="test_value_tables_node[value_tables-2-value_table-1-_c-value_table_description-&quot;_&quot;-1.0-value_table_description-value_table]" time="0.002" /><testcase classname="tests.pytest_extension.issues.test_issue_so_76" name="test_value_tables_node[value_tables-2-value_table-2-_-value_table_description-&quot;s&quot;-0.0-value_table_description-value_table]" time="0.002" /><testcase classname="tests.pytest_extension.issues.test_issue_so_76" name="test_value_tables_node[value_tables-2-value_table-2-_-value_table_description-&quot;s&quot;--1.0-value_table_description-value_table]" time="0.002" /><testcase classname="tests.pytest_extension.issues.test_issue_so_76" name="test_value_tables_node[value_tables-2-value_table-2-_-value_table_description-&quot;s&quot;-1.0-value_table_description-value_table]" time="0.002" /><testcase classname="tests.pytest_extension.issues.test_issue_so_76" name="test_value_tables_node[value_tables-2-value_table-2-_-value_table_description-&quot;_&quot;-0.0-value_table_description-value_table]" time="0.002" /><testcase classname="tests.pytest_extension.issues.test_issue_so_76" name="test_value_tables_node[value_tables-2-value_table-2-_-value_table_description-&quot;_&quot;--1.0-value_table_description-value_table]" time="0.002" /><testcase classname="tests.pytest_extension.issues.test_issue_so_76" name="test_value_tables_node[value_tables-2-value_table-2-_-value_table_description-&quot;_&quot;-1.0-value_table_description-value_table]" time="0.002" /><testcase classname="tests.pytest_extension.issues.test_issue_so_76" name="test_value_tables_node[value_tables-2-value_table-2-_c-value_table_description-&quot;s&quot;-0.0-value_table_description-value_table]" time="0.002" /><testcase classname="tests.pytest_extension.issues.test_issue_so_76" name="test_value_tables_node[value_tables-2-value_table-2-_c-value_table_description-&quot;s&quot;--1.0-value_table_description-value_table]" time="0.002" /><testcase classname="tests.pytest_extension.issues.test_issue_so_76" name="test_value_tables_node[value_tables-2-value_table-2-_c-value_table_description-&quot;s&quot;-1.0-value_table_description-value_table]" time="0.002" /><testcase classname="tests.pytest_extension.issues.test_issue_so_76" name="test_value_tables_node[value_tables-2-value_table-2-_c-value_table_description-&quot;_&quot;-0.0-value_table_description-value_table]" time="0.002" /><testcase classname="tests.pytest_extension.issues.test_issue_so_76" name="test_value_tables_node[value_tables-2-value_table-2-_c-value_table_description-&quot;_&quot;--1.0-value_table_description-value_table]" time="0.002" /><testcase classname="tests.pytest_extension.issues.test_issue_so_76" name="test_value_tables_node[value_tables-2-value_table-2-_c-value_table_description-&quot;_&quot;-1.0-value_table_description-value_table]" time="0.003" /><testcase classname="tests.pytest_extension.issues.test_issue_so_76" name="test_synthesis" time="0.008" /><testcase classname="tests.pytest_extension.issues.test_parametrize_with_lists" name="test_dummy[0-0-0-0]" time="0.001" /><testcase classname="tests.pytest_extension.issues.test_parametrize_with_lists" name="test_dummy[0-0-1-1]" time="0.001" /><testcase classname="tests.pytest_extension.issues.test_parametrize_with_lists" name="test_dummy[1-1-0-0]" time="0.001" /><testcase classname="tests.pytest_extension.issues.test_parametrize_with_lists" name="test_dummy[1-1-1-1]" time="0.001" /><testcase classname="tests.pytest_extension.issues.test_parametrize_with_lists" name="test_synthesis" time="0.004" /><testcase classname="tests.pytest_extension.issues.test_pytest_py35_asyncio" name="test_x[0]" time="0.001" /><testcase classname="tests.pytest_extension.meta.test_all" name="test_run_all_tests[xfail_marker]" time="0.086" /><testcase classname="tests.pytest_extension.meta.test_all" name="test_run_all_tests[session_optim]" time="0.090" /><testcase classname="tests.pytest_extension.meta.test_all" name="test_run_all_tests[reorder_skip]" time="0.075" /><testcase classname="tests.pytest_extension.order.test_fixture_order_respects_scope" name="test_value" time="0.001" /><testcase classname="tests.pytest_extension.order.session_optim.test_reorder_default_normal" name="test_config" time="0.001" /><testcase classname="tests.pytest_extension.order.session_optim.test_reorder_default_normal" name="test[flavor1-vxlan]" time="0.001" /><testcase classname="tests.pytest_extension.order.session_optim.test_reorder_default_normal" name="test2[flavor1-vxlan]" time="0.001" /><testcase classname="tests.pytest_extension.order.session_optim.test_reorder_default_normal" name="test[flavor2-vxlan]" time="0.001" /><testcase classname="tests.pytest_extension.order.session_optim.test_reorder_default_normal" name="test2[flavor2-vxlan]" time="0.001" /><testcase classname="tests.pytest_extension.order.session_optim.test_reorder_default_normal" name="test[flavor2-vlan]" time="0.001" /><testcase classname="tests.pytest_extension.order.session_optim.test_reorder_default_normal" name="test2[flavor2-vlan]" time="0.001" /><testcase classname="tests.pytest_extension.order.session_optim.test_reorder_default_normal" name="test[flavor1-vlan]" time="0.001" /><testcase classname="tests.pytest_extension.order.session_optim.test_reorder_default_normal" name="test2[flavor1-vlan]" time="0.001" /><testcase classname="tests.pytest_extension.order.session_optim.test_reorder_default_normal" name="test_synthesis" time="0.004" /><testcase classname="tests.pytest_extension.others.test_assert_exception" name="test_assert_exception" time="0.002" /><testcase classname="tests.pytest_extension.parametrize_plus.test_basics_misc" name="test_extract_pset_info" time="0.001" /><testcase classname="tests.pytest_extension.parametrize_plus.test_basics_misc" name="test_cart_product_pytest" time="0.001" /><testcase classname="tests.pytest_extension.parametrize_plus.test_basics_misc" name="test_argname_error" time="0.001" /><testcase classname="tests.pytest_extension.parametrize_plus.test_basics_misc" name="test_get_argnames_argvalues[False]" time="0.001" /><testcase classname="tests.pytest_extension.parametrize_plus.test_basics_misc" name="test_get_argnames_argvalues[True]" time="0.001" /><testcase classname="tests.pytest_extension.parametrize_plus.test_basics_misc" name="test_idgen1[10yes-c2.1-a=True,b= -1]" time="0.001" /><testcase classname="tests.pytest_extension.parametrize_plus.test_basics_misc" name="test_idgen1[10yes-c2.1-a=False,b=  3]" time="0.001" /><testcase classname="tests.pytest_extension.parametrize_plus.test_basics_misc" name="test_idgen1[10yes-c0.0-a=True,b= -1]" time="0.001" /><testcase classname="tests.pytest_extension.parametrize_plus.test_basics_misc" name="test_idgen1[10yes-c0.0-a=False,b=  3]" time="0.001" /><testcase classname="tests.pytest_extension.parametrize_plus.test_basics_misc" name="test_idgen1_synthesis" time="0.004" /><testcase classname="tests.pytest_extension.parametrize_plus.test_basics_misc" name="test_alt_usage1[a=True,b=1.2 and   -1]" time="0.001" /><testcase classname="tests.pytest_extension.parametrize_plus.test_basics_misc" name="test_alt_usage1[a=True,b=1.2 and    2]" time="0.001" /><testcase classname="tests.pytest_extension.parametrize_plus.test_basics_misc" name="test_alt_usage1[a=True,b=0.0 and   -1]" time="0.001" /><testcase classname="tests.pytest_extension.parametrize_plus.test_basics_misc" name="test_alt_usage1[a=True,b=0.0 and    2]" time="0.001" /><testcase classname="tests.pytest_extension.parametrize_plus.test_basics_misc" name="test_alt_usage1_synthesis" time="0.003" /><testcase classname="tests.pytest_extension.parametrize_plus.test_basics_misc" name="test_alt_usage2[b1e+00]" time="0.001" /><testcase classname="tests.pytest_extension.parametrize_plus.test_basics_misc" name="test_alt_usage2[b0e+00]" time="0.001" /><testcase classname="tests.pytest_extension.parametrize_plus.test_basics_misc" name="test_alt_usage2_synthesis" time="0.003" /><testcase classname="tests.pytest_extension.parametrize_plus.test_filter" name="test_filter_with_tag[tim]" time="0.001" /><testcase classname="tests.pytest_extension.parametrize_plus.test_filter" name="test_filter_with_tag[toni]" time="0.001" /><testcase classname="tests.pytest_extension.parametrize_plus.test_filter" name="test_filter_without_tag[tom]" time="0.001" /><testcase classname="tests.pytest_extension.parametrize_plus.test_filter" name="test_filter_without_tag[dom]" time="0.001" /><testcase classname="tests.pytest_extension.parametrize_plus.test_filter" name="test_filter_with_and_relation[toni]" time="0.001" /><testcase classname="tests.pytest_extension.parametrize_plus.test_filter" name="test_filter_with_two_tags[toni]" time="0.001" /><testcase classname="tests.pytest_extension.parametrize_plus.test_filter" name="test_filter_with_or_relation[tim]" time="0.001" /><testcase classname="tests.pytest_extension.parametrize_plus.test_filter" name="test_filter_with_or_relation[toni]" time="0.001" /><testcase classname="tests.pytest_extension.parametrize_plus.test_filter" name="test_filter_with_or_relation[dom]" time="0.001" /><testcase classname="tests.pytest_extension.parametrize_plus.test_filter" name="test_filter_with_prefix[tom]" time="0.001" /><testcase classname="tests.pytest_extension.parametrize_plus.test_filter" name="test_filter_with_prefix[tim]" time="0.001" /><testcase classname="tests.pytest_extension.parametrize_plus.test_filter" name="test_filter_with_prefix[toni]" time="0.001" /><testcase classname="tests.pytest_extension.parametrize_plus.test_filter" name="test_filter_with_suffix[tom]" time="0.001" /><testcase classname="tests.pytest_extension.parametrize_plus.test_filter" name="test_filter_with_suffix[tim]" time="0.001" /><testcase classname="tests.pytest_extension.parametrize_plus.test_filter" name="test_filter_with_suffix[dom]" time="0.001" /><testcase classname="tests.pytest_extension.parametrize_plus.test_filter" name="test_filter" time="0.004" /><testcase classname="tests.pytest_extension.parametrize_plus.test_fixture_ref_basic1" name="test_prints[nothing-?]" time="0.002" /><testcase classname="tests.pytest_extension.parametrize_plus.test_fixture_ref_basic1" name="test_prints[nothing-!]" time="0.002" /><testcase classname="tests.pytest_extension.parametrize_plus.test_fixture_ref_basic1" name="test_prints[world_str-?]" time="0.002" /><testcase classname="tests.pytest_extension.parametrize_plus.test_fixture_ref_basic1" name="test_prints[world_str-!]" time="0.002" /><testcase classname="tests.pytest_extension.parametrize_plus.test_fixture_ref_basic1" name="test_prints[greetings-world_str-?]" time="0.002" /><testcase classname="tests.pytest_extension.parametrize_plus.test_fixture_ref_basic1" name="test_prints[greetings-world_str-!]" time="0.002" /><testcase classname="tests.pytest_extension.parametrize_plus.test_fixture_ref_basic1" name="test_prints[greetings-you-?]" time="0.002" /><testcase classname="tests.pytest_extension.parametrize_plus.test_fixture_ref_basic1" name="test_prints[greetings-you-!]" time="0.002" /><testcase classname="tests.pytest_extension.parametrize_plus.test_fixture_ref_basic1" name="test_prints[global_fixture-?]" time="0.002" /><testcase classname="tests.pytest_extension.parametrize_plus.test_fixture_ref_basic1" name="test_prints[global_fixture-!]" time="0.002" /><testcase classname="tests.pytest_extension.parametrize_plus.test_fixture_ref_basic1" name="test_synthesis" time="0.004" /><testcase classname="tests.pytest_extension.parametrize_plus.test_fixture_ref_basic1" name="test_foo[c]" time="0.001" /><testcase classname="tests.pytest_extension.parametrize_plus.test_fixture_ref_basic1" name="test_invalid_argvalues_message" time="0.001" /><testcase classname="tests.pytest_extension.parametrize_plus.test_fixture_ref_basic2" name="test_foo[z-bar]" time="0.002" /><testcase classname="tests.pytest_extension.parametrize_plus.test_fixture_ref_basic2" name="test_foo[a-bar]" time="0.002" /><testcase classname="tests.pytest_extension.parametrize_plus.test_fixture_ref_basic2" name="test_foo[b-a-bar]" time="0.002" /><testcase classname="tests.pytest_extension.parametrize_plus.test_fixture_ref_basic2" name="test_foo[b-o-bar]" time="0.002" /><testcase classname="tests.pytest_extension.parametrize_plus.test_fixture_ref_basic2" name="test_foo[o-bar]" time="0.002" /><testcase classname="tests.pytest_extension.parametrize_plus.test_fixture_ref_basic2" name="test_synthesis" time="0.004" /><testcase classname="tests.pytest_extension.parametrize_plus.test_fixture_ref_basic3_tuples" name="test_prints[a-1]" time="0.002" /><testcase classname="tests.pytest_extension.parametrize_plus.test_fixture_ref_basic3_tuples" name="test_prints[myfix-2-b]" time="0.002" /><testcase classname="tests.pytest_extension.parametrize_plus.test_fixture_ref_basic3_tuples" name="test_prints[myfix-2-c]" time="0.003" /><testcase classname="tests.pytest_extension.parametrize_plus.test_fixture_ref_basic3_tuples" name="test_prints[myfix-myfix2-b-0]" time="0.003" /><testcase classname="tests.pytest_extension.parametrize_plus.test_fixture_ref_basic3_tuples" name="test_prints[myfix-myfix2-b--1]" time="0.002" /><testcase classname="tests.pytest_extension.parametrize_plus.test_fixture_ref_basic3_tuples" name="test_prints[myfix-myfix2-c-0]" time="0.002" /><testcase classname="tests.pytest_extension.parametrize_plus.test_fixture_ref_basic3_tuples" name="test_prints[myfix-myfix2-c--1]" time="0.002" /><testcase classname="tests.pytest_extension.parametrize_plus.test_fixture_ref_basic3_tuples" name="test_prints[myfix-myfix-b]" time="0.002" /><testcase classname="tests.pytest_extension.parametrize_plus.test_fixture_ref_basic3_tuples" name="test_prints[myfix-myfix-c]" time="0.002" /><testcase classname="tests.pytest_extension.parametrize_plus.test_fixture_ref_basic3_tuples" name="test_prints[my_tuple-d-3]" time="0.002" /><testcase classname="tests.pytest_extension.parametrize_plus.test_fixture_ref_basic3_tuples" name="test_prints[my_tuple-e-4]" time="0.002" /><testcase classname="tests.pytest_extension.parametrize_plus.test_fixture_ref_basic3_tuples" name="test_synthesis" time="0.005" /><testcase classname="tests.pytest_extension.parametrize_plus.test_fixture_ref_basic4_ids" name="test_foo_explicit[(arg1,arg2)/P0:2-1-None]" time="0.002" /><testcase classname="tests.pytest_extension.parametrize_plus.test_fixture_ref_basic4_ids" name="test_foo_explicit[(arg1,arg2)/P0:2-None-2]" time="0.002" /><testcase classname="tests.pytest_extension.parametrize_plus.test_fixture_ref_basic4_ids" name="test_foo_explicit[(arg1,arg2)/a]" time="0.002" /><testcase classname="tests.pytest_extension.parametrize_plus.test_fixture_ref_basic4_ids" name="test_foo_explicit[(arg1,arg2)/aaa]" time="0.002" /><testcase classname="tests.pytest_extension.parametrize_plus.test_fixture_ref_basic4_ids" name="test_foo_explicit[(arg1,arg2)/4-4]" time="0.002" /><testcase classname="tests.pytest_extension.parametrize_plus.test_fixture_ref_basic4_ids" name="test_foo_explicit[(arg1,arg2)/1-a]" time="0.002" /><testcase classname="tests.pytest_extension.parametrize_plus.test_fixture_ref_basic4_ids" name="test_foo_explicit[(arg1,arg2)/3-b-1]" time="0.002" /><testcase classname="tests.pytest_extension.parametrize_plus.test_fixture_ref_basic4_ids" name="test_foo_explicit[(arg1,arg2)/3-b-2]" time="0.002" /><testcase classname="tests.pytest_extension.parametrize_plus.test_fixture_ref_basic4_ids" name="test_foo_compact[/P0:2-1-None]" time="0.002" /><testcase classname="tests.pytest_extension.parametrize_plus.test_fixture_ref_basic4_ids" name="test_foo_compact[/P0:2-None-2]" time="0.002" /><testcase classname="tests.pytest_extension.parametrize_plus.test_fixture_ref_basic4_ids" name="test_foo_compact[/a]" time="0.002" /><testcase classname="tests.pytest_extension.parametrize_plus.test_fixture_ref_basic4_ids" name="test_foo_compact[/aaa]" time="0.002" /><testcase classname="tests.pytest_extension.parametrize_plus.test_fixture_ref_basic4_ids" name="test_foo_compact[/4-4]" time="0.002" /><testcase classname="tests.pytest_extension.parametrize_plus.test_fixture_ref_basic4_ids" name="test_foo_compact[/1-a]" time="0.002" /><testcase classname="tests.pytest_extension.parametrize_plus.test_fixture_ref_basic4_ids" name="test_foo_compact[/3-b-1]" time="0.002" /><testcase classname="tests.pytest_extension.parametrize_plus.test_fixture_ref_basic4_ids" name="test_foo_compact[/3-b-2]" time="0.002" /><testcase classname="tests.pytest_extension.parametrize_plus.test_fixture_ref_basic4_ids" name="test_foo_nostyle[1-None]" time="0.002" /><testcase classname="tests.pytest_extension.parametrize_plus.test_fixture_ref_basic4_ids" name="test_foo_nostyle[None-2]" time="0.002" /><testcase classname="tests.pytest_extension.parametrize_plus.test_fixture_ref_basic4_ids" name="test_foo_nostyle[a]" time="0.002" /><testcase classname="tests.pytest_extension.parametrize_plus.test_fixture_ref_basic4_ids" name="test_foo_nostyle[aaa]" time="0.002" /><testcase classname="tests.pytest_extension.parametrize_plus.test_fixture_ref_basic4_ids" name="test_foo_nostyle[4-4]" time="0.002" /><testcase classname="tests.pytest_extension.parametrize_plus.test_fixture_ref_basic4_ids" name="test_foo_nostyle[1-a]" time="0.002" /><testcase classname="tests.pytest_extension.parametrize_plus.test_fixture_ref_basic4_ids" name="test_foo_nostyle[3-b-1]" time="0.002" /><testcase classname="tests.pytest_extension.parametrize_plus.test_fixture_ref_basic4_ids" name="test_foo_nostyle[3-b-2]" time="0.002" /><testcase classname="tests.pytest_extension.parametrize_plus.test_fixture_ref_basic4_ids" name="test_synthesis" time="0.006" /><testcase classname="tests.pytest_extension.parametrize_plus.test_fixture_ref_custom1" name="test_fixture_ref1[c]" time="0.001" /><testcase classname="tests.pytest_extension.parametrize_plus.test_fixture_ref_custom1" name="test_fixture_ref1[a]" time="0.001" /><testcase classname="tests.pytest_extension.parametrize_plus.test_fixture_ref_custom1" name="test_fixture_ref1[b-5]" time="0.001" /><testcase classname="tests.pytest_extension.parametrize_plus.test_fixture_ref_custom1" name="test_fixture_ref1[b-6]" time="0.001" /><testcase classname="tests.pytest_extension.parametrize_plus.test_fixture_ref_custom1" name="test_synthesis1" time="0.004" /><testcase classname="tests.pytest_extension.parametrize_plus.test_fixture_ref_custom1" name="test_fixture_ref2[a-1]" time="0.002" /><testcase classname="tests.pytest_extension.parametrize_plus.test_fixture_ref_custom1" name="test_fixture_ref2[2-b-5]" time="0.002" /><testcase classname="tests.pytest_extension.parametrize_plus.test_fixture_ref_custom1" name="test_fixture_ref2[2-b-6]" time="0.002" /><testcase classname="tests.pytest_extension.parametrize_plus.test_fixture_ref_custom1" name="test_fixture_ref2[c0]" time="0.002" /><testcase classname="tests.pytest_extension.parametrize_plus.test_fixture_ref_custom1" name="test_fixture_ref2[c1]" time="0.002" /><testcase classname="tests.pytest_extension.parametrize_plus.test_fixture_ref_custom1" name="test_synthesis2" time="0.004" /><testcase classname="tests.pytest_extension.parametrize_plus.test_fixture_ref_custom2" name="test_mark[a]" time="0.001"><skipped message="condition: 5&gt;4" type="pytest.skip">/home/runner/work/python-pytest-cases/python-pytest-cases/tests/pytest_extension/parametrize_plus/test_fixture_ref_custom2.py:24: condition: 5&gt;4</skipped></testcase><testcase classname="tests.pytest_extension.parametrize_plus.test_fixture_ref_custom2" name="test_mark[b]" time="0.001" /><testcase classname="tests.pytest_extension.parametrize_plus.test_fixture_ref_custom2" name="test_id[testID]" time="0.001" /><testcase classname="tests.pytest_extension.parametrize_plus.test_fixture_ref_custom2" name="test_id[b]" time="0.001" /><testcase classname="tests.pytest_extension.parametrize_plus.test_fixture_ref_custom2" name="test_synthesis" time="0.004" /><testcase classname="tests.pytest_extension.parametrize_plus.test_fixture_ref_custom3" name="test_id[#0]" time="0.002" /><testcase classname="tests.pytest_extension.parametrize_plus.test_fixture_ref_custom3" name="test_id[#1-b=r]" time="0.002" /><testcase classname="tests.pytest_extension.parametrize_plus.test_fixture_ref_custom3" name="test_id[#1-b=t]" time="0.001" /><testcase classname="tests.pytest_extension.parametrize_plus.test_fixture_ref_custom3" name="test_id[#2]" time="0.001" /><testcase classname="tests.pytest_extension.parametrize_plus.test_fixture_ref_custom3" name="test_id[W]" time="0.001" /><testcase classname="tests.pytest_extension.parametrize_plus.test_fixture_ref_custom3" name="test_id[#4]" time="0.001" /><testcase classname="tests.pytest_extension.parametrize_plus.test_fixture_ref_custom3" name="test_id[#5]" time="0.001" /><testcase classname="tests.pytest_extension.parametrize_plus.test_fixture_ref_custom3" name="test_id[#6]" time="0.001" /><testcase classname="tests.pytest_extension.parametrize_plus.test_fixture_ref_custom3" name="test_synthesis" time="0.004" /><testcase classname="tests.pytest_extension.parametrize_plus.test_fixture_ref_custom4_tuples" name="test_id_tuple[testID]" time="0.002" /><testcase classname="tests.pytest_extension.parametrize_plus.test_fixture_ref_custom4_tuples" name="test_id_tuple[b-1]" time="0.002" /><testcase classname="tests.pytest_extension.parametrize_plus.test_fixture_ref_custom4_tuples" name="test_id_tuple[b-1]" time="0.002" /><testcase classname="tests.pytest_extension.parametrize_plus.test_fixture_ref_custom4_tuples" name="test_id_tuple[testID3]" time="0.002" /><testcase classname="tests.pytest_extension.parametrize_plus.test_fixture_ref_custom4_tuples" name="test_id_tuple[testID4]" time="0.002" /><testcase classname="tests.pytest_extension.parametrize_plus.test_fixture_ref_custom4_tuples" name="test_id_tuple[c-1]" time="0.002" /><testcase classname="tests.pytest_extension.parametrize_plus.test_fixture_ref_custom4_tuples" name="test_synthesis" time="0.004" /><testcase classname="tests.pytest_extension.parametrize_plus.test_getcallspecs" name="test_getcallspecs[False]" time="0.001" /><testcase classname="tests.pytest_extension.parametrize_plus.test_getcallspecs" name="test_getcallspecs[True]" time="0.001" /><testcase classname="tests.pytest_extension.parametrize_plus.test_lazy_value" name="test_foo_single[val]" time="0.001" /><testcase classname="tests.pytest_extension.parametrize_plus.test_lazy_value" name="test_foo_single[val_skipped_on_old_pytest]" time="0.000"><skipped message="unconditional skip" type="pytest.skip">/home/runner/work/python-pytest-cases/python-pytest-cases/tests/pytest_extension/parametrize_plus/test_lazy_value.py:51: unconditional skip</skipped></testcase><testcase classname="tests.pytest_extension.parametrize_plus.test_lazy_value" name="test_foo_single[B]" time="0.001" /><testcase classname="tests.pytest_extension.parametrize_plus.test_lazy_value" name="test_foo_single[C]" time="0.001" /><testcase classname="tests.pytest_extension.parametrize_plus.test_lazy_value" name="test_foo_single[A]" time="0.001" /><testcase classname="tests.pytest_extension.parametrize_plus.test_lazy_value" name="test_foo_multi[valtuple]" time="0.001" /><testcase classname="tests.pytest_extension.parametrize_plus.test_lazy_value" name="test_foo_multi[hello]" time="0.001" /><testcase classname="tests.pytest_extension.parametrize_plus.test_lazy_value" name="test_foo_multi[valtuple_toskip]" time="0.000"><skipped message="unconditional skip" type="pytest.skip">/home/runner/work/python-pytest-cases/python-pytest-cases/tests/pytest_extension/parametrize_plus/test_lazy_value.py:73: unconditional skip</skipped></testcase><testcase classname="tests.pytest_extension.parametrize_plus.test_lazy_value" name="test_foo_multi[1-valtuple_toskip]" time="0.000"><skipped message="unconditional skip" type="pytest.skip">/home/runner/work/python-pytest-cases/python-pytest-cases/tests/pytest_extension/parametrize_plus/test_lazy_value.py:73: unconditional skip</skipped></testcase><testcase classname="tests.pytest_extension.parametrize_plus.test_lazy_value" name="test_foo_multi[A]" time="0.001" /><testcase classname="tests.pytest_extension.parametrize_plus.test_lazy_value" name="test_foo_multi[Wrong]" time="0.000"><skipped message="unconditional skip" type="pytest.skip">/home/runner/work/python-pytest-cases/python-pytest-cases/tests/pytest_extension/parametrize_plus/test_lazy_value.py:73: unconditional skip</skipped></testcase><testcase classname="tests.pytest_extension.parametrize_plus.test_lazy_value" name="test_foo_multi[1-val]" time="0.001" /><testcase classname="tests.pytest_extension.parametrize_plus.test_lazy_value" name="test_foo_multi[B]" time="0.001" /><testcase classname="tests.pytest_extension.parametrize_plus.test_lazy_value" name="test_synthesis2" time="0.004" /><testcase classname="tests.pytest_extension.parametrize_plus.test_lazy_value__custom_ids" name="test_foo_single[a=val]" time="0.001" /><testcase classname="tests.pytest_extension.parametrize_plus.test_lazy_value__custom_ids" name="test_foo_single[a=val_skipped_on_old_pytest]" time="0.000"><skipped message="unconditional skip" type="pytest.skip">/home/runner/work/python-pytest-cases/python-pytest-cases/tests/pytest_extension/parametrize_plus/test_lazy_value__custom_ids.py:63: unconditional skip</skipped></testcase><testcase classname="tests.pytest_extension.parametrize_plus.test_lazy_value__custom_ids" name="test_foo_single[B]" time="0.001" /><testcase classname="tests.pytest_extension.parametrize_plus.test_lazy_value__custom_ids" name="test_foo_single[C]" time="0.001" /><testcase classname="tests.pytest_extension.parametrize_plus.test_lazy_value__custom_ids" name="test_foo_single[a=A]" time="0.001" /><testcase classname="tests.pytest_extension.parametrize_plus.test_lazy_value__custom_ids" name="test_foo_multi[a=valtuple[0]-b=valtuple[1]]" time="0.001" /><testcase classname="tests.pytest_extension.parametrize_plus.test_lazy_value__custom_ids" name="test_foo_multi[a=hello[0]-b=hello[1]]" time="0.001" /><testcase classname="tests.pytest_extension.parametrize_plus.test_lazy_value__custom_ids" name="test_foo_multi[a=valtuple_toskip[0]-b=valtuple_toskip[1]]" time="0.000"><skipped message="unconditional skip" type="pytest.skip">/home/runner/work/python-pytest-cases/python-pytest-cases/tests/pytest_extension/parametrize_plus/test_lazy_value__custom_ids.py:85: unconditional skip</skipped></testcase><testcase classname="tests.pytest_extension.parametrize_plus.test_lazy_value__custom_ids" name="test_foo_multi[a=1-b=valtuple_toskip]" time="0.000"><skipped message="unconditional skip" type="pytest.skip">/home/runner/work/python-pytest-cases/python-pytest-cases/tests/pytest_extension/parametrize_plus/test_lazy_value__custom_ids.py:85: unconditional skip</skipped></testcase><testcase classname="tests.pytest_extension.parametrize_plus.test_lazy_value__custom_ids" name="test_foo_multi[A]" time="0.001" /><testcase classname="tests.pytest_extension.parametrize_plus.test_lazy_value__custom_ids" name="test_foo_multi[Wrong]" time="0.000"><skipped message="unconditional skip" type="pytest.skip">/home/runner/work/python-pytest-cases/python-pytest-cases/tests/pytest_extension/parametrize_plus/test_lazy_value__custom_ids.py:85: unconditional skip</skipped></testcase><testcase classname="tests.pytest_extension.parametrize_plus.test_lazy_value__custom_ids" name="test_foo_multi[a=1-b=val]" time="0.001" /><testcase classname="tests.pytest_extension.parametrize_plus.test_lazy_value__custom_ids" name="test_foo_multi[B]" time="0.001" /><testcase classname="tests.pytest_extension.parametrize_plus.test_lazy_value__custom_ids" name="test_synthesis2" time="0.004" /><testcase classname="tests.pytest_extension.parametrize_plus.test_lazy_value_and_fixture_ref" name="test_foo_single[val]" time="0.002" /><testcase classname="tests.pytest_extension.parametrize_plus.test_lazy_value_and_fixture_ref" name="test_foo_single[bfix-5]" time="0.002" /><testcase classname="tests.pytest_extension.parametrize_plus.test_lazy_value_and_fixture_ref" name="test_foo_single[bfix-7]" time="0.002" /><testcase classname="tests.pytest_extension.parametrize_plus.test_lazy_value_and_fixture_ref" name="test_foo_single[B]" time="0.001" /><testcase classname="tests.pytest_extension.parametrize_plus.test_lazy_value_and_fixture_ref" name="test_foo_single[C]" time="0.001" /><testcase classname="tests.pytest_extension.parametrize_plus.test_lazy_value_and_fixture_ref" name="test_foo_single[A]" time="0.001" /><testcase classname="tests.pytest_extension.parametrize_plus.test_lazy_value_and_fixture_ref" name="test_synthesis2" time="0.004" /><testcase classname="tests.pytest_extension.parametrize_plus.test_lazy_value_and_fixture_ref2" name="test_foo_multi[valtuple]" time="0.002" /><testcase classname="tests.pytest_extension.parametrize_plus.test_lazy_value_and_fixture_ref2" name="test_foo_multi[A]" time="0.002" /><testcase classname="tests.pytest_extension.parametrize_plus.test_lazy_value_and_fixture_ref2" name="test_foo_multi[Wrong]" time="0.000"><skipped message="unconditional skip" type="pytest.skip">/home/runner/work/python-pytest-cases/python-pytest-cases/tests/pytest_extension/parametrize_plus/test_lazy_value_and_fixture_ref2.py:75: unconditional skip</skipped></testcase><testcase classname="tests.pytest_extension.parametrize_plus.test_lazy_value_and_fixture_ref2" name="test_foo_multi[tfix-13]" time="0.003" /><testcase classname="tests.pytest_extension.parametrize_plus.test_lazy_value_and_fixture_ref2" name="test_foo_multi[tfix-11]" time="0.002" /><testcase classname="tests.pytest_extension.parametrize_plus.test_lazy_value_and_fixture_ref2" name="test_foo_multi[vfix-val-5]" time="0.002" /><testcase classname="tests.pytest_extension.parametrize_plus.test_lazy_value_and_fixture_ref2" name="test_foo_multi[vfix-val-7]" time="0.002" /><testcase classname="tests.pytest_extension.parametrize_plus.test_lazy_value_and_fixture_ref2" name="test_foo_multi[B-5]" time="0.002" /><testcase classname="tests.pytest_extension.parametrize_plus.test_lazy_value_and_fixture_ref2" name="test_foo_multi[B-7]" time="0.002" /><testcase classname="tests.pytest_extension.parametrize_plus.test_lazy_value_and_fixture_ref2" name="test_foo_multi[vfix-vfix-5]" time="0.002" /><testcase classname="tests.pytest_extension.parametrize_plus.test_lazy_value_and_fixture_ref2" name="test_foo_multi[vfix-vfix-7]" time="0.002" /><testcase classname="tests.pytest_extension.parametrize_plus.test_lazy_value_and_fixture_ref2" name="test_synthesis2" time="0.005" /><testcase classname="tests.pytest_extension.parametrize_plus.test_lazy_value_and_fixture_ref3" name="test_foo_multi[valtuple]" time="0.002" /><testcase classname="tests.pytest_extension.parametrize_plus.test_lazy_value_and_fixture_ref3" name="test_foo_multi[A]" time="0.002" /><testcase classname="tests.pytest_extension.parametrize_plus.test_lazy_value_and_fixture_ref3" name="test_foo_multi[Wrong]" time="0.000"><skipped message="unconditional skip" type="pytest.skip">/home/runner/work/python-pytest-cases/python-pytest-cases/tests/pytest_extension/parametrize_plus/test_lazy_value_and_fixture_ref3.py:75: unconditional skip</skipped></testcase><testcase classname="tests.pytest_extension.parametrize_plus.test_lazy_value_and_fixture_ref3" name="test_foo_multi[tfix-val]" time="0.002" /><testcase classname="tests.pytest_extension.parametrize_plus.test_lazy_value_and_fixture_ref3" name="test_foo_multi[tfix-11]" time="0.002" /><testcase classname="tests.pytest_extension.parametrize_plus.test_lazy_value_and_fixture_ref3" name="test_foo_multi[vfix-val-5]" time="0.002" /><testcase classname="tests.pytest_extension.parametrize_plus.test_lazy_value_and_fixture_ref3" name="test_foo_multi[vfix-val-val]" time="0.002" /><testcase classname="tests.pytest_extension.parametrize_plus.test_lazy_value_and_fixture_ref3" name="test_foo_multi[B-5]" time="0.002" /><testcase classname="tests.pytest_extension.parametrize_plus.test_lazy_value_and_fixture_ref3" name="test_foo_multi[B-val]" time="0.002" /><testcase classname="tests.pytest_extension.parametrize_plus.test_lazy_value_and_fixture_ref3" name="test_foo_multi[vfix-vfix-5]" time="0.002" /><testcase classname="tests.pytest_extension.parametrize_plus.test_lazy_value_and_fixture_ref3" name="test_foo_multi[vfix-vfix-val]" time="0.002" /><testcase classname="tests.pytest_extension.parametrize_plus.test_lazy_value_and_fixture_ref3" name="test_synthesis2" time="0.004" /><testcase classname="tests.pytest_extension.parametrize_plus.test_lazy_value_low_level" name="test_value_ref" time="0.001" /><testcase classname="tests.pytest_extension.parametrize_plus.test_lazy_value_low_level" name="test_lv_clone" time="0.001" /><testcase classname="tests.pytest_extension.parametrize_plus.test_lazy_value_low_level" name="test_lv_tuple_clone" time="0.001" /><testcase classname="tests.pytest_extension.parametrize_plus.test_lazy_value_so" name="test_foo[get_param(0)]" time="0.001" /><testcase classname="tests.pytest_extension.parametrize_plus.test_lazy_value_so" name="test_foo[get_param(1)]" time="0.001" /><testcase classname="tests.pytest_extension.parametrize_plus.test_lazy_value_so" name="test_foo[get_param(2)]" time="0.001" /><testcase classname="tests.pytest_extension.parametrize_plus.test_lazy_value_so" name="test_foo[get_param(3)]" time="0.001" /><testcase classname="tests.pytest_extension.parametrize_plus.test_lazy_value_so" name="test_foo[get_param(4)]" time="0.001" /><testcase classname="tests.pytest_extension.parametrize_plus.test_lazy_value_so" name="test_foo[get_param(5)]" time="0.001" /><testcase classname="tests.pytest_extension.parametrize_plus.test_lazy_value_so" name="test_foo[get_param(6)]" time="0.001" /><testcase classname="tests.pytest_extension.parametrize_plus.test_lazy_value_so" name="test_foo[get_param(7)]" time="0.001" /><testcase classname="tests.pytest_extension.parametrize_plus.test_lazy_value_so" name="test_foo[get_param(8)]" time="0.001" /><testcase classname="tests.pytest_extension.parametrize_plus.test_lazy_value_so" name="test_foo[get_param(9)]" time="0.001" /><testcase classname="tests.pytest_extension.parametrize_plus.test_parametrizing_a_class.TestFoo" name="test_foo[foo=bar]" time="0.001" /><testcase classname="tests.pytest_extension.parametrize_plus.test_parametrizing_a_class" name="test_synthesis" time="0.004" /><testcase classname="tests.pytest_extension.parametrize_plus.test_parametrizing_a_class" name="test_fixture_refs_are_not_supported_when_decorating_classes" time="0.001" /><testcase classname="tests.pytest_extension.parametrize_plus.test_so2" name="test_databases[data_from_datasetA-idx=0]" time="0.002" /><testcase classname="tests.pytest_extension.parametrize_plus.test_so2" name="test_databases[data_from_datasetB-idx=0]" time="0.001" /><testcase classname="tests.pytest_extension.parametrize_plus.test_so2" name="test_databases[data_from_datasetB-idx=1]" time="0.001" /><testcase classname="tests.pytest_extension.parametrize_plus.test_so2" name="test_databases[data_from_datasetB-idx=2]" time="0.001" /><testcase classname="tests.pytest_extension.parametrize_plus.test_so2" name="test_databases[data_from_datasetA-idx=1]" time="0.001" /><testcase classname="tests.pytest_extension.parametrize_plus.test_so2" name="test_databases[data_from_datasetA-idx=2]" time="0.002" /><testcase classname="tests.pytest_extension.parametrize_plus.test_so2_dynamic" name="test_databases[data_from_DA-idx=0]" time="0.002" /><testcase classname="tests.pytest_extension.parametrize_plus.test_so2_dynamic" name="test_databases[data_from_DB-idx=0]" time="0.001" /><testcase classname="tests.pytest_extension.parametrize_plus.test_so2_dynamic" name="test_databases[data_from_DB-idx=1]" time="0.001" /><testcase classname="tests.pytest_extension.parametrize_plus.test_so2_dynamic" name="test_databases[data_from_DA-idx=1]" time="0.001" /><testcase classname="tests.pytest_extension.parametrize_plus.test_so2_dynamic" name="test_databases[data_from_DA-idx=2]" time="0.002" /><testcase classname="tests.pytest_extension.parametrize_plus.test_so2_new" name="test_data[from_A-idx=0]" time="0.002" /><testcase classname="tests.pytest_extension.parametrize_plus.test_so2_new" name="test_data[from_A-idx=1]" time="0.001" /><testcase classname="tests.pytest_extension.parametrize_plus.test_so2_new" name="test_data[from_A-idx=2]" time="0.001" /><testcase classname="tests.pytest_extension.parametrize_plus.test_so2_new" name="test_data[from_B-idx=0]" time="0.001" /><testcase classname="tests.pytest_extension.parametrize_plus.test_so2_new" name="test_data[from_B-idx=1]" time="0.002" /><testcase classname="tests.pytest_extension.parametrize_plus.test_so2_simplified" name="test_databases[data_from_datasetA-idx=0]" time="0.001" /><testcase classname="tests.pytest_extension.parametrize_plus.test_so2_simplified" name="test_databases[data_from_datasetB-idx=0]" time="0.001" /><testcase classname="tests.pytest_extension.parametrize_plus.test_so2_simplified" name="test_databases[data_from_datasetB-idx=1]" time="0.001" /><testcase classname="tests.pytest_extension.parametrize_plus.test_so2_simplified" name="test_databases[data_from_datasetA-idx=1]" time="0.001" /><testcase classname="tests.pytest_extension.parametrize_plus.test_so2_simplified" name="test_databases[data_from_datasetA-idx=2]" time="0.047" /></testsuite></testsuites>